<?xml version="1.0" encoding="UTF-8"?>
<?xml-stylesheet type="text/xsl" href="ivy-report.xsl"?>
<ivy-report version="1.0">
	<info
		organisation="hssy"
		module="hssy_2.10"
		revision="1.0"
		conf="test-internal"
		confs="compile, runtime, test, provided, optional, compile-internal, runtime-internal, test-internal, plugin, sources, docs, pom"
		date="20170105222921"/>
	<dependencies>
		<module organisation="play" name="play-test_2.10">
			<revision name="2.1.1" status="release" pubdate="20130402201141" resolver="local" artresolver="local" downloaded="false" searched="false" default="false" conf="default(compile), compile" position="120">
				<metadata-artifact status="no" details="" size="2243" time="0" location="D:\play-2.1.1\framework\.\..\repository\cache\play\play-test_2.10\ivy-2.1.1.xml" searched="false" origin-is-local="true" origin-location="D:\play-2.1.1\repository\local\play\play-test_2.10\2.1.1\ivys\ivy.xml"/>
				<caller organisation="hssy" name="hssy_2.10" conf="test-internal, test, optional, compile, provided, runtime" rev="2.1.1" rev-constraint-default="2.1.1" rev-constraint-dynamic="2.1.1" callerrev="1.0"/>
				<artifacts>
					<artifact name="play-test_2.10" type="jar" ext="jar" status="no" details="" size="132144" time="0" location="D:\play-2.1.1\repository\local\play\play-test_2.10\2.1.1\jars\play-test_2.10.jar">
						<origin-location is-local="true" location="D:\play-2.1.1\repository\local\play\play-test_2.10\2.1.1\jars\play-test_2.10.jar"/>
					</artifact>
				</artifacts>
			</revision>
		</module>
		<module organisation="junit" name="junit-dep">
			<revision name="4.10" status="release" pubdate="20110930051235" resolver="local" artresolver="local" homepage="http://junit.org" downloaded="false" searched="false" default="false" conf="default(compile), default, compile, runtime, master, master(*), compile(*), runtime(*)" position="121">
				<license name="Common Public License Version 1.0" url="http://www.opensource.org/licenses/cpl1.0.txt"/>
				<metadata-artifact status="no" details="" size="2764" time="0" location="D:\play-2.1.1\framework\.\..\repository\cache\junit\junit-dep\ivy-4.10.xml" searched="false" origin-is-local="true" origin-location="D:\play-2.1.1\repository\local\junit\junit-dep\4.10\ivys\ivy.xml"/>
				<caller organisation="org.fluentlenium" name="fluentlenium-core" conf="compile, runtime" rev="4.8.2" rev-constraint-default="4.8.2" rev-constraint-dynamic="4.8.2" callerrev="0.7.3"/>
				<caller organisation="play" name="play-test_2.10" conf="compile" rev="4.10" rev-constraint-default="4.10" rev-constraint-dynamic="4.10" callerrev="2.1.1"/>
				<caller organisation="com.novocode" name="junit-interface" conf="default, compile, runtime, master" rev="4.8.2" rev-constraint-default="4.8.2" rev-constraint-dynamic="4.8.2" callerrev="0.9"/>
				<artifacts>
					<artifact name="junit-dep" type="jar" ext="jar" status="no" details="" size="234088" time="0" location="D:\play-2.1.1\repository\local\junit\junit-dep\4.10\jars\junit-dep.jar">
						<origin-location is-local="true" location="D:\play-2.1.1\repository\local\junit\junit-dep\4.10\jars\junit-dep.jar"/>
					</artifact>
				</artifacts>
			</revision>
			<revision name="4.8.2" evicted="latest-revision" evicted-reason="" downloaded="false" searched="false" conf="default(compile), compile, master(*), runtime, compile(*), runtime(*), master" position="-1">
				<evicted-by rev="4.10"/>
				<caller organisation="org.fluentlenium" name="fluentlenium-core" conf="compile, runtime" rev="4.8.2" rev-constraint-default="4.8.2" rev-constraint-dynamic="4.8.2" callerrev="0.7.3"/>
				<caller organisation="play" name="play-test_2.10" conf="compile" rev="4.8.2" rev-constraint-default="4.8.2" rev-constraint-dynamic="4.10" callerrev="2.1.1"/>
				<caller organisation="com.novocode" name="junit-interface" conf="default, compile, runtime, master" rev="4.8.2" rev-constraint-default="4.8.2" rev-constraint-dynamic="4.8.2" callerrev="0.9"/>
				<artifacts>
				</artifacts>
			</revision>
		</module>
		<module organisation="org.jdom" name="jdom">
			<revision name="2.0.1" status="release" pubdate="20120428112856" resolver="public" artresolver="public" homepage="http://www.jdom.org" downloaded="false" searched="false" default="false" conf="default(compile), default, compile, runtime, master" position="119">
				<license name="Similar to Apache License but with the acknowledgment clause removed" url="https://raw.github.com/hunterhacker/jdom/master/LICENSE.txt"/>
				<metadata-artifact status="no" details="" size="2905" time="0" location="D:\play-2.1.1\framework\.\..\repository\cache\org.jdom\jdom\ivy-2.0.1.xml" searched="false" origin-is-local="false" origin-location="http://repo1.maven.org/maven2/org/jdom/jdom/2.0.1/jdom-2.0.1.pom"/>
				<caller organisation="hssy" name="hssy_2.10" conf="test-internal, test, optional, compile, provided, runtime" rev="2.0.1" rev-constraint-default="2.0.1" rev-constraint-dynamic="2.0.1" callerrev="1.0"/>
				<artifacts>
					<artifact name="jdom" type="jar" ext="jar" status="no" details="" size="295239" time="0" location="D:\play-2.1.1\framework\.\..\repository\cache\org.jdom\jdom\jars\jdom-2.0.1.jar">
						<origin-location is-local="false" location="http://repo1.maven.org/maven2/org/jdom/jdom/2.0.1/jdom-2.0.1.jar"/>
					</artifact>
				</artifacts>
			</revision>
		</module>
		<module organisation="com.sun.xml.bind" name="jaxb-impl">
			<revision name="2.2.7" status="release" pubdate="20140910162700" resolver="Typesafe Releases Repository" artresolver="Typesafe Releases Repository" homepage="http://jaxb.java.net/" downloaded="false" searched="false" default="false" conf="default(compile), default, compile, runtime, master" position="115">
				<license name="CDDL 1.1" url="https://glassfish.java.net/public/CDDL+GPL_1_1.html"/>
				<license name="GPL2 w/ CPE" url="https://glassfish.java.net/public/CDDL+GPL_1_1.html"/>
				<metadata-artifact status="no" details="" size="3188" time="0" location="D:\play-2.1.1\framework\.\..\repository\cache\com.sun.xml.bind\jaxb-impl\ivy-2.2.7.xml" searched="false" origin-is-local="false" origin-location="http://repo.typesafe.com/typesafe/releases/com/sun/xml/bind/jaxb-impl/2.2.7/jaxb-impl-2.2.7.pom"/>
				<caller organisation="hssy" name="hssy_2.10" conf="test-internal, test, optional, compile, provided, runtime" rev="2.2.7" rev-constraint-default="2.2.7" rev-constraint-dynamic="2.2.7" callerrev="1.0"/>
				<artifacts>
					<artifact name="jaxb-impl" type="jar" ext="jar" status="no" details="" size="919968" time="0" location="D:\play-2.1.1\framework\.\..\repository\cache\com.sun.xml.bind\jaxb-impl\jars\jaxb-impl-2.2.7.jar">
						<origin-location is-local="false" location="http://repo.typesafe.com/typesafe/releases/com/sun/xml/bind/jaxb-impl/2.2.7/jaxb-impl-2.2.7.jar"/>
					</artifact>
				</artifacts>
			</revision>
		</module>
		<module organisation="com.sun.xml.bind" name="jaxb-core">
			<revision name="2.2.7" status="release" pubdate="20140910162706" resolver="Typesafe Releases Repository" artresolver="Typesafe Releases Repository" homepage="http://jaxb.java.net/" downloaded="false" searched="false" default="false" conf="compile, master(*), runtime, compile(*), runtime(*), master" position="116">
				<license name="CDDL 1.1" url="https://glassfish.java.net/public/CDDL+GPL_1_1.html"/>
				<license name="GPL2 w/ CPE" url="https://glassfish.java.net/public/CDDL+GPL_1_1.html"/>
				<metadata-artifact status="no" details="" size="3200" time="0" location="D:\play-2.1.1\framework\.\..\repository\cache\com.sun.xml.bind\jaxb-core\ivy-2.2.7.xml" searched="false" origin-is-local="false" origin-location="http://repo.typesafe.com/typesafe/releases/com/sun/xml/bind/jaxb-core/2.2.7/jaxb-core-2.2.7.pom"/>
				<caller organisation="com.sun.xml.bind" name="jaxb-impl" conf="default, compile, runtime, master" rev="2.2.7" rev-constraint-default="2.2.7" rev-constraint-dynamic="2.2.7" callerrev="2.2.7"/>
				<artifacts>
					<artifact name="jaxb-core" type="jar" ext="jar" status="no" details="" size="221747" time="0" location="D:\play-2.1.1\framework\.\..\repository\cache\com.sun.xml.bind\jaxb-core\jars\jaxb-core-2.2.7.jar">
						<origin-location is-local="false" location="http://repo.typesafe.com/typesafe/releases/com/sun/xml/bind/jaxb-core/2.2.7/jaxb-core-2.2.7.jar"/>
					</artifact>
				</artifacts>
			</revision>
		</module>
		<module organisation="com.sun.istack" name="istack-commons-runtime">
			<revision name="2.16" status="release" pubdate="20140910162716" resolver="Typesafe Releases Repository" artresolver="Typesafe Releases Repository" homepage="" downloaded="false" searched="false" default="false" conf="compile, master(*), runtime, compile(*), runtime(*), master" position="118">
				<metadata-artifact status="no" details="" size="3709" time="0" location="D:\play-2.1.1\framework\.\..\repository\cache\com.sun.istack\istack-commons-runtime\ivy-2.16.xml" searched="false" origin-is-local="false" origin-location="http://repo.typesafe.com/typesafe/releases/com/sun/istack/istack-commons-runtime/2.16/istack-commons-runtime-2.16.pom"/>
				<caller organisation="com.sun.xml.bind" name="jaxb-core" conf="compile, runtime" rev="2.16" rev-constraint-default="2.16" rev-constraint-dynamic="2.16" callerrev="2.2.7"/>
				<artifacts>
					<artifact name="istack-commons-runtime" type="jar" ext="jar" status="no" details="" size="23188" time="0" location="D:\play-2.1.1\framework\.\..\repository\cache\com.sun.istack\istack-commons-runtime\jars\istack-commons-runtime-2.16.jar">
						<origin-location is-local="false" location="http://repo.typesafe.com/typesafe/releases/com/sun/istack/istack-commons-runtime/2.16/istack-commons-runtime-2.16.jar"/>
					</artifact>
				</artifacts>
			</revision>
		</module>
		<module organisation="javax.xml.bind" name="jaxb-api">
			<revision name="2.2.7" status="release" pubdate="20140910162711" resolver="Typesafe Releases Repository" artresolver="Typesafe Releases Repository" homepage="http://jaxb.java.net/" downloaded="false" searched="false" default="false" conf="compile, master(*), runtime, compile(*), runtime(*), master" position="117">
				<license name="CDDL 1.1" url="https://glassfish.java.net/public/CDDL+GPL_1_1.html"/>
				<license name="GPL2 w/ CPE" url="https://glassfish.java.net/public/CDDL+GPL_1_1.html"/>
				<metadata-artifact status="no" details="" size="3184" time="0" location="D:\play-2.1.1\framework\.\..\repository\cache\javax.xml.bind\jaxb-api\ivy-2.2.7.xml" searched="false" origin-is-local="false" origin-location="http://repo.typesafe.com/typesafe/releases/javax/xml/bind/jaxb-api/2.2.7/jaxb-api-2.2.7.pom"/>
				<caller organisation="com.sun.xml.bind" name="jaxb-core" conf="compile, runtime" rev="2.2.7" rev-constraint-default="2.2.7" rev-constraint-dynamic="2.2.7" callerrev="2.2.7"/>
				<artifacts>
					<artifact name="jaxb-api" type="jar" ext="jar" status="no" details="" size="100146" time="0" location="D:\play-2.1.1\framework\.\..\repository\cache\javax.xml.bind\jaxb-api\jars\jaxb-api-2.2.7.jar">
						<origin-location is-local="false" location="http://repo.typesafe.com/typesafe/releases/javax/xml/bind/jaxb-api/2.2.7/jaxb-api-2.2.7.jar"/>
					</artifact>
				</artifacts>
			</revision>
		</module>
		<module organisation="com.sun.xml.fastinfoset" name="FastInfoset">
			<revision name="1.2.12" status="release" pubdate="20140910162728" resolver="Typesafe Releases Repository" artresolver="Typesafe Releases Repository" homepage="http://fi.java.net" downloaded="false" searched="false" default="false" conf="default(compile), default, compile, master(*), compile(*), runtime, runtime(*), master" position="113">
				<metadata-artifact status="no" details="" size="3679" time="0" location="D:\play-2.1.1\framework\.\..\repository\cache\com.sun.xml.fastinfoset\FastInfoset\ivy-1.2.12.xml" searched="false" origin-is-local="false" origin-location="http://repo.typesafe.com/typesafe/releases/com/sun/xml/fastinfoset/FastInfoset/1.2.12/FastInfoset-1.2.12.pom"/>
				<caller organisation="com.sun.xml.bind" name="jaxb-impl" conf="default, compile, runtime, master" rev="1.2.12" rev-constraint-default="1.2.12" rev-constraint-dynamic="1.2.12" callerrev="2.2.7"/>
				<caller organisation="hssy" name="hssy_2.10" conf="test-internal, test, optional, compile, provided, runtime" rev="1.2.12" rev-constraint-default="1.2.12" rev-constraint-dynamic="1.2.12" callerrev="1.0"/>
				<artifacts>
					<artifact name="FastInfoset" type="jar" ext="jar" status="no" details="" size="293863" time="0" location="D:\play-2.1.1\framework\.\..\repository\cache\com.sun.xml.fastinfoset\FastInfoset\jars\FastInfoset-1.2.12.jar">
						<origin-location is-local="false" location="http://repo.typesafe.com/typesafe/releases/com/sun/xml/fastinfoset/FastInfoset/1.2.12/FastInfoset-1.2.12.jar"/>
					</artifact>
				</artifacts>
			</revision>
		</module>
		<module organisation="javax.xml.bind" name="jsr173_api">
			<revision name="1.0" status="release" pubdate="20140910162739" resolver="Typesafe Releases Repository" artresolver="Typesafe Releases Repository" homepage="" downloaded="false" searched="false" default="false" conf="compile, master(*), runtime, compile(*), runtime(*), master" position="114">
				<metadata-artifact status="no" details="" size="2219" time="0" location="D:\play-2.1.1\framework\.\..\repository\cache\javax.xml.bind\jsr173_api\ivy-1.0.xml" searched="false" origin-is-local="false" origin-location="http://repo.typesafe.com/typesafe/releases/javax/xml/bind/jsr173_api/1.0/jsr173_api-1.0.pom"/>
				<caller organisation="com.sun.xml.fastinfoset" name="FastInfoset" conf="default, compile, runtime, master" rev="1.0" rev-constraint-default="1.0" rev-constraint-dynamic="1.0" callerrev="1.2.12"/>
				<artifacts>
					<artifact name="jsr173_api" type="jar" ext="jar" status="no" details="" size="49672" time="0" location="D:\play-2.1.1\framework\.\..\repository\cache\javax.xml.bind\jsr173_api\jars\jsr173_api-1.0.jar">
						<origin-location is-local="false" location="http://repo.typesafe.com/typesafe/releases/javax/xml/bind/jsr173_api/1.0/jsr173_api-1.0.jar"/>
					</artifact>
				</artifacts>
			</revision>
		</module>
		<module organisation="com.mchange" name="c3p0">
			<revision name="0.9.2.1" status="release" pubdate="20141231222936" resolver="Typesafe Releases Repository" artresolver="Typesafe Releases Repository" homepage="https://github.com/swaldman/c3p0" downloaded="false" searched="false" default="false" conf="default(compile), default, compile, runtime, master" position="111">
				<license name="GNU Lesser General Public License, Version 2.1" url="http://www.gnu.org/licenses/lgpl-2.1.html"/>
				<license name="Eclipse Public License, Version 1.0" url="http://www.eclipse.org/org/documents/epl-v10.php"/>
				<metadata-artifact status="no" details="" size="2725" time="0" location="D:\play-2.1.1\framework\.\..\repository\cache\com.mchange\c3p0\ivy-0.9.2.1.xml" searched="false" origin-is-local="false" origin-location="http://repo.typesafe.com/typesafe/releases/com/mchange/c3p0/0.9.2.1/c3p0-0.9.2.1.pom"/>
				<caller organisation="hssy" name="hssy_2.10" conf="test-internal, test, optional, compile, provided, runtime" rev="0.9.2.1" rev-constraint-default="0.9.2.1" rev-constraint-dynamic="0.9.2.1" callerrev="1.0"/>
				<artifacts>
					<artifact name="c3p0" type="jar" ext="jar" status="no" details="" size="423876" time="0" location="D:\play-2.1.1\framework\.\..\repository\cache\com.mchange\c3p0\jars\c3p0-0.9.2.1.jar">
						<origin-location is-local="false" location="http://repo.typesafe.com/typesafe/releases/com/mchange/c3p0/0.9.2.1/c3p0-0.9.2.1.jar"/>
					</artifact>
				</artifacts>
			</revision>
		</module>
		<module organisation="com.mchange" name="mchange-commons-java">
			<revision name="0.2.3.4" status="release" pubdate="20141231222942" resolver="Typesafe Releases Repository" artresolver="Typesafe Releases Repository" homepage="https://github.com/swaldman/mchange-commons-java" downloaded="false" searched="false" default="false" conf="compile, master(*), runtime, compile(*), runtime(*), master" position="112">
				<license name="GNU Lesser General Public License, Version 2.1" url="http://www.gnu.org/licenses/lgpl-2.1.html"/>
				<license name="Eclipse Public License, Version 1.0" url="http://www.eclipse.org/org/documents/epl-v10.php"/>
				<metadata-artifact status="no" details="" size="2582" time="0" location="D:\play-2.1.1\framework\.\..\repository\cache\com.mchange\mchange-commons-java\ivy-0.2.3.4.xml" searched="false" origin-is-local="false" origin-location="http://repo.typesafe.com/typesafe/releases/com/mchange/mchange-commons-java/0.2.3.4/mchange-commons-java-0.2.3.4.pom"/>
				<caller organisation="com.mchange" name="c3p0" conf="default, compile, runtime, master" rev="0.2.3.4" rev-constraint-default="0.2.3.4" rev-constraint-dynamic="0.2.3.4" callerrev="0.9.2.1"/>
				<artifacts>
					<artifact name="mchange-commons-java" type="jar" ext="jar" status="no" details="" size="581295" time="0" location="D:\play-2.1.1\framework\.\..\repository\cache\com.mchange\mchange-commons-java\jars\mchange-commons-java-0.2.3.4.jar">
						<origin-location is-local="false" location="http://repo.typesafe.com/typesafe/releases/com/mchange/mchange-commons-java/0.2.3.4/mchange-commons-java-0.2.3.4.jar"/>
					</artifact>
				</artifacts>
			</revision>
		</module>
		<module organisation="org.apache.axis2" name="axis2-transport-http">
			<revision name="1.6.2" status="release" pubdate="20140604143433" resolver="Typesafe Releases Repository" artresolver="Typesafe Releases Repository" homepage="http://axis.apache.org/axis2/java/core/" downloaded="false" searched="false" default="false" conf="default(compile), default, compile, runtime, master" position="109">
				<metadata-artifact status="no" details="" size="27762" time="0" location="D:\play-2.1.1\framework\.\..\repository\cache\org.apache.axis2\axis2-transport-http\ivy-1.6.2.xml" searched="false" origin-is-local="false" origin-location="http://repo.typesafe.com/typesafe/releases/org/apache/axis2/axis2-transport-http/1.6.2/axis2-transport-http-1.6.2.pom"/>
				<caller organisation="hssy" name="hssy_2.10" conf="test-internal, test, optional, compile, provided, runtime" rev="1.6.2" rev-constraint-default="1.6.2" rev-constraint-dynamic="1.6.2" callerrev="1.0"/>
				<artifacts>
					<artifact name="axis2-transport-http" type="bundle" ext="jar" status="no" details="" size="152926" time="0" location="D:\play-2.1.1\framework\.\..\repository\cache\org.apache.axis2\axis2-transport-http\bundles\axis2-transport-http-1.6.2.jar">
						<origin-location is-local="false" location="http://repo.typesafe.com/typesafe/releases/org/apache/axis2/axis2-transport-http/1.6.2/axis2-transport-http-1.6.2.jar"/>
					</artifact>
				</artifacts>
			</revision>
		</module>
		<module organisation="org.apache.axis2" name="axis2-transport-local">
			<revision name="1.6.2" status="release" pubdate="20140604143431" resolver="Typesafe Releases Repository" artresolver="Typesafe Releases Repository" homepage="http://axis.apache.org/axis2/java/core/" downloaded="false" searched="false" default="false" conf="default(compile), default, compile, runtime, master" position="108">
				<metadata-artifact status="no" details="" size="27517" time="0" location="D:\play-2.1.1\framework\.\..\repository\cache\org.apache.axis2\axis2-transport-local\ivy-1.6.2.xml" searched="false" origin-is-local="false" origin-location="http://repo.typesafe.com/typesafe/releases/org/apache/axis2/axis2-transport-local/1.6.2/axis2-transport-local-1.6.2.pom"/>
				<caller organisation="hssy" name="hssy_2.10" conf="test-internal, test, optional, compile, provided, runtime" rev="1.6.2" rev-constraint-default="1.6.2" rev-constraint-dynamic="1.6.2" callerrev="1.0"/>
				<artifacts>
					<artifact name="axis2-transport-local" type="bundle" ext="jar" status="no" details="" size="16117" time="0" location="D:\play-2.1.1\framework\.\..\repository\cache\org.apache.axis2\axis2-transport-local\bundles\axis2-transport-local-1.6.2.jar">
						<origin-location is-local="false" location="http://repo.typesafe.com/typesafe/releases/org/apache/axis2/axis2-transport-local/1.6.2/axis2-transport-local-1.6.2.jar"/>
					</artifact>
				</artifacts>
			</revision>
		</module>
		<module organisation="jaxen" name="jaxen">
			<revision name="1.1.1" status="release" pubdate="20140604143326" resolver="Typesafe Releases Repository" artresolver="Typesafe Releases Repository" homepage="http://jaxen.codehaus.org/" downloaded="false" searched="false" default="false" conf="compile, master(*), runtime, compile(*), runtime(*), master" position="91">
				<metadata-artifact status="no" details="" size="3104" time="0" location="D:\play-2.1.1\framework\.\..\repository\cache\jaxen\jaxen\ivy-1.1.1.xml" searched="false" origin-is-local="false" origin-location="http://repo.typesafe.com/typesafe/releases/jaxen/jaxen/1.1.1/jaxen-1.1.1.pom"/>
				<caller organisation="org.apache.ws.commons.axiom" name="axiom-api" conf="compile, runtime" rev="1.1.1" rev-constraint-default="1.1.1" rev-constraint-dynamic="1.1.3" callerrev="1.2.13"/>
				<artifacts>
					<artifact name="jaxen" type="jar" ext="jar" status="no" details="" size="226915" time="0" location="D:\play-2.1.1\framework\.\..\repository\cache\jaxen\jaxen\jars\jaxen-1.1.1.jar">
						<origin-location is-local="false" location="http://repo.typesafe.com/typesafe/releases/jaxen/jaxen/1.1.1/jaxen-1.1.1.jar"/>
					</artifact>
				</artifacts>
			</revision>
		</module>
		<module organisation="org.apache.geronimo.specs" name="geronimo-javamail_1.4_spec">
			<revision name="1.6" status="release" pubdate="20140604143304" resolver="Typesafe Releases Repository" artresolver="Typesafe Releases Repository" homepage="http://geronimo.apache.org/maven/${siteId}/${version}" downloaded="false" searched="false" default="false" conf="compile, master(*), runtime, compile(*), runtime(*), master" position="90">
				<metadata-artifact status="no" details="" size="8991" time="0" location="D:\play-2.1.1\framework\.\..\repository\cache\org.apache.geronimo.specs\geronimo-javamail_1.4_spec\ivy-1.6.xml" searched="false" origin-is-local="false" origin-location="http://repo.typesafe.com/typesafe/releases/org/apache/geronimo/specs/geronimo-javamail_1.4_spec/1.6/geronimo-javamail_1.4_spec-1.6.pom"/>
				<caller organisation="org.apache.ws.commons.axiom" name="axiom-impl" conf="compile, runtime" rev="1.6" rev-constraint-default="1.6" rev-constraint-dynamic="1.7.1" callerrev="1.2.13"/>
				<caller organisation="org.apache.ws.commons.axiom" name="axiom-api" conf="compile, runtime" rev="1.6" rev-constraint-default="1.6" rev-constraint-dynamic="1.7.1" callerrev="1.2.13"/>
				<artifacts>
					<artifact name="geronimo-javamail_1.4_spec" type="bundle" ext="jar" status="no" details="" size="204953" time="0" location="D:\play-2.1.1\framework\.\..\repository\cache\org.apache.geronimo.specs\geronimo-javamail_1.4_spec\bundles\geronimo-javamail_1.4_spec-1.6.jar">
						<origin-location is-local="false" location="http://repo.typesafe.com/typesafe/releases/org/apache/geronimo/specs/geronimo-javamail_1.4_spec/1.6/geronimo-javamail_1.4_spec-1.6.jar"/>
					</artifact>
				</artifacts>
			</revision>
		</module>
		<module organisation="org.apache.axis2" name="axis2-adb">
			<revision name="1.6.2" status="release" pubdate="20120417200143" resolver="public" artresolver="public" homepage="http://axis.apache.org/axis2/java/core/" downloaded="false" searched="false" default="false" conf="default(compile), default, compile, runtime, master" position="86">
				<metadata-artifact status="no" details="" size="27853" time="0" location="D:\play-2.1.1\framework\.\..\repository\cache\org.apache.axis2\axis2-adb\ivy-1.6.2.xml" searched="false" origin-is-local="false" origin-location="http://repo1.maven.org/maven2/org/apache/axis2/axis2-adb/1.6.2/axis2-adb-1.6.2.pom"/>
				<caller organisation="hssy" name="hssy_2.10" conf="test-internal, test, optional, compile, provided, runtime" rev="1.6.2" rev-constraint-default="1.6.2" rev-constraint-dynamic="1.6.2" callerrev="1.0"/>
				<artifacts>
					<artifact name="axis2-adb" type="jar" ext="jar" status="no" details="" size="688884" time="0" location="D:\play-2.1.1\framework\.\..\repository\cache\org.apache.axis2\axis2-adb\jars\axis2-adb-1.6.2.jar">
						<origin-location is-local="false" location="http://repo1.maven.org/maven2/org/apache/axis2/axis2-adb/1.6.2/axis2-adb-1.6.2.jar"/>
					</artifact>
				</artifacts>
			</revision>
		</module>
		<module organisation="org.apache.geronimo.specs" name="geronimo-activation_1.1_spec">
			<revision name="1.0.2" status="release" pubdate="20140604143237" resolver="Typesafe Releases Repository" artresolver="Typesafe Releases Repository" homepage="" downloaded="false" searched="false" default="false" conf="compile, master(*), runtime, compile(*), runtime(*), master" position="89">
				<metadata-artifact status="no" details="" size="7077" time="0" location="D:\play-2.1.1\framework\.\..\repository\cache\org.apache.geronimo.specs\geronimo-activation_1.1_spec\ivy-1.0.2.xml" searched="false" origin-is-local="false" origin-location="http://repo.typesafe.com/typesafe/releases/org/apache/geronimo/specs/geronimo-activation_1.1_spec/1.0.2/geronimo-activation_1.1_spec-1.0.2.pom"/>
				<caller organisation="org.apache.ws.commons.axiom" name="axiom-impl" conf="compile, runtime" rev="1.0.2" rev-constraint-default="1.0.2" rev-constraint-dynamic="1.1" callerrev="1.2.13"/>
				<caller organisation="org.apache.axis2" name="axis2-adb" conf="default, compile, runtime, master" rev="1.0.2" rev-constraint-default="1.0.2" rev-constraint-dynamic="1.0.2" callerrev="1.6.2"/>
				<caller organisation="org.apache.ws.commons.axiom" name="axiom-api" conf="compile, runtime" rev="1.0.2" rev-constraint-default="1.0.2" rev-constraint-dynamic="1.1" callerrev="1.2.13"/>
				<artifacts>
					<artifact name="geronimo-activation_1.1_spec" type="jar" ext="jar" status="no" details="" size="34126" time="0" location="D:\play-2.1.1\framework\.\..\repository\cache\org.apache.geronimo.specs\geronimo-activation_1.1_spec\jars\geronimo-activation_1.1_spec-1.0.2.jar">
						<origin-location is-local="false" location="http://repo.typesafe.com/typesafe/releases/org/apache/geronimo/specs/geronimo-activation_1.1_spec/1.0.2/geronimo-activation_1.1_spec-1.0.2.jar"/>
					</artifact>
				</artifacts>
			</revision>
		</module>
		<module organisation="org.apache.axis2" name="axis2-kernel">
			<revision name="1.6.2" status="release" pubdate="20120417200027" resolver="public" artresolver="public" homepage="http://axis.apache.org/axis2/java/core/" downloaded="false" searched="false" default="false" conf="compile, master(*), runtime, compile(*), runtime(*), master" position="87">
				<metadata-artifact status="no" details="" size="29915" time="0" location="D:\play-2.1.1\framework\.\..\repository\cache\org.apache.axis2\axis2-kernel\ivy-1.6.2.xml" searched="false" origin-is-local="false" origin-location="http://repo1.maven.org/maven2/org/apache/axis2/axis2-kernel/1.6.2/axis2-kernel-1.6.2.pom"/>
				<caller organisation="org.apache.axis2" name="axis2-adb" conf="default, compile, runtime, master" rev="1.6.2" rev-constraint-default="1.6.2" rev-constraint-dynamic="1.6.2" callerrev="1.6.2"/>
				<caller organisation="org.apache.axis2" name="axis2-transport-http" conf="default, compile, runtime, master" rev="1.6.2" rev-constraint-default="1.6.2" rev-constraint-dynamic="1.6.2" callerrev="1.6.2"/>
				<caller organisation="org.apache.axis2" name="axis2-transport-local" conf="default, compile, runtime, master" rev="1.6.2" rev-constraint-default="1.6.2" rev-constraint-dynamic="1.6.2" callerrev="1.6.2"/>
				<artifacts>
					<artifact name="axis2-kernel" type="jar" ext="jar" status="no" details="" size="1045467" time="0" location="D:\play-2.1.1\framework\.\..\repository\cache\org.apache.axis2\axis2-kernel\jars\axis2-kernel-1.6.2.jar">
						<origin-location is-local="false" location="http://repo1.maven.org/maven2/org/apache/axis2/axis2-kernel/1.6.2/axis2-kernel-1.6.2.jar"/>
					</artifact>
				</artifacts>
			</revision>
		</module>
		<module organisation="javax.ws.rs" name="jsr311-api">
			<revision name="1.0" status="release" pubdate="20140604143425" resolver="Typesafe Releases Repository" artresolver="Typesafe Releases Repository" homepage="https://jsr311.dev.java.net" downloaded="false" searched="false" default="false" conf="compile, master(*), runtime, compile(*), runtime(*), master" position="105">
				<license name="                 CDDL License             " url="http://www.opensource.org/licenses/cddl1.php"/>
				<metadata-artifact status="no" details="" size="2815" time="0" location="D:\play-2.1.1\framework\.\..\repository\cache\javax.ws.rs\jsr311-api\ivy-1.0.xml" searched="false" origin-is-local="false" origin-location="http://repo.typesafe.com/typesafe/releases/javax/ws/rs/jsr311-api/1.0/jsr311-api-1.0.pom"/>
				<caller organisation="org.apache.axis2" name="axis2-kernel" conf="compile, runtime" rev="1.0" rev-constraint-default="1.0" rev-constraint-dynamic="1.0" callerrev="1.6.2"/>
				<artifacts>
					<artifact name="jsr311-api" type="jar" ext="jar" status="no" details="" size="44263" time="0" location="D:\play-2.1.1\framework\.\..\repository\cache\javax.ws.rs\jsr311-api\jars\jsr311-api-1.0.jar">
						<origin-location is-local="false" location="http://repo.typesafe.com/typesafe/releases/javax/ws/rs/jsr311-api/1.0/jsr311-api-1.0.jar"/>
					</artifact>
				</artifacts>
			</revision>
		</module>
		<module organisation="org.apache.woden" name="woden-impl-dom">
			<revision name="1.0M9" status="release" pubdate="20140604143421" resolver="Typesafe Releases Repository" artresolver="Typesafe Releases Repository" homepage="" downloaded="false" searched="false" default="false" conf="compile, master(*), runtime, compile(*), runtime(*), master" position="103">
				<metadata-artifact status="no" details="" size="5090" time="0" location="D:\play-2.1.1\framework\.\..\repository\cache\org.apache.woden\woden-impl-dom\ivy-1.0M9.xml" searched="false" origin-is-local="false" origin-location="http://repo.typesafe.com/typesafe/releases/org/apache/woden/woden-impl-dom/1.0M9/woden-impl-dom-1.0M9.pom"/>
				<caller organisation="org.apache.axis2" name="axis2-kernel" conf="compile, runtime" rev="1.0M9" rev-constraint-default="1.0M9" rev-constraint-dynamic="1.0M9" callerrev="1.6.2"/>
				<artifacts>
					<artifact name="woden-impl-dom" type="jar" ext="jar" status="no" details="" size="48704" time="0" location="D:\play-2.1.1\framework\.\..\repository\cache\org.apache.woden\woden-impl-dom\jars\woden-impl-dom-1.0M9.jar">
						<origin-location is-local="false" location="http://repo.typesafe.com/typesafe/releases/org/apache/woden/woden-impl-dom/1.0M9/woden-impl-dom-1.0M9.jar"/>
					</artifact>
				</artifacts>
			</revision>
		</module>
		<module organisation="org.apache.woden" name="woden-impl-commons">
			<revision name="1.0M9" status="release" pubdate="20140604143423" resolver="Typesafe Releases Repository" artresolver="Typesafe Releases Repository" homepage="" downloaded="false" searched="false" default="false" conf="compile, master(*), runtime, compile(*), runtime(*), master" position="104">
				<metadata-artifact status="no" details="" size="5126" time="0" location="D:\play-2.1.1\framework\.\..\repository\cache\org.apache.woden\woden-impl-commons\ivy-1.0M9.xml" searched="false" origin-is-local="false" origin-location="http://repo.typesafe.com/typesafe/releases/org/apache/woden/woden-impl-commons/1.0M9/woden-impl-commons-1.0M9.pom"/>
				<caller organisation="org.apache.woden" name="woden-impl-dom" conf="compile, runtime" rev="1.0M9" rev-constraint-default="1.0M9" rev-constraint-dynamic="1.0M9" callerrev="1.0M9"/>
				<artifacts>
					<artifact name="woden-impl-commons" type="jar" ext="jar" status="no" details="" size="186268" time="0" location="D:\play-2.1.1\framework\.\..\repository\cache\org.apache.woden\woden-impl-commons\jars\woden-impl-commons-1.0M9.jar">
						<origin-location is-local="false" location="http://repo.typesafe.com/typesafe/releases/org/apache/woden/woden-impl-commons/1.0M9/woden-impl-commons-1.0M9.jar"/>
					</artifact>
				</artifacts>
			</revision>
		</module>
		<module organisation="org.apache.woden" name="woden-api">
			<revision name="1.0M9" status="release" pubdate="20140604143416" resolver="Typesafe Releases Repository" artresolver="Typesafe Releases Repository" homepage="" downloaded="false" searched="false" default="false" conf="compile, master(*), runtime, compile(*), runtime(*), master" position="102">
				<metadata-artifact status="no" details="" size="4268" time="0" location="D:\play-2.1.1\framework\.\..\repository\cache\org.apache.woden\woden-api\ivy-1.0M9.xml" searched="false" origin-is-local="false" origin-location="http://repo.typesafe.com/typesafe/releases/org/apache/woden/woden-api/1.0M9/woden-api-1.0M9.pom"/>
				<caller organisation="org.apache.woden" name="woden-impl-commons" conf="compile, runtime" rev="1.0M9" rev-constraint-default="1.0M9" rev-constraint-dynamic="1.0M9" callerrev="1.0M9"/>
				<caller organisation="org.apache.axis2" name="axis2-kernel" conf="compile, runtime" rev="1.0M9" rev-constraint-default="1.0M9" rev-constraint-dynamic="1.0M9" callerrev="1.6.2"/>
				<artifacts>
					<artifact name="woden-api" type="jar" ext="jar" status="no" details="" size="150102" time="0" location="D:\play-2.1.1\framework\.\..\repository\cache\org.apache.woden\woden-api\jars\woden-api-1.0M9.jar">
						<origin-location is-local="false" location="http://repo.typesafe.com/typesafe/releases/org/apache/woden/woden-api/1.0M9/woden-api-1.0M9.jar"/>
					</artifact>
				</artifacts>
			</revision>
		</module>
		<module organisation="org.apache.neethi" name="neethi">
			<revision name="3.0.2" status="release" pubdate="20140604143414" resolver="Typesafe Releases Repository" artresolver="Typesafe Releases Repository" homepage="http://ws.apache.org/neethi/" downloaded="false" searched="false" default="false" conf="compile, master(*), runtime, compile(*), runtime(*), master" position="101">
				<license name="The Apache Software License, Version 2.0" url="http://www.apache.org/licenses/LICENSE-2.0.txt"/>
				<metadata-artifact status="no" details="" size="5046" time="0" location="D:\play-2.1.1\framework\.\..\repository\cache\org.apache.neethi\neethi\ivy-3.0.2.xml" searched="false" origin-is-local="false" origin-location="http://repo.typesafe.com/typesafe/releases/org/apache/neethi/neethi/3.0.2/neethi-3.0.2.pom"/>
				<caller organisation="org.apache.axis2" name="axis2-kernel" conf="compile, runtime" rev="3.0.2" rev-constraint-default="3.0.2" rev-constraint-dynamic="3.0.2" callerrev="1.6.2"/>
				<artifacts>
					<artifact name="neethi" type="bundle" ext="jar" status="no" details="" size="71320" time="0" location="D:\play-2.1.1\framework\.\..\repository\cache\org.apache.neethi\neethi\bundles\neethi-3.0.2.jar">
						<origin-location is-local="false" location="http://repo.typesafe.com/typesafe/releases/org/apache/neethi/neethi/3.0.2/neethi-3.0.2.jar"/>
					</artifact>
				</artifacts>
			</revision>
		</module>
		<module organisation="org.apache.ws.commons.schema" name="XmlSchema">
			<revision name="1.4.7" status="release" pubdate="20140604143406" resolver="Typesafe Releases Repository" artresolver="Typesafe Releases Repository" homepage="http://ws.apache.org/commons/XmlSchema" downloaded="false" searched="false" default="false" conf="compile, master(*), runtime, compile(*), runtime(*), master" position="100">
				<license name="The Apache Software License, Version 2.0" url="http://www.apache.org/licenses/LICENSE-2.0.txt"/>
				<metadata-artifact status="no" details="" size="3801" time="0" location="D:\play-2.1.1\framework\.\..\repository\cache\org.apache.ws.commons.schema\XmlSchema\ivy-1.4.7.xml" searched="false" origin-is-local="false" origin-location="http://repo.typesafe.com/typesafe/releases/org/apache/ws/commons/schema/XmlSchema/1.4.7/XmlSchema-1.4.7.pom"/>
				<caller organisation="org.apache.axis2" name="axis2-kernel" conf="compile, runtime" rev="1.4.7" rev-constraint-default="1.4.7" rev-constraint-dynamic="1.4.7" callerrev="1.6.2"/>
				<caller organisation="org.apache.woden" name="woden-api" conf="compile, runtime" rev="1.4.7" rev-constraint-default="1.4.7" rev-constraint-dynamic="1.4.7" callerrev="1.0M9"/>
				<artifacts>
					<artifact name="XmlSchema" type="bundle" ext="jar" status="no" details="" size="148829" time="0" location="D:\play-2.1.1\framework\.\..\repository\cache\org.apache.ws.commons.schema\XmlSchema\bundles\XmlSchema-1.4.7.jar">
						<origin-location is-local="false" location="http://repo.typesafe.com/typesafe/releases/org/apache/ws/commons/schema/XmlSchema/1.4.7/XmlSchema-1.4.7.jar"/>
					</artifact>
				</artifacts>
			</revision>
		</module>
		<module organisation="wsdl4j" name="wsdl4j">
			<revision name="1.6.2" status="release" pubdate="20140604143404" resolver="Typesafe Releases Repository" artresolver="Typesafe Releases Repository" homepage="http://sf.net/projects/wsdl4j" downloaded="false" searched="false" default="false" conf="compile, master(*), runtime, compile(*), runtime(*), master" position="99">
				<license name="CPL" url="http://www.opensource.org/licenses/cpl1.0.txt"/>
				<metadata-artifact status="no" details="" size="2360" time="0" location="D:\play-2.1.1\framework\.\..\repository\cache\wsdl4j\wsdl4j\ivy-1.6.2.xml" searched="false" origin-is-local="false" origin-location="http://repo.typesafe.com/typesafe/releases/wsdl4j/wsdl4j/1.6.2/wsdl4j-1.6.2.pom"/>
				<caller organisation="org.apache.axis2" name="axis2-kernel" conf="compile, runtime" rev="1.6.2" rev-constraint-default="1.6.2" rev-constraint-dynamic="1.6.2" callerrev="1.6.2"/>
				<artifacts>
					<artifact name="wsdl4j" type="jar" ext="jar" status="no" details="" size="148429" time="0" location="D:\play-2.1.1\framework\.\..\repository\cache\wsdl4j\wsdl4j\jars\wsdl4j-1.6.2.jar">
						<origin-location is-local="false" location="http://repo.typesafe.com/typesafe/releases/wsdl4j/wsdl4j/1.6.2/wsdl4j-1.6.2.jar"/>
					</artifact>
				</artifacts>
			</revision>
		</module>
		<module organisation="commons-fileupload" name="commons-fileupload">
			<revision name="1.2" status="release" pubdate="20140604143359" resolver="Typesafe Releases Repository" artresolver="Typesafe Releases Repository" homepage="http://jakarta.apache.org/commons/fileupload/" downloaded="false" searched="false" default="false" conf="compile, master(*), runtime, compile(*), runtime(*), master" position="98">
				<metadata-artifact status="no" details="" size="3407" time="0" location="D:\play-2.1.1\framework\.\..\repository\cache\commons-fileupload\commons-fileupload\ivy-1.2.xml" searched="false" origin-is-local="false" origin-location="http://repo.typesafe.com/typesafe/releases/commons-fileupload/commons-fileupload/1.2/commons-fileupload-1.2.pom"/>
				<caller organisation="org.apache.axis2" name="axis2-kernel" conf="compile, runtime" rev="1.2" rev-constraint-default="1.2" rev-constraint-dynamic="1.2" callerrev="1.6.2"/>
				<artifacts>
					<artifact name="commons-fileupload" type="jar" ext="jar" status="no" details="" size="53082" time="0" location="D:\play-2.1.1\framework\.\..\repository\cache\commons-fileupload\commons-fileupload\jars\commons-fileupload-1.2.jar">
						<origin-location is-local="false" location="http://repo.typesafe.com/typesafe/releases/commons-fileupload/commons-fileupload/1.2/commons-fileupload-1.2.jar"/>
					</artifact>
				</artifacts>
			</revision>
		</module>
		<module organisation="org.apache.geronimo.specs" name="geronimo-ws-metadata_2.0_spec">
			<revision name="1.1.2" status="release" pubdate="20140604143350" resolver="Typesafe Releases Repository" artresolver="Typesafe Releases Repository" homepage="" downloaded="false" searched="false" default="false" conf="compile, master(*), runtime, compile(*), runtime(*), master" position="94">
				<metadata-artifact status="no" details="" size="7072" time="0" location="D:\play-2.1.1\framework\.\..\repository\cache\org.apache.geronimo.specs\geronimo-ws-metadata_2.0_spec\ivy-1.1.2.xml" searched="false" origin-is-local="false" origin-location="http://repo.typesafe.com/typesafe/releases/org/apache/geronimo/specs/geronimo-ws-metadata_2.0_spec/1.1.2/geronimo-ws-metadata_2.0_spec-1.1.2.pom"/>
				<caller organisation="org.apache.axis2" name="axis2-kernel" conf="compile, runtime" rev="1.1.2" rev-constraint-default="1.1.2" rev-constraint-dynamic="1.1.2" callerrev="1.6.2"/>
				<artifacts>
					<artifact name="geronimo-ws-metadata_2.0_spec" type="jar" ext="jar" status="no" details="" size="14611" time="0" location="D:\play-2.1.1\framework\.\..\repository\cache\org.apache.geronimo.specs\geronimo-ws-metadata_2.0_spec\jars\geronimo-ws-metadata_2.0_spec-1.1.2.jar">
						<origin-location is-local="false" location="http://repo.typesafe.com/typesafe/releases/org/apache/geronimo/specs/geronimo-ws-metadata_2.0_spec/1.1.2/geronimo-ws-metadata_2.0_spec-1.1.2.jar"/>
					</artifact>
				</artifacts>
			</revision>
		</module>
		<module organisation="org.apache.ws.commons.axiom" name="axiom-impl">
			<revision name="1.2.13" status="release" pubdate="20140604143428" resolver="Typesafe Releases Repository" artresolver="Typesafe Releases Repository" homepage="http://ws.apache.org/axiom/" downloaded="false" searched="false" default="false" conf="compile, master(*), runtime, compile(*), runtime(*), master" position="106">
				<metadata-artifact status="no" details="" size="10401" time="0" location="D:\play-2.1.1\framework\.\..\repository\cache\org.apache.ws.commons.axiom\axiom-impl\ivy-1.2.13.xml" searched="false" origin-is-local="false" origin-location="http://repo.typesafe.com/typesafe/releases/org/apache/ws/commons/axiom/axiom-impl/1.2.13/axiom-impl-1.2.13.pom"/>
				<caller organisation="org.apache.axis2" name="axis2-kernel" conf="compile, runtime" rev="1.2.13" rev-constraint-default="1.2.13" rev-constraint-dynamic="1.2.13" callerrev="1.6.2"/>
				<artifacts>
					<artifact name="axiom-impl" type="bundle" ext="jar" status="no" details="" size="158091" time="0" location="D:\play-2.1.1\framework\.\..\repository\cache\org.apache.ws.commons.axiom\axiom-impl\bundles\axiom-impl-1.2.13.jar">
						<origin-location is-local="false" location="http://repo.typesafe.com/typesafe/releases/org/apache/ws/commons/axiom/axiom-impl/1.2.13/axiom-impl-1.2.13.jar"/>
					</artifact>
				</artifacts>
			</revision>
		</module>
		<module organisation="org.apache.ws.commons.axiom" name="axiom-api">
			<revision name="1.2.13" status="release" pubdate="20140604143232" resolver="Typesafe Releases Repository" artresolver="Typesafe Releases Repository" homepage="http://ws.apache.org/axiom/" downloaded="false" searched="false" default="false" conf="compile, master(*), runtime, compile(*), runtime(*), master" position="88">
				<metadata-artifact status="no" details="" size="11861" time="0" location="D:\play-2.1.1\framework\.\..\repository\cache\org.apache.ws.commons.axiom\axiom-api\ivy-1.2.13.xml" searched="false" origin-is-local="false" origin-location="http://repo.typesafe.com/typesafe/releases/org/apache/ws/commons/axiom/axiom-api/1.2.13/axiom-api-1.2.13.pom"/>
				<caller organisation="org.apache.ws.commons.axiom" name="axiom-impl" conf="compile, runtime" rev="1.2.13" rev-constraint-default="1.2.13" rev-constraint-dynamic="1.2.13" callerrev="1.2.13"/>
				<caller organisation="org.apache.axis2" name="axis2-kernel" conf="compile, runtime" rev="1.2.13" rev-constraint-default="1.2.13" rev-constraint-dynamic="1.2.13" callerrev="1.6.2"/>
				<artifacts>
					<artifact name="axiom-api" type="jar" ext="jar" status="no" details="" size="420860" time="0" location="D:\play-2.1.1\framework\.\..\repository\cache\org.apache.ws.commons.axiom\axiom-api\jars\axiom-api-1.2.13.jar">
						<origin-location is-local="false" location="http://repo.typesafe.com/typesafe/releases/org/apache/ws/commons/axiom/axiom-api/1.2.13/axiom-api-1.2.13.jar"/>
					</artifact>
				</artifacts>
			</revision>
		</module>
		<module organisation="org.codehaus.woodstox" name="wstx-asl">
			<revision name="3.2.9" status="release" pubdate="20140604143429" resolver="Typesafe Releases Repository" artresolver="Typesafe Releases Repository" homepage="http://woodstox.codehaus.org" downloaded="false" searched="false" default="false" conf="compile, master(*), runtime, compile(*), runtime(*), master" position="107">
				<license name="The Apache Software License, Version 2.0" url="http://www.apache.org/licenses/LICENSE-2.0.txt"/>
				<metadata-artifact status="no" details="" size="2628" time="0" location="D:\play-2.1.1\framework\.\..\repository\cache\org.codehaus.woodstox\wstx-asl\ivy-3.2.9.xml" searched="false" origin-is-local="false" origin-location="http://repo.typesafe.com/typesafe/releases/org/codehaus/woodstox/wstx-asl/3.2.9/wstx-asl-3.2.9.pom"/>
				<caller organisation="org.apache.ws.commons.axiom" name="axiom-impl" conf="compile, runtime" rev="3.2.9" rev-constraint-default="3.2.9" rev-constraint-dynamic="3.2.9" callerrev="1.2.13"/>
				<artifacts>
					<artifact name="wstx-asl" type="jar" ext="jar" status="no" details="" size="524224" time="0" location="D:\play-2.1.1\framework\.\..\repository\cache\org.codehaus.woodstox\wstx-asl\jars\wstx-asl-3.2.9.jar">
						<origin-location is-local="false" location="http://repo.typesafe.com/typesafe/releases/org/codehaus/woodstox/wstx-asl/3.2.9/wstx-asl-3.2.9.jar"/>
					</artifact>
				</artifacts>
			</revision>
		</module>
		<module organisation="org.apache.james" name="apache-mime4j-core">
			<revision name="0.7.2" status="release" pubdate="20140604143340" resolver="Typesafe Releases Repository" artresolver="Typesafe Releases Repository" homepage="" downloaded="false" searched="false" default="false" conf="compile, master(*), runtime, compile(*), runtime(*), master" position="93">
				<metadata-artifact status="no" details="" size="5965" time="0" location="D:\play-2.1.1\framework\.\..\repository\cache\org.apache.james\apache-mime4j-core\ivy-0.7.2.xml" searched="false" origin-is-local="false" origin-location="http://repo.typesafe.com/typesafe/releases/org/apache/james/apache-mime4j-core/0.7.2/apache-mime4j-core-0.7.2.pom"/>
				<caller organisation="org.apache.ws.commons.axiom" name="axiom-api" conf="compile, runtime" rev="0.7.2" rev-constraint-default="0.7.2" rev-constraint-dynamic="0.7.2" callerrev="1.2.13"/>
				<artifacts>
					<artifact name="apache-mime4j-core" type="jar" ext="jar" status="no" details="" size="95536" time="0" location="D:\play-2.1.1\framework\.\..\repository\cache\org.apache.james\apache-mime4j-core\jars\apache-mime4j-core-0.7.2.jar">
						<origin-location is-local="false" location="http://repo.typesafe.com/typesafe/releases/org/apache/james/apache-mime4j-core/0.7.2/apache-mime4j-core-0.7.2.jar"/>
					</artifact>
				</artifacts>
			</revision>
		</module>
		<module organisation="org.apache.geronimo.specs" name="geronimo-stax-api_1.0_spec">
			<revision name="1.0.1" status="release" pubdate="20140604143328" resolver="Typesafe Releases Repository" artresolver="Typesafe Releases Repository" homepage="" downloaded="false" searched="false" default="false" conf="compile, master(*), runtime, compile(*), runtime(*), master" position="92">
				<metadata-artifact status="no" details="" size="6225" time="0" location="D:\play-2.1.1\framework\.\..\repository\cache\org.apache.geronimo.specs\geronimo-stax-api_1.0_spec\ivy-1.0.1.xml" searched="false" origin-is-local="false" origin-location="http://repo.typesafe.com/typesafe/releases/org/apache/geronimo/specs/geronimo-stax-api_1.0_spec/1.0.1/geronimo-stax-api_1.0_spec-1.0.1.pom"/>
				<caller organisation="org.apache.ws.commons.axiom" name="axiom-impl" conf="compile, runtime" rev="1.0.1" rev-constraint-default="1.0.1" rev-constraint-dynamic="1.0.1" callerrev="1.2.13"/>
				<caller organisation="org.apache.ws.commons.axiom" name="axiom-api" conf="compile, runtime" rev="1.0.1" rev-constraint-default="1.0.1" rev-constraint-dynamic="1.0.1" callerrev="1.2.13"/>
				<artifacts>
					<artifact name="geronimo-stax-api_1.0_spec" type="bundle" ext="jar" status="no" details="" size="28804" time="0" location="D:\play-2.1.1\framework\.\..\repository\cache\org.apache.geronimo.specs\geronimo-stax-api_1.0_spec\bundles\geronimo-stax-api_1.0_spec-1.0.1.jar">
						<origin-location is-local="false" location="http://repo.typesafe.com/typesafe/releases/org/apache/geronimo/specs/geronimo-stax-api_1.0_spec/1.0.1/geronimo-stax-api_1.0_spec-1.0.1.jar"/>
					</artifact>
				</artifacts>
			</revision>
		</module>
		<module organisation="org.quartz-scheduler" name="quartz">
			<revision name="2.1.6" status="release" pubdate="20130223051546" resolver="public" artresolver="public" homepage="" downloaded="false" searched="false" default="false" conf="default(compile), default, compile, runtime, master" position="84">
				<metadata-artifact status="no" details="" size="4143" time="0" location="D:\play-2.1.1\framework\.\..\repository\cache\org.quartz-scheduler\quartz\ivy-2.1.6.xml" searched="false" origin-is-local="false" origin-location="http://repo1.maven.org/maven2/org/quartz-scheduler/quartz/2.1.6/quartz-2.1.6.pom"/>
				<caller organisation="hssy" name="hssy_2.10" conf="test-internal, test, optional, compile, provided, runtime" rev="2.1.6" rev-constraint-default="2.1.6" rev-constraint-dynamic="2.1.6" callerrev="1.0"/>
				<artifacts>
					<artifact name="quartz" type="jar" ext="jar" status="no" details="" size="561400" time="0" location="D:\play-2.1.1\framework\.\..\repository\cache\org.quartz-scheduler\quartz\jars\quartz-2.1.6.jar">
						<origin-location is-local="false" location="http://repo1.maven.org/maven2/org/quartz-scheduler/quartz/2.1.6/quartz-2.1.6.jar"/>
					</artifact>
				</artifacts>
			</revision>
		</module>
		<module organisation="c3p0" name="c3p0">
			<revision name="0.9.1.1" status="release" pubdate="20070421022229" resolver="public" artresolver="public" homepage="http://c3p0.sourceforge.net" downloaded="false" searched="false" default="false" conf="compile, master(*), runtime, compile(*), runtime(*), master" position="85">
				<license name="GNU LESSER GENERAL PUBLIC LICENSE" url="http://www.gnu.org/licenses/lgpl.txt"/>
				<metadata-artifact status="no" details="" size="2602" time="0" location="D:\play-2.1.1\framework\.\..\repository\cache\c3p0\c3p0\ivy-0.9.1.1.xml" searched="false" origin-is-local="false" origin-location="http://repo1.maven.org/maven2/c3p0/c3p0/0.9.1.1/c3p0-0.9.1.1.pom"/>
				<caller organisation="org.quartz-scheduler" name="quartz" conf="default, compile, runtime, master" rev="0.9.1.1" rev-constraint-default="0.9.1.1" rev-constraint-dynamic="0.9.1.1" callerrev="2.1.6"/>
				<artifacts>
					<artifact name="c3p0" type="jar" ext="jar" status="no" details="" size="608376" time="0" location="D:\play-2.1.1\framework\.\..\repository\cache\c3p0\c3p0\jars\c3p0-0.9.1.1.jar">
						<origin-location is-local="false" location="http://repo1.maven.org/maven2/c3p0/c3p0/0.9.1.1/c3p0-0.9.1.1.jar"/>
					</artifact>
				</artifacts>
			</revision>
		</module>
		<module organisation="com.google.code.gson" name="gson">
			<revision name="2.2.4" status="release" pubdate="20130514055652" resolver="public" artresolver="public" homepage="http://code.google.com/p/google-gson/" downloaded="false" searched="false" default="false" conf="default(compile), default, compile, runtime, master" position="83">
				<license name="The Apache Software License, Version 2.0" url="http://www.apache.org/licenses/LICENSE-2.0.txt"/>
				<metadata-artifact status="no" details="" size="3284" time="0" location="D:\play-2.1.1\framework\.\..\repository\cache\com.google.code.gson\gson\ivy-2.2.4.xml" searched="false" origin-is-local="false" origin-location="http://repo1.maven.org/maven2/com/google/code/gson/gson/2.2.4/gson-2.2.4.pom"/>
				<caller organisation="hssy" name="hssy_2.10" conf="test-internal, test, optional, compile, provided, runtime" rev="2.2.4" rev-constraint-default="2.2.4" rev-constraint-dynamic="2.2.4" callerrev="1.0"/>
				<artifacts>
					<artifact name="gson" type="jar" ext="jar" status="no" details="" size="190432" time="0" location="D:\play-2.1.1\framework\.\..\repository\cache\com.google.code.gson\gson\jars\gson-2.2.4.jar">
						<origin-location is-local="false" location="http://repo1.maven.org/maven2/com/google/code/gson/gson/2.2.4/gson-2.2.4.jar"/>
					</artifact>
				</artifacts>
			</revision>
		</module>
		<module organisation="org.apache.httpcomponents" name="httpmime">
			<revision name="4.3.5" status="release" pubdate="20140910163448" resolver="Typesafe Releases Repository" artresolver="Typesafe Releases Repository" homepage="http://hc.apache.org/httpcomponents-client" downloaded="false" searched="false" default="false" conf="default(compile), default, compile, runtime, master, master(*), compile(*), runtime(*)" position="82">
				<metadata-artifact status="no" details="" size="10065" time="0" location="D:\play-2.1.1\framework\.\..\repository\cache\org.apache.httpcomponents\httpmime\ivy-4.3.5.xml" searched="false" origin-is-local="false" origin-location="http://repo.typesafe.com/typesafe/releases/org/apache/httpcomponents/httpmime/4.3.5/httpmime-4.3.5.pom"/>
				<caller organisation="net.sourceforge.htmlunit" name="htmlunit" conf="compile, runtime" rev="4.1.2" rev-constraint-default="4.1.2" rev-constraint-dynamic="4.1.2" callerrev="2.9"/>
				<caller organisation="hssy" name="hssy_2.10" conf="test-internal, test, optional, compile, provided, runtime" rev="4.3.5" rev-constraint-default="4.3.5" rev-constraint-dynamic="4.3.5" callerrev="1.0"/>
				<artifacts>
					<artifact name="httpmime" type="jar" ext="jar" status="no" details="" size="37277" time="0" location="D:\play-2.1.1\framework\.\..\repository\cache\org.apache.httpcomponents\httpmime\jars\httpmime-4.3.5.jar">
						<origin-location is-local="false" location="http://repo.typesafe.com/typesafe/releases/org/apache/httpcomponents/httpmime/4.3.5/httpmime-4.3.5.jar"/>
					</artifact>
				</artifacts>
			</revision>
			<revision name="4.1.2" evicted="latest-revision" evicted-reason="" downloaded="false" searched="false" conf="compile, master(*), runtime, compile(*), runtime(*), master" position="-1">
				<evicted-by rev="4.3.5"/>
				<caller organisation="net.sourceforge.htmlunit" name="htmlunit" conf="compile, runtime" rev="4.1.2" rev-constraint-default="4.1.2" rev-constraint-dynamic="4.1.2" callerrev="2.9"/>
				<artifacts>
				</artifacts>
			</revision>
		</module>
		<module organisation="org.apache.commons" name="commons-collections4">
			<revision name="4.0" status="release" pubdate="20140515163653" resolver="Typesafe Releases Repository" artresolver="Typesafe Releases Repository" homepage="http://commons.apache.org/proper/commons-collections/" downloaded="false" searched="false" default="false" conf="default(compile), default, compile, runtime, master" position="81">
				<metadata-artifact status="no" details="" size="10172" time="0" location="D:\play-2.1.1\framework\.\..\repository\cache\org.apache.commons\commons-collections4\ivy-4.0.xml" searched="false" origin-is-local="false" origin-location="http://repo.typesafe.com/typesafe/releases/org/apache/commons/commons-collections4/4.0/commons-collections4-4.0.pom"/>
				<caller organisation="hssy" name="hssy_2.10" conf="test-internal, test, optional, compile, provided, runtime" rev="4.0" rev-constraint-default="4.0" rev-constraint-dynamic="4.0" callerrev="1.0"/>
				<artifacts>
					<artifact name="commons-collections4" type="jar" ext="jar" status="no" details="" size="610259" time="0" location="D:\play-2.1.1\framework\.\..\repository\cache\org.apache.commons\commons-collections4\jars\commons-collections4-4.0.jar">
						<origin-location is-local="false" location="http://repo.typesafe.com/typesafe/releases/org/apache/commons/commons-collections4/4.0/commons-collections4-4.0.jar"/>
					</artifact>
				</artifacts>
			</revision>
		</module>
		<module organisation="org.slf4j" name="slf4j-log4j12">
			<revision name="1.7.5" status="release" pubdate="20130326045252" resolver="public" artresolver="public" homepage="http://www.slf4j.org" downloaded="false" searched="false" default="false" conf="default(compile), default, compile, runtime, master" position="78">
				<metadata-artifact status="no" details="" size="4682" time="0" location="D:\play-2.1.1\framework\.\..\repository\cache\org.slf4j\slf4j-log4j12\ivy-1.7.5.xml" searched="false" origin-is-local="false" origin-location="http://repo1.maven.org/maven2/org/slf4j/slf4j-log4j12/1.7.5/slf4j-log4j12-1.7.5.pom"/>
				<caller organisation="hssy" name="hssy_2.10" conf="test-internal, test, optional, compile, provided, runtime" rev="1.7.5" rev-constraint-default="1.7.5" rev-constraint-dynamic="1.7.5" callerrev="1.0"/>
				<artifacts>
					<artifact name="slf4j-log4j12" type="jar" ext="jar" status="no" details="" size="8869" time="0" location="D:\play-2.1.1\framework\.\..\repository\cache\org.slf4j\slf4j-log4j12\jars\slf4j-log4j12-1.7.5.jar">
						<origin-location is-local="false" location="http://repo1.maven.org/maven2/org/slf4j/slf4j-log4j12/1.7.5/slf4j-log4j12-1.7.5.jar"/>
					</artifact>
				</artifacts>
			</revision>
		</module>
		<module organisation="org.slf4j" name="slf4j-api">
			<revision name="1.7.5" status="release" pubdate="20130326045215" resolver="public" artresolver="public" homepage="http://www.slf4j.org" downloaded="false" searched="false" default="false" conf="compile, master(*), runtime, compile(*), runtime(*), master, default(compile), default" position="79">
				<metadata-artifact status="no" details="" size="4514" time="0" location="D:\play-2.1.1\framework\.\..\repository\cache\org.slf4j\slf4j-api\ivy-1.7.5.xml" searched="false" origin-is-local="false" origin-location="http://repo1.maven.org/maven2/org/slf4j/slf4j-api/1.7.5/slf4j-api-1.7.5.pom"/>
				<caller organisation="org.slf4j" name="jul-to-slf4j" conf="default, compile, runtime, master" rev="1.6.6" rev-constraint-default="1.6.6" rev-constraint-dynamic="1.6.6" callerrev="1.6.6"/>
				<caller organisation="com.typesafe.akka" name="akka-slf4j_2.10" conf="default, compile, runtime, master" rev="1.7.2" rev-constraint-default="1.7.2" rev-constraint-dynamic="1.7.2" callerrev="2.1.0"/>
				<caller organisation="ch.qos.logback" name="logback-classic" conf="default, compile, runtime, master" rev="1.6.6" rev-constraint-default="1.6.6" rev-constraint-dynamic="1.6.6" callerrev="1.0.7"/>
				<caller organisation="org.springframework.data" name="spring-data-jpa" conf="default, compile, runtime, master" rev="1.7.1" rev-constraint-default="1.7.1" rev-constraint-dynamic="1.7.1" callerrev="1.4.2.RELEASE"/>
				<caller organisation="org.springframework.data" name="spring-data-commons" conf="compile, runtime" rev="1.7.1" rev-constraint-default="1.7.1" rev-constraint-dynamic="1.7.1" callerrev="1.6.2.RELEASE"/>
				<caller organisation="play" name="play_2.10" conf="compile" rev="1.6.6" rev-constraint-default="1.6.6" rev-constraint-dynamic="1.6.6" callerrev="2.1.1"/>
				<caller organisation="org.slf4j" name="jcl-over-slf4j" conf="compile, runtime" rev="1.7.1" rev-constraint-default="1.7.1" rev-constraint-dynamic="1.7.1" callerrev="1.7.1"/>
				<caller organisation="org.quartz-scheduler" name="quartz" conf="default, compile, runtime, master" rev="1.6.1" rev-constraint-default="1.6.1" rev-constraint-dynamic="1.6.1" callerrev="2.1.6"/>
				<caller organisation="org.slf4j" name="jcl-over-slf4j" conf="default, compile, runtime, master" rev="1.6.6" rev-constraint-default="1.6.6" rev-constraint-dynamic="1.6.6" callerrev="1.6.6"/>
				<caller organisation="org.slf4j" name="slf4j-log4j12" conf="default, compile, runtime, master" rev="1.7.5" rev-constraint-default="1.7.5" rev-constraint-dynamic="1.7.5" callerrev="1.7.5"/>
				<caller organisation="net.sf.ehcache" name="ehcache-core" conf="default, compile, runtime, master" rev="1.6.1" rev-constraint-default="1.6.1" rev-constraint-dynamic="1.6.1" callerrev="2.6.0"/>
				<artifacts>
					<artifact name="slf4j-api" type="jar" ext="jar" status="no" details="" size="26084" time="0" location="D:\play-2.1.1\framework\.\..\repository\cache\org.slf4j\slf4j-api\jars\slf4j-api-1.7.5.jar">
						<origin-location is-local="false" location="http://repo1.maven.org/maven2/org/slf4j/slf4j-api/1.7.5/slf4j-api-1.7.5.jar"/>
					</artifact>
				</artifacts>
			</revision>
			<revision name="1.7.2" status="release" pubdate="20130206023219" resolver="local" artresolver="local" evicted="latest-revision" evicted-reason="" homepage="http://www.slf4j.org" downloaded="false" searched="false" default="false" conf="compile, master(*), runtime, compile(*), runtime(*), master, default(compile), default" position="-1">
				<metadata-artifact status="no" details="" size="4461" time="0" location="D:\play-2.1.1\framework\.\..\repository\cache\org.slf4j\slf4j-api\ivy-1.7.2.xml" searched="false" origin-is-local="true" origin-location="D:\play-2.1.1\repository\local\org.slf4j\slf4j-api\1.7.2\ivys\ivy.xml"/>
				<evicted-by rev="1.7.5"/>
				<caller organisation="org.slf4j" name="jul-to-slf4j" conf="default, compile, runtime, master" rev="1.6.6" rev-constraint-default="1.6.6" rev-constraint-dynamic="1.6.6" callerrev="1.6.6"/>
				<caller organisation="ch.qos.logback" name="logback-classic" conf="default, compile, runtime, master" rev="1.6.6" rev-constraint-default="1.6.6" rev-constraint-dynamic="1.6.6" callerrev="1.0.7"/>
				<caller organisation="com.typesafe.akka" name="akka-slf4j_2.10" conf="default, compile, runtime, master" rev="1.7.2" rev-constraint-default="1.7.2" rev-constraint-dynamic="1.7.2" callerrev="2.1.0"/>
				<caller organisation="org.springframework.data" name="spring-data-jpa" conf="default, compile, runtime, master" rev="1.7.1" rev-constraint-default="1.7.1" rev-constraint-dynamic="1.7.1" callerrev="1.4.2.RELEASE"/>
				<caller organisation="org.springframework.data" name="spring-data-commons" conf="compile, runtime" rev="1.7.1" rev-constraint-default="1.7.1" rev-constraint-dynamic="1.7.1" callerrev="1.6.2.RELEASE"/>
				<caller organisation="org.slf4j" name="jcl-over-slf4j" conf="compile, runtime" rev="1.7.1" rev-constraint-default="1.7.1" rev-constraint-dynamic="1.7.1" callerrev="1.7.1"/>
				<caller organisation="play" name="play_2.10" conf="compile" rev="1.6.6" rev-constraint-default="1.6.6" rev-constraint-dynamic="1.6.6" callerrev="2.1.1"/>
				<caller organisation="org.slf4j" name="jcl-over-slf4j" conf="default, compile, runtime, master" rev="1.6.6" rev-constraint-default="1.6.6" rev-constraint-dynamic="1.6.6" callerrev="1.6.6"/>
				<caller organisation="net.sf.ehcache" name="ehcache-core" conf="default, compile, runtime, master" rev="1.6.1" rev-constraint-default="1.6.1" rev-constraint-dynamic="1.6.1" callerrev="2.6.0"/>
				<artifacts>
				</artifacts>
			</revision>
			<revision name="1.6.6" status="release" pubdate="20120612004148" resolver="local" artresolver="local" evicted="latest-revision" evicted-reason="" homepage="http://www.slf4j.org" downloaded="false" searched="false" default="false" conf="default(compile), default, compile, master(*), compile(*), runtime, runtime(*), master" position="-1">
				<metadata-artifact status="no" details="" size="4401" time="0" location="D:\play-2.1.1\framework\.\..\repository\cache\org.slf4j\slf4j-api\ivy-1.6.6.xml" searched="false" origin-is-local="true" origin-location="D:\play-2.1.1\repository\local\org.slf4j\slf4j-api\1.6.6\ivys\ivy.xml"/>
				<evicted-by rev="1.7.2"/>
				<caller organisation="org.slf4j" name="jul-to-slf4j" conf="default, compile, runtime, master" rev="1.6.6" rev-constraint-default="1.6.6" rev-constraint-dynamic="1.6.6" callerrev="1.6.6"/>
				<caller organisation="ch.qos.logback" name="logback-classic" conf="default, compile, runtime, master" rev="1.6.6" rev-constraint-default="1.6.6" rev-constraint-dynamic="1.6.6" callerrev="1.0.7"/>
				<caller organisation="play" name="play_2.10" conf="compile" rev="1.6.6" rev-constraint-default="1.6.6" rev-constraint-dynamic="1.6.6" callerrev="2.1.1"/>
				<caller organisation="org.slf4j" name="jcl-over-slf4j" conf="default, compile, runtime, master" rev="1.6.6" rev-constraint-default="1.6.6" rev-constraint-dynamic="1.6.6" callerrev="1.6.6"/>
				<artifacts>
				</artifacts>
			</revision>
			<revision name="1.7.1" evicted="latest-revision" evicted-reason="" downloaded="false" searched="false" conf="compile, master(*), runtime, compile(*), runtime(*), master" position="-1">
				<evicted-by rev="1.7.2"/>
				<caller organisation="org.springframework.data" name="spring-data-jpa" conf="default, compile, runtime, master" rev="1.7.1" rev-constraint-default="1.7.1" rev-constraint-dynamic="1.7.1" callerrev="1.4.2.RELEASE"/>
				<caller organisation="org.springframework.data" name="spring-data-commons" conf="compile, runtime" rev="1.7.1" rev-constraint-default="1.7.1" rev-constraint-dynamic="1.7.1" callerrev="1.6.2.RELEASE"/>
				<caller organisation="org.slf4j" name="jcl-over-slf4j" conf="compile, runtime" rev="1.7.1" rev-constraint-default="1.7.1" rev-constraint-dynamic="1.7.1" callerrev="1.7.1"/>
				<artifacts>
				</artifacts>
			</revision>
			<revision name="1.6.1" evicted="latest-revision" evicted-reason="" downloaded="false" searched="false" conf="compile, master(*), runtime, compile(*), runtime(*), master" position="-1">
				<evicted-by rev="1.7.5"/>
				<caller organisation="org.quartz-scheduler" name="quartz" conf="default, compile, runtime, master" rev="1.6.1" rev-constraint-default="1.6.1" rev-constraint-dynamic="1.6.1" callerrev="2.1.6"/>
				<caller organisation="net.sf.ehcache" name="ehcache-core" conf="default, compile, runtime, master" rev="1.6.1" rev-constraint-default="1.6.1" rev-constraint-dynamic="1.6.1" callerrev="2.6.0"/>
				<artifacts>
				</artifacts>
			</revision>
		</module>
		<module organisation="org.modelmapper" name="modelmapper">
			<revision name="0.6.2" status="release" pubdate="20131106032634" resolver="public" artresolver="public" homepage="" downloaded="false" searched="false" default="false" conf="default(compile), default, compile, runtime, master" position="77">
				<metadata-artifact status="no" details="" size="5291" time="0" location="D:\play-2.1.1\framework\.\..\repository\cache\org.modelmapper\modelmapper\ivy-0.6.2.xml" searched="false" origin-is-local="false" origin-location="http://repo1.maven.org/maven2/org/modelmapper/modelmapper/0.6.2/modelmapper-0.6.2.pom"/>
				<caller organisation="hssy" name="hssy_2.10" conf="test-internal, test, optional, compile, provided, runtime" rev="0.6.2" rev-constraint-default="0.6.2" rev-constraint-dynamic="0.6.2" callerrev="1.0"/>
				<artifacts>
					<artifact name="modelmapper" type="jar" ext="jar" status="no" details="" size="384250" time="0" location="D:\play-2.1.1\framework\.\..\repository\cache\org.modelmapper\modelmapper\jars\modelmapper-0.6.2.jar">
						<origin-location is-local="false" location="http://repo1.maven.org/maven2/org/modelmapper/modelmapper/0.6.2/modelmapper-0.6.2.jar"/>
					</artifact>
				</artifacts>
			</revision>
		</module>
		<module organisation="com.thoughtworks.xstream" name="xstream">
			<revision name="1.4.5" status="release" pubdate="20130928233240" resolver="public" artresolver="public" homepage="" downloaded="false" searched="false" default="false" conf="default(compile), default, compile, runtime, master" position="74">
				<metadata-artifact status="no" details="" size="17690" time="0" location="D:\play-2.1.1\framework\.\..\repository\cache\com.thoughtworks.xstream\xstream\ivy-1.4.5.xml" searched="false" origin-is-local="false" origin-location="http://repo1.maven.org/maven2/com/thoughtworks/xstream/xstream/1.4.5/xstream-1.4.5.pom"/>
				<caller organisation="hssy" name="hssy_2.10" conf="test-internal, test, optional, compile, provided, runtime" rev="1.4.5" rev-constraint-default="1.4.5" rev-constraint-dynamic="1.4.5" callerrev="1.0"/>
				<artifacts>
					<artifact name="xstream" type="jar" ext="jar" status="no" details="" size="509027" time="0" location="D:\play-2.1.1\framework\.\..\repository\cache\com.thoughtworks.xstream\xstream\jars\xstream-1.4.5.jar">
						<origin-location is-local="false" location="http://repo1.maven.org/maven2/com/thoughtworks/xstream/xstream/1.4.5/xstream-1.4.5.jar"/>
					</artifact>
				</artifacts>
			</revision>
		</module>
		<module organisation="xpp3" name="xpp3_min">
			<revision name="1.1.4c" status="release" pubdate="20071201170642" resolver="public" artresolver="public" homepage="http://www.extreme.indiana.edu/xgws/xsoap/xpp/mxp1/" downloaded="false" searched="false" default="false" conf="compile, master(*), runtime, compile(*), runtime(*), master" position="76">
				<license name="Indiana University Extreme! Lab Software License, vesion 1.1.1" url="http://www.extreme.indiana.edu/viewcvs/~checkout~/XPP3/java/LICENSE.txt"/>
				<license name="Public Domain" url="http://creativecommons.org/licenses/publicdomain"/>
				<metadata-artifact status="no" details="" size="2739" time="0" location="D:\play-2.1.1\framework\.\..\repository\cache\xpp3\xpp3_min\ivy-1.1.4c.xml" searched="false" origin-is-local="false" origin-location="http://repo1.maven.org/maven2/xpp3/xpp3_min/1.1.4c/xpp3_min-1.1.4c.pom"/>
				<caller organisation="com.thoughtworks.xstream" name="xstream" conf="default, compile, runtime, master" rev="1.1.4c" rev-constraint-default="1.1.4c" rev-constraint-dynamic="1.1.4c" callerrev="1.4.5"/>
				<artifacts>
					<artifact name="xpp3_min" type="jar" ext="jar" status="no" details="" size="24956" time="0" location="D:\play-2.1.1\framework\.\..\repository\cache\xpp3\xpp3_min\jars\xpp3_min-1.1.4c.jar">
						<origin-location is-local="false" location="http://repo1.maven.org/maven2/xpp3/xpp3_min/1.1.4c/xpp3_min-1.1.4c.jar"/>
					</artifact>
				</artifacts>
			</revision>
		</module>
		<module organisation="xmlpull" name="xmlpull">
			<revision name="1.1.3.1" status="release" pubdate="20070320081831" resolver="public" artresolver="public" homepage="http://www.xmlpull.org" downloaded="false" searched="false" default="false" conf="compile, master(*), runtime, compile(*), runtime(*), master" position="75">
				<license name="Public Domain" url="http://www.xmlpull.org/v1/download/unpacked/LICENSE.txt"/>
				<metadata-artifact status="no" details="" size="2330" time="0" location="D:\play-2.1.1\framework\.\..\repository\cache\xmlpull\xmlpull\ivy-1.1.3.1.xml" searched="false" origin-is-local="false" origin-location="http://repo1.maven.org/maven2/xmlpull/xmlpull/1.1.3.1/xmlpull-1.1.3.1.pom"/>
				<caller organisation="com.thoughtworks.xstream" name="xstream" conf="default, compile, runtime, master" rev="1.1.3.1" rev-constraint-default="1.1.3.1" rev-constraint-dynamic="1.1.3.1" callerrev="1.4.5"/>
				<artifacts>
					<artifact name="xmlpull" type="jar" ext="jar" status="no" details="" size="7188" time="0" location="D:\play-2.1.1\framework\.\..\repository\cache\xmlpull\xmlpull\jars\xmlpull-1.1.3.1.jar">
						<origin-location is-local="false" location="http://repo1.maven.org/maven2/xmlpull/xmlpull/1.1.3.1/xmlpull-1.1.3.1.jar"/>
					</artifact>
				</artifacts>
			</revision>
		</module>
		<module organisation="commons-io" name="commons-io">
			<revision name="2.4" status="release" pubdate="20120613062206" resolver="public" artresolver="public" homepage="http://commons.apache.org/io/" downloaded="false" searched="false" default="false" conf="default(compile), default, compile, runtime, master, master(*), compile(*), runtime(*)" position="71">
				<metadata-artifact status="no" details="" size="8534" time="0" location="D:\play-2.1.1\framework\.\..\repository\cache\commons-io\commons-io\ivy-2.4.xml" searched="false" origin-is-local="false" origin-location="http://repo1.maven.org/maven2/commons-io/commons-io/2.4/commons-io-2.4.pom"/>
				<caller organisation="org.seleniumhq.selenium" name="selenium-firefox-driver" conf="compile, runtime" rev="2.0.1" rev-constraint-default="2.0.1" rev-constraint-dynamic="2.0.1" callerrev="2.25.0"/>
				<caller organisation="net.sourceforge.htmlunit" name="htmlunit" conf="compile, runtime" rev="2.0.1" rev-constraint-default="2.0.1" rev-constraint-dynamic="2.0.1" callerrev="2.9"/>
				<caller organisation="hssy" name="hssy_2.10" conf="test-internal, test, optional, compile, provided, runtime" rev="2.4" rev-constraint-default="2.4" rev-constraint-dynamic="2.4" callerrev="1.0"/>
				<artifacts>
					<artifact name="commons-io" type="jar" ext="jar" status="no" details="" size="185140" time="0" location="D:\play-2.1.1\framework\.\..\repository\cache\commons-io\commons-io\jars\commons-io-2.4.jar">
						<origin-location is-local="false" location="http://repo1.maven.org/maven2/commons-io/commons-io/2.4/commons-io-2.4.jar"/>
					</artifact>
				</artifacts>
			</revision>
			<revision name="2.0.1" evicted="latest-revision" evicted-reason="" downloaded="false" searched="false" conf="default(compile), compile, master(*), runtime, compile(*), runtime(*), master" position="-1">
				<evicted-by rev="2.4"/>
				<caller organisation="org.seleniumhq.selenium" name="selenium-firefox-driver" conf="compile, runtime" rev="2.0.1" rev-constraint-default="2.0.1" rev-constraint-dynamic="2.0.1" callerrev="2.25.0"/>
				<caller organisation="net.sourceforge.htmlunit" name="htmlunit" conf="compile, runtime" rev="2.0.1" rev-constraint-default="2.0.1" rev-constraint-dynamic="2.0.1" callerrev="2.9"/>
				<caller organisation="hssy" name="hssy_2.10" conf="compile" rev="2.0.1" rev-constraint-default="2.0.1" rev-constraint-dynamic="2.4" callerrev="1.0"/>
				<artifacts>
				</artifacts>
			</revision>
		</module>
		<module organisation="commons-beanutils" name="commons-beanutils">
			<revision name="1.9.1" status="release" pubdate="20140515073821" resolver="Typesafe Releases Repository" artresolver="Typesafe Releases Repository" homepage="http://commons.apache.org/proper/commons-beanutils/" downloaded="false" searched="false" default="false" conf="default(compile), default, compile, runtime, master" position="69">
				<metadata-artifact status="no" details="" size="10101" time="0" location="D:\play-2.1.1\framework\.\..\repository\cache\commons-beanutils\commons-beanutils\ivy-1.9.1.xml" searched="false" origin-is-local="false" origin-location="http://repo.typesafe.com/typesafe/releases/commons-beanutils/commons-beanutils/1.9.1/commons-beanutils-1.9.1.pom"/>
				<caller organisation="hssy" name="hssy_2.10" conf="test-internal, test, optional, compile, provided, runtime" rev="1.9.1" rev-constraint-default="1.9.1" rev-constraint-dynamic="1.9.1" callerrev="1.0"/>
				<artifacts>
					<artifact name="commons-beanutils" type="jar" ext="jar" status="no" details="" size="232563" time="0" location="D:\play-2.1.1\framework\.\..\repository\cache\commons-beanutils\commons-beanutils\jars\commons-beanutils-1.9.1.jar">
						<origin-location is-local="false" location="http://repo.typesafe.com/typesafe/releases/commons-beanutils/commons-beanutils/1.9.1/commons-beanutils-1.9.1.jar"/>
					</artifact>
				</artifacts>
			</revision>
		</module>
		<module organisation="commons-dbcp" name="commons-dbcp">
			<revision name="1.4" status="release" pubdate="20100208015626" resolver="public" artresolver="public" homepage="http://commons.apache.org/dbcp/" downloaded="false" searched="false" default="false" conf="default(compile), default, compile, runtime, master" position="67">
				<metadata-artifact status="no" details="" size="5644" time="0" location="D:\play-2.1.1\framework\.\..\repository\cache\commons-dbcp\commons-dbcp\ivy-1.4.xml" searched="false" origin-is-local="false" origin-location="http://repo1.maven.org/maven2/commons-dbcp/commons-dbcp/1.4/commons-dbcp-1.4.pom"/>
				<caller organisation="hssy" name="hssy_2.10" conf="test-internal, test, optional, compile, provided, runtime" rev="1.4" rev-constraint-default="1.4" rev-constraint-dynamic="1.4" callerrev="1.0"/>
				<artifacts>
					<artifact name="commons-dbcp" type="jar" ext="jar" status="no" details="" size="160519" time="0" location="D:\play-2.1.1\framework\.\..\repository\cache\commons-dbcp\commons-dbcp\jars\commons-dbcp-1.4.jar">
						<origin-location is-local="false" location="http://repo1.maven.org/maven2/commons-dbcp/commons-dbcp/1.4/commons-dbcp-1.4.jar"/>
					</artifact>
				</artifacts>
			</revision>
		</module>
		<module organisation="commons-pool" name="commons-pool">
			<revision name="1.5.4" status="release" pubdate="20130506202533" resolver="Typesafe Releases Repository" artresolver="Typesafe Releases Repository" homepage="http://commons.apache.org/pool/" downloaded="false" searched="false" default="false" conf="compile, master(*), runtime, compile(*), runtime(*), master" position="68">
				<metadata-artifact status="no" details="" size="4859" time="0" location="D:\play-2.1.1\framework\.\..\repository\cache\commons-pool\commons-pool\ivy-1.5.4.xml" searched="false" origin-is-local="false" origin-location="http://repo.typesafe.com/typesafe/releases/commons-pool/commons-pool/1.5.4/commons-pool-1.5.4.pom"/>
				<caller organisation="commons-dbcp" name="commons-dbcp" conf="default, compile, runtime, master" rev="1.5.4" rev-constraint-default="1.5.4" rev-constraint-dynamic="1.5.4" callerrev="1.4"/>
				<artifacts>
					<artifact name="commons-pool" type="jar" ext="jar" status="no" details="" size="96221" time="0" location="D:\play-2.1.1\framework\.\..\repository\cache\commons-pool\commons-pool\jars\commons-pool-1.5.4.jar">
						<origin-location is-local="false" location="http://repo.typesafe.com/typesafe/releases/commons-pool/commons-pool/1.5.4/commons-pool-1.5.4.jar"/>
					</artifact>
				</artifacts>
			</revision>
		</module>
		<module organisation="org.hibernate" name="hibernate-entitymanager">
			<revision name="4.2.2.Final" status="release" pubdate="20130523013752" resolver="public" artresolver="public" homepage="http://hibernate.org" downloaded="false" searched="false" default="false" conf="default(compile), default, compile, runtime, master" position="59">
				<license name="GNU Lesser General Public License" url="http://www.gnu.org/licenses/lgpl-2.1.html"/>
				<metadata-artifact status="no" details="" size="7887" time="0" location="D:\play-2.1.1\framework\.\..\repository\cache\org.hibernate\hibernate-entitymanager\ivy-4.2.2.Final.xml" searched="false" origin-is-local="false" origin-location="http://repo1.maven.org/maven2/org/hibernate/hibernate-entitymanager/4.2.2.Final/hibernate-entitymanager-4.2.2.Final.pom"/>
				<caller organisation="hssy" name="hssy_2.10" conf="test-internal, test, optional, compile, provided, runtime" rev="4.2.2.Final" rev-constraint-default="4.2.2.Final" rev-constraint-dynamic="4.2.2.Final" callerrev="1.0"/>
				<artifacts>
					<artifact name="hibernate-entitymanager" type="jar" ext="jar" status="no" details="" size="484576" time="0" location="D:\play-2.1.1\framework\.\..\repository\cache\org.hibernate\hibernate-entitymanager\jars\hibernate-entitymanager-4.2.2.Final.jar">
						<origin-location is-local="false" location="http://repo1.maven.org/maven2/org/hibernate/hibernate-entitymanager/4.2.2.Final/hibernate-entitymanager-4.2.2.Final.jar"/>
					</artifact>
				</artifacts>
			</revision>
		</module>
		<module organisation="org.hibernate" name="hibernate-core">
			<revision name="4.2.2.Final" status="release" pubdate="20130523013706" resolver="public" artresolver="public" homepage="http://hibernate.org" downloaded="false" searched="false" default="false" conf="compile, master(*), runtime, compile(*), runtime(*), master" position="65">
				<license name="GNU Lesser General Public License" url="http://www.gnu.org/licenses/lgpl-2.1.html"/>
				<metadata-artifact status="no" details="" size="8242" time="0" location="D:\play-2.1.1\framework\.\..\repository\cache\org.hibernate\hibernate-core\ivy-4.2.2.Final.xml" searched="false" origin-is-local="false" origin-location="http://repo1.maven.org/maven2/org/hibernate/hibernate-core/4.2.2.Final/hibernate-core-4.2.2.Final.pom"/>
				<caller organisation="org.hibernate" name="hibernate-entitymanager" conf="default, compile, runtime, master" rev="4.2.2.Final" rev-constraint-default="4.2.2.Final" rev-constraint-dynamic="4.2.2.Final" callerrev="4.2.2.Final"/>
				<artifacts>
					<artifact name="hibernate-core" type="jar" ext="jar" status="no" details="" size="4620254" time="0" location="D:\play-2.1.1\framework\.\..\repository\cache\org.hibernate\hibernate-core\jars\hibernate-core-4.2.2.Final.jar">
						<origin-location is-local="false" location="http://repo1.maven.org/maven2/org/hibernate/hibernate-core/4.2.2.Final/hibernate-core-4.2.2.Final.jar"/>
					</artifact>
				</artifacts>
			</revision>
		</module>
		<module organisation="antlr" name="antlr">
			<revision name="2.7.7" status="release" pubdate="20070113172839" resolver="local" artresolver="local" homepage="http://www.antlr.org/" downloaded="false" searched="false" default="false" conf="compile, master(*), runtime, compile(*), runtime(*), master" position="66">
				<license name="BSD License" url="http://www.antlr.org/license.html"/>
				<metadata-artifact status="no" details="" size="2430" time="0" location="D:\play-2.1.1\framework\.\..\repository\cache\antlr\antlr\ivy-2.7.7.xml" searched="false" origin-is-local="true" origin-location="D:\play-2.1.1\repository\local\antlr\antlr\2.7.7\ivys\ivy.xml"/>
				<caller organisation="org.hibernate" name="hibernate-core" conf="compile, runtime" rev="2.7.7" rev-constraint-default="2.7.7" rev-constraint-dynamic="2.7.7" callerrev="4.2.2.Final"/>
				<artifacts>
					<artifact name="antlr" type="jar" ext="jar" status="no" details="" size="445288" time="0" location="D:\play-2.1.1\repository\local\antlr\antlr\2.7.7\jars\antlr.jar">
						<origin-location is-local="true" location="D:\play-2.1.1\repository\local\antlr\antlr\2.7.7\jars\antlr.jar"/>
					</artifact>
				</artifacts>
			</revision>
		</module>
		<module organisation="org.hibernate.common" name="hibernate-commons-annotations">
			<revision name="4.0.2.Final" status="release" pubdate="20130511024817" resolver="public" artresolver="public" homepage="http://hibernate.org" downloaded="false" searched="false" default="false" conf="compile, master(*), runtime, compile(*), runtime(*), master" position="64">
				<license name="GNU LESSER GENERAL PUBLIC LICENSE" url="http://www.gnu.org/licenses/lgpl-2.1.html"/>
				<metadata-artifact status="no" details="" size="3435" time="0" location="D:\play-2.1.1\framework\.\..\repository\cache\org.hibernate.common\hibernate-commons-annotations\ivy-4.0.2.Final.xml" searched="false" origin-is-local="false" origin-location="http://repo1.maven.org/maven2/org/hibernate/common/hibernate-commons-annotations/4.0.2.Final/hibernate-commons-annotations-4.0.2.Final.pom"/>
				<caller organisation="org.hibernate" name="hibernate-entitymanager" conf="default, compile, runtime, master" rev="4.0.2.Final" rev-constraint-default="4.0.2.Final" rev-constraint-dynamic="4.0.2.Final" callerrev="4.2.2.Final"/>
				<caller organisation="org.hibernate" name="hibernate-core" conf="compile, runtime" rev="4.0.2.Final" rev-constraint-default="4.0.2.Final" rev-constraint-dynamic="4.0.2.Final" callerrev="4.2.2.Final"/>
				<artifacts>
					<artifact name="hibernate-commons-annotations" type="jar" ext="jar" status="no" details="" size="81830" time="0" location="D:\play-2.1.1\framework\.\..\repository\cache\org.hibernate.common\hibernate-commons-annotations\jars\hibernate-commons-annotations-4.0.2.Final.jar">
						<origin-location is-local="false" location="http://repo1.maven.org/maven2/org/hibernate/common/hibernate-commons-annotations/4.0.2.Final/hibernate-commons-annotations-4.0.2.Final.jar"/>
					</artifact>
				</artifacts>
			</revision>
		</module>
		<module organisation="org.jboss.spec.javax.transaction" name="jboss-transaction-api_1.1_spec">
			<revision name="1.0.1.Final" status="release" pubdate="20120318004951" resolver="public" artresolver="public" homepage="" downloaded="false" searched="false" default="false" conf="compile, master(*), runtime, compile(*), runtime(*), master" position="62">
				<license name="Common Development and Distribution License" url="http://repository.jboss.org/licenses/cddl.txt"/>
				<license name="GNU General Public License, Version 2 with the Classpath Exception" url="http://repository.jboss.org/licenses/gpl-2.0-ce.txt"/>
				<metadata-artifact status="no" details="" size="7936" time="0" location="D:\play-2.1.1\framework\.\..\repository\cache\org.jboss.spec.javax.transaction\jboss-transaction-api_1.1_spec\ivy-1.0.1.Final.xml" searched="false" origin-is-local="false" origin-location="http://repo1.maven.org/maven2/org/jboss/spec/javax/transaction/jboss-transaction-api_1.1_spec/1.0.1.Final/jboss-transaction-api_1.1_spec-1.0.1.Final.pom"/>
				<caller organisation="org.hibernate" name="hibernate-entitymanager" conf="default, compile, runtime, master" rev="1.0.1.Final" rev-constraint-default="1.0.1.Final" rev-constraint-dynamic="1.0.1.Final" callerrev="4.2.2.Final"/>
				<caller organisation="org.hibernate" name="hibernate-core" conf="compile, runtime" rev="1.0.1.Final" rev-constraint-default="1.0.1.Final" rev-constraint-dynamic="1.0.1.Final" callerrev="4.2.2.Final"/>
				<artifacts>
					<artifact name="jboss-transaction-api_1.1_spec" type="jar" ext="jar" status="no" details="" size="25215" time="0" location="D:\play-2.1.1\framework\.\..\repository\cache\org.jboss.spec.javax.transaction\jboss-transaction-api_1.1_spec\jars\jboss-transaction-api_1.1_spec-1.0.1.Final.jar">
						<origin-location is-local="false" location="http://repo1.maven.org/maven2/org/jboss/spec/javax/transaction/jboss-transaction-api_1.1_spec/1.0.1.Final/jboss-transaction-api_1.1_spec-1.0.1.Final.jar"/>
					</artifact>
				</artifacts>
			</revision>
		</module>
		<module organisation="org.jboss.logging" name="jboss-logging">
			<revision name="3.1.0.GA" status="release" pubdate="20120203015717" resolver="public" artresolver="public" homepage="http://www.jboss.org" downloaded="false" searched="false" default="false" conf="compile, master(*), runtime, compile(*), runtime(*), master" position="60">
				<license name="GNU Lesser General Public License, version 2.1" url="http://www.gnu.org/licenses/lgpl-2.1.txt"/>
				<metadata-artifact status="no" details="" size="7978" time="0" location="D:\play-2.1.1\framework\.\..\repository\cache\org.jboss.logging\jboss-logging\ivy-3.1.0.GA.xml" searched="false" origin-is-local="false" origin-location="http://repo1.maven.org/maven2/org/jboss/logging/jboss-logging/3.1.0.GA/jboss-logging-3.1.0.GA.pom"/>
				<caller organisation="org.hibernate.common" name="hibernate-commons-annotations" conf="compile, runtime" rev="3.1.0.CR2" rev-constraint-default="3.1.0.CR2" rev-constraint-dynamic="3.1.0.CR2" callerrev="4.0.2.Final"/>
				<caller organisation="org.hibernate" name="hibernate-entitymanager" conf="default, compile, runtime, master" rev="3.1.0.GA" rev-constraint-default="3.1.0.GA" rev-constraint-dynamic="3.1.0.GA" callerrev="4.2.2.Final"/>
				<caller organisation="org.hibernate" name="hibernate-core" conf="compile, runtime" rev="3.1.0.GA" rev-constraint-default="3.1.0.GA" rev-constraint-dynamic="3.1.0.GA" callerrev="4.2.2.Final"/>
				<caller organisation="org.hibernate" name="hibernate-validator" conf="default, compile, runtime, master" rev="3.1.0.CR2" rev-constraint-default="3.1.0.CR2" rev-constraint-dynamic="3.1.0.CR2" callerrev="4.3.0.Final"/>
				<artifacts>
					<artifact name="jboss-logging" type="jar" ext="jar" status="no" details="" size="60768" time="0" location="D:\play-2.1.1\framework\.\..\repository\cache\org.jboss.logging\jboss-logging\jars\jboss-logging-3.1.0.GA.jar">
						<origin-location is-local="false" location="http://repo1.maven.org/maven2/org/jboss/logging/jboss-logging/3.1.0.GA/jboss-logging-3.1.0.GA.jar"/>
					</artifact>
				</artifacts>
			</revision>
			<revision name="3.1.0.CR2" status="release" pubdate="20111123145344" resolver="local" artresolver="local" evicted="latest-revision" evicted-reason="" homepage="http://www.jboss.org" downloaded="false" searched="false" default="false" conf="compile, master(*), runtime, compile(*), runtime(*), master" position="-1">
				<license name="GNU Lesser General Public License, version 2.1" url="http://www.gnu.org/licenses/lgpl-2.1.txt"/>
				<metadata-artifact status="no" details="" size="7346" time="0" location="D:\play-2.1.1\framework\.\..\repository\cache\org.jboss.logging\jboss-logging\ivy-3.1.0.CR2.xml" searched="false" origin-is-local="true" origin-location="D:\play-2.1.1\repository\local\org.jboss.logging\jboss-logging\3.1.0.CR2\ivys\ivy.xml"/>
				<evicted-by rev="3.1.0.GA"/>
				<caller organisation="org.hibernate.common" name="hibernate-commons-annotations" conf="compile, runtime" rev="3.1.0.CR2" rev-constraint-default="3.1.0.CR2" rev-constraint-dynamic="3.1.0.CR2" callerrev="4.0.2.Final"/>
				<caller organisation="org.hibernate" name="hibernate-validator" conf="default, compile, runtime, master" rev="3.1.0.CR2" rev-constraint-default="3.1.0.CR2" rev-constraint-dynamic="3.1.0.CR2" callerrev="4.3.0.Final"/>
				<artifacts>
				</artifacts>
			</revision>
		</module>
		<module organisation="org.springframework.data" name="spring-data-jpa">
			<revision name="1.4.2.RELEASE" status="release" pubdate="20131025225141" resolver="public" artresolver="public" homepage="http://www.springframework.org/spring-data/jpa" downloaded="false" searched="false" default="false" conf="default(compile), default, compile, runtime, master" position="55">
				<metadata-artifact status="no" details="" size="10240" time="0" location="D:\play-2.1.1\framework\.\..\repository\cache\org.springframework.data\spring-data-jpa\ivy-1.4.2.RELEASE.xml" searched="false" origin-is-local="false" origin-location="http://repo1.maven.org/maven2/org/springframework/data/spring-data-jpa/1.4.2.RELEASE/spring-data-jpa-1.4.2.RELEASE.pom"/>
				<caller organisation="hssy" name="hssy_2.10" conf="test-internal, test, optional, compile, provided, runtime" rev="1.4.2.RELEASE" rev-constraint-default="1.4.2.RELEASE" rev-constraint-dynamic="1.4.2.RELEASE" callerrev="1.0"/>
				<artifacts>
					<artifact name="spring-data-jpa" type="jar" ext="jar" status="no" details="" size="161900" time="0" location="D:\play-2.1.1\framework\.\..\repository\cache\org.springframework.data\spring-data-jpa\jars\spring-data-jpa-1.4.2.RELEASE.jar">
						<origin-location is-local="false" location="http://repo1.maven.org/maven2/org/springframework/data/spring-data-jpa/1.4.2.RELEASE/spring-data-jpa-1.4.2.RELEASE.jar"/>
					</artifact>
				</artifacts>
			</revision>
		</module>
		<module organisation="org.aspectj" name="aspectjrt">
			<revision name="1.7.2" status="release" pubdate="20130223053940" resolver="public" artresolver="public" homepage="http://www.aspectj.org" downloaded="false" searched="false" default="false" conf="compile, master(*), runtime, compile(*), runtime(*), master" position="57">
				<license name="Eclipse Public License - v 1.0" url="http://www.eclipse.org/legal/epl-v10.html"/>
				<metadata-artifact status="no" details="" size="2412" time="0" location="D:\play-2.1.1\framework\.\..\repository\cache\org.aspectj\aspectjrt\ivy-1.7.2.xml" searched="false" origin-is-local="false" origin-location="http://repo1.maven.org/maven2/org/aspectj/aspectjrt/1.7.2/aspectjrt-1.7.2.pom"/>
				<caller organisation="org.springframework.data" name="spring-data-jpa" conf="default, compile, runtime, master" rev="1.7.2" rev-constraint-default="1.7.2" rev-constraint-dynamic="1.7.2" callerrev="1.4.2.RELEASE"/>
				<artifacts>
					<artifact name="aspectjrt" type="jar" ext="jar" status="no" details="" size="116847" time="0" location="D:\play-2.1.1\framework\.\..\repository\cache\org.aspectj\aspectjrt\jars\aspectjrt-1.7.2.jar">
						<origin-location is-local="false" location="http://repo1.maven.org/maven2/org/aspectj/aspectjrt/1.7.2/aspectjrt-1.7.2.jar"/>
					</artifact>
				</artifacts>
			</revision>
		</module>
		<module organisation="org.springframework.data" name="spring-data-commons">
			<revision name="1.6.2.RELEASE" status="release" pubdate="20131025203943" resolver="public" artresolver="public" homepage="" downloaded="false" searched="false" default="false" conf="compile, master(*), runtime, compile(*), runtime(*), master" position="56">
				<metadata-artifact status="no" details="" size="9385" time="0" location="D:\play-2.1.1\framework\.\..\repository\cache\org.springframework.data\spring-data-commons\ivy-1.6.2.RELEASE.xml" searched="false" origin-is-local="false" origin-location="http://repo1.maven.org/maven2/org/springframework/data/spring-data-commons/1.6.2.RELEASE/spring-data-commons-1.6.2.RELEASE.pom"/>
				<caller organisation="org.springframework.data" name="spring-data-jpa" conf="default, compile, runtime, master" rev="1.6.2.RELEASE" rev-constraint-default="1.6.2.RELEASE" rev-constraint-dynamic="1.6.2.RELEASE" callerrev="1.4.2.RELEASE"/>
				<artifacts>
					<artifact name="spring-data-commons" type="jar" ext="jar" status="no" details="" size="382147" time="0" location="D:\play-2.1.1\framework\.\..\repository\cache\org.springframework.data\spring-data-commons\jars\spring-data-commons-1.6.2.RELEASE.jar">
						<origin-location is-local="false" location="http://repo1.maven.org/maven2/org/springframework/data/spring-data-commons/1.6.2.RELEASE/spring-data-commons-1.6.2.RELEASE.jar"/>
					</artifact>
				</artifacts>
			</revision>
		</module>
		<module organisation="org.slf4j" name="jcl-over-slf4j">
			<revision name="1.7.1" status="release" pubdate="20120915051239" resolver="public" artresolver="public" homepage="http://www.slf4j.org" downloaded="false" searched="false" default="false" conf="compile, master(*), runtime, compile(*), runtime(*), master, default(compile), default" position="58">
				<metadata-artifact status="no" details="" size="4680" time="0" location="D:\play-2.1.1\framework\.\..\repository\cache\org.slf4j\jcl-over-slf4j\ivy-1.7.1.xml" searched="false" origin-is-local="false" origin-location="http://repo1.maven.org/maven2/org/slf4j/jcl-over-slf4j/1.7.1/jcl-over-slf4j-1.7.1.pom"/>
				<caller organisation="org.springframework.data" name="spring-data-jpa" conf="default, compile, runtime, master" rev="1.7.1" rev-constraint-default="1.7.1" rev-constraint-dynamic="1.7.1" callerrev="1.4.2.RELEASE"/>
				<caller organisation="org.springframework.data" name="spring-data-commons" conf="compile, runtime" rev="1.7.1" rev-constraint-default="1.7.1" rev-constraint-dynamic="1.7.1" callerrev="1.6.2.RELEASE"/>
				<caller organisation="play" name="play_2.10" conf="compile" rev="1.6.6" rev-constraint-default="1.6.6" rev-constraint-dynamic="1.6.6" callerrev="2.1.1"/>
				<artifacts>
					<artifact name="jcl-over-slf4j" type="jar" ext="jar" status="no" details="" size="16458" time="0" location="D:\play-2.1.1\framework\.\..\repository\cache\org.slf4j\jcl-over-slf4j\jars\jcl-over-slf4j-1.7.1.jar">
						<origin-location is-local="false" location="http://repo1.maven.org/maven2/org/slf4j/jcl-over-slf4j/1.7.1/jcl-over-slf4j-1.7.1.jar"/>
					</artifact>
				</artifacts>
			</revision>
			<revision name="1.6.6" status="release" pubdate="20120612004300" resolver="local" artresolver="local" evicted="latest-revision" evicted-reason="" homepage="http://www.slf4j.org" downloaded="false" searched="false" default="false" conf="default(compile), default, compile, runtime, master" position="-1">
				<metadata-artifact status="no" details="" size="4565" time="0" location="D:\play-2.1.1\framework\.\..\repository\cache\org.slf4j\jcl-over-slf4j\ivy-1.6.6.xml" searched="false" origin-is-local="true" origin-location="D:\play-2.1.1\repository\local\org.slf4j\jcl-over-slf4j\1.6.6\ivys\ivy.xml"/>
				<evicted-by rev="1.7.1"/>
				<caller organisation="play" name="play_2.10" conf="compile" rev="1.6.6" rev-constraint-default="1.6.6" rev-constraint-dynamic="1.6.6" callerrev="2.1.1"/>
				<artifacts>
				</artifacts>
			</revision>
		</module>
		<module organisation="org.springframework" name="spring-test">
			<revision name="3.2.3.RELEASE" status="release" pubdate="20130521032551" resolver="public" artresolver="public" homepage="https://github.com/SpringSource/spring-framework" downloaded="false" searched="false" default="false" conf="default(compile), default, compile, runtime, master" position="54">
				<license name="The Apache Software License, Version 2.0" url="http://www.apache.org/licenses/LICENSE-2.0.txt"/>
				<metadata-artifact status="no" details="" size="5453" time="0" location="D:\play-2.1.1\framework\.\..\repository\cache\org.springframework\spring-test\ivy-3.2.3.RELEASE.xml" searched="false" origin-is-local="false" origin-location="http://repo1.maven.org/maven2/org/springframework/spring-test/3.2.3.RELEASE/spring-test-3.2.3.RELEASE.pom"/>
				<caller organisation="hssy" name="hssy_2.10" conf="test-internal, test, optional, compile, provided, runtime" rev="3.2.3.RELEASE" rev-constraint-default="3.2.3.RELEASE" rev-constraint-dynamic="3.2.3.RELEASE" callerrev="1.0"/>
				<artifacts>
					<artifact name="spring-test" type="jar" ext="jar" status="no" details="" size="456152" time="0" location="D:\play-2.1.1\framework\.\..\repository\cache\org.springframework\spring-test\jars\spring-test-3.2.3.RELEASE.jar">
						<origin-location is-local="false" location="http://repo1.maven.org/maven2/org/springframework/spring-test/3.2.3.RELEASE/spring-test-3.2.3.RELEASE.jar"/>
					</artifact>
				</artifacts>
			</revision>
		</module>
		<module organisation="junit" name="junit">
			<revision name="4.11" status="release" pubdate="20121115032147" resolver="public" artresolver="public" homepage="http://junit.org" downloaded="false" searched="false" default="false" conf="default(compile), default, compile, runtime, master" position="72">
				<license name="Common Public License Version 1.0" url="http://www.opensource.org/licenses/cpl1.0.txt"/>
				<metadata-artifact status="no" details="" size="2799" time="0" location="D:\play-2.1.1\framework\.\..\repository\cache\junit\junit\ivy-4.11.xml" searched="false" origin-is-local="false" origin-location="http://repo1.maven.org/maven2/junit/junit/4.11/junit-4.11.pom"/>
				<caller organisation="hssy" name="hssy_2.10" conf="test-internal, test, optional, compile, provided, runtime" rev="4.11" rev-constraint-default="4.11" rev-constraint-dynamic="4.11" callerrev="1.0"/>
				<artifacts>
					<artifact name="junit" type="jar" ext="jar" status="no" details="" size="245039" time="0" location="D:\play-2.1.1\framework\.\..\repository\cache\junit\junit\jars\junit-4.11.jar">
						<origin-location is-local="false" location="http://repo1.maven.org/maven2/junit/junit/4.11/junit-4.11.jar"/>
					</artifact>
				</artifacts>
			</revision>
		</module>
		<module organisation="org.hamcrest" name="hamcrest-core">
			<revision name="1.3" status="release" pubdate="20120710050802" resolver="public" artresolver="public" homepage="" downloaded="false" searched="false" default="false" conf="compile, master(*), runtime, compile(*), runtime(*), master" position="73">
				<metadata-artifact status="no" details="" size="2425" time="0" location="D:\play-2.1.1\framework\.\..\repository\cache\org.hamcrest\hamcrest-core\ivy-1.3.xml" searched="false" origin-is-local="false" origin-location="http://repo1.maven.org/maven2/org/hamcrest/hamcrest-core/1.3/hamcrest-core-1.3.pom"/>
				<caller organisation="junit" name="junit-dep" conf="default, compile, runtime, master" rev="1.1" rev-constraint-default="1.1" rev-constraint-dynamic="1.1" callerrev="4.10"/>
				<caller organisation="junit" name="junit" conf="default, compile, runtime, master" rev="1.3" rev-constraint-default="1.3" rev-constraint-dynamic="1.3" callerrev="4.11"/>
				<artifacts>
					<artifact name="hamcrest-core" type="jar" ext="jar" status="no" details="" size="45024" time="0" location="D:\play-2.1.1\framework\.\..\repository\cache\org.hamcrest\hamcrest-core\jars\hamcrest-core-1.3.jar">
						<origin-location is-local="false" location="http://repo1.maven.org/maven2/org/hamcrest/hamcrest-core/1.3/hamcrest-core-1.3.jar"/>
					</artifact>
				</artifacts>
			</revision>
			<revision name="1.1" evicted="latest-revision" evicted-reason="" downloaded="false" searched="false" conf="compile, master(*), runtime, compile(*), runtime(*), master" position="-1">
				<evicted-by rev="1.3"/>
				<caller organisation="junit" name="junit-dep" conf="default, compile, runtime, master" rev="1.1" rev-constraint-default="1.1" rev-constraint-dynamic="1.1" callerrev="4.10"/>
				<artifacts>
				</artifacts>
			</revision>
		</module>
		<module organisation="org.springframework" name="spring-aspects">
			<revision name="3.2.3.RELEASE" status="release" pubdate="20130521032605" resolver="public" artresolver="public" homepage="https://github.com/SpringSource/spring-framework" downloaded="false" searched="false" default="false" conf="default(compile), default, compile, runtime, master" position="47">
				<license name="The Apache Software License, Version 2.0" url="http://www.apache.org/licenses/LICENSE-2.0.txt"/>
				<metadata-artifact status="no" details="" size="3589" time="0" location="D:\play-2.1.1\framework\.\..\repository\cache\org.springframework\spring-aspects\ivy-3.2.3.RELEASE.xml" searched="false" origin-is-local="false" origin-location="http://repo1.maven.org/maven2/org/springframework/spring-aspects/3.2.3.RELEASE/spring-aspects-3.2.3.RELEASE.pom"/>
				<caller organisation="hssy" name="hssy_2.10" conf="test-internal, test, optional, compile, provided, runtime" rev="3.2.3.RELEASE" rev-constraint-default="3.2.3.RELEASE" rev-constraint-dynamic="3.2.3.RELEASE" callerrev="1.0"/>
				<artifacts>
					<artifact name="spring-aspects" type="jar" ext="jar" status="no" details="" size="51127" time="0" location="D:\play-2.1.1\framework\.\..\repository\cache\org.springframework\spring-aspects\jars\spring-aspects-3.2.3.RELEASE.jar">
						<origin-location is-local="false" location="http://repo1.maven.org/maven2/org/springframework/spring-aspects/3.2.3.RELEASE/spring-aspects-3.2.3.RELEASE.jar"/>
					</artifact>
				</artifacts>
			</revision>
		</module>
		<module organisation="org.springframework" name="spring-orm">
			<revision name="3.2.3.RELEASE" status="release" pubdate="20130521032542" resolver="public" artresolver="public" homepage="https://github.com/SpringSource/spring-framework" downloaded="false" searched="false" default="false" conf="default(compile), default, compile, runtime, master, master(*), compile(*), runtime(*)" position="51">
				<license name="The Apache Software License, Version 2.0" url="http://www.apache.org/licenses/LICENSE-2.0.txt"/>
				<metadata-artifact status="no" details="" size="5306" time="0" location="D:\play-2.1.1\framework\.\..\repository\cache\org.springframework\spring-orm\ivy-3.2.3.RELEASE.xml" searched="false" origin-is-local="false" origin-location="http://repo1.maven.org/maven2/org/springframework/spring-orm/3.2.3.RELEASE/spring-orm-3.2.3.RELEASE.pom"/>
				<caller organisation="org.springframework.data" name="spring-data-jpa" conf="default, compile, runtime, master" rev="3.1.4.RELEASE" rev-constraint-default="3.1.4.RELEASE" rev-constraint-dynamic="3.1.4.RELEASE" callerrev="1.4.2.RELEASE"/>
				<caller organisation="hssy" name="hssy_2.10" conf="test-internal, test, optional, compile, provided, runtime" rev="3.2.3.RELEASE" rev-constraint-default="3.2.3.RELEASE" rev-constraint-dynamic="3.2.3.RELEASE" callerrev="1.0"/>
				<artifacts>
					<artifact name="spring-orm" type="jar" ext="jar" status="no" details="" size="386878" time="0" location="D:\play-2.1.1\framework\.\..\repository\cache\org.springframework\spring-orm\jars\spring-orm-3.2.3.RELEASE.jar">
						<origin-location is-local="false" location="http://repo1.maven.org/maven2/org/springframework/spring-orm/3.2.3.RELEASE/spring-orm-3.2.3.RELEASE.jar"/>
					</artifact>
				</artifacts>
			</revision>
			<revision name="3.1.4.RELEASE" evicted="latest-revision" evicted-reason="" downloaded="false" searched="false" conf="compile, master(*), runtime, compile(*), runtime(*), master" position="-1">
				<evicted-by rev="3.2.3.RELEASE"/>
				<caller organisation="org.springframework.data" name="spring-data-jpa" conf="default, compile, runtime, master" rev="3.1.4.RELEASE" rev-constraint-default="3.1.4.RELEASE" rev-constraint-dynamic="3.1.4.RELEASE" callerrev="1.4.2.RELEASE"/>
				<artifacts>
				</artifacts>
			</revision>
		</module>
		<module organisation="org.springframework" name="spring-context-support">
			<revision name="3.2.3.RELEASE" status="release" pubdate="20130521032543" resolver="public" artresolver="public" homepage="https://github.com/SpringSource/spring-framework" downloaded="false" searched="false" default="false" conf="default(compile), default, compile, master(*), runtime, compile(*), runtime(*), master" position="49">
				<license name="The Apache Software License, Version 2.0" url="http://www.apache.org/licenses/LICENSE-2.0.txt"/>
				<metadata-artifact status="no" details="" size="4519" time="0" location="D:\play-2.1.1\framework\.\..\repository\cache\org.springframework\spring-context-support\ivy-3.2.3.RELEASE.xml" searched="false" origin-is-local="false" origin-location="http://repo1.maven.org/maven2/org/springframework/spring-context-support/3.2.3.RELEASE/spring-context-support-3.2.3.RELEASE.pom"/>
				<caller organisation="org.springframework" name="spring-aspects" conf="default, compile, runtime, master" rev="3.2.3.RELEASE" rev-constraint-default="3.2.3.RELEASE" rev-constraint-dynamic="3.2.3.RELEASE" callerrev="3.2.3.RELEASE"/>
				<caller organisation="hssy" name="hssy_2.10" conf="test-internal, test, optional, compile, provided, runtime" rev="3.2.3.RELEASE" rev-constraint-default="3.2.3.RELEASE" rev-constraint-dynamic="3.2.3.RELEASE" callerrev="1.0"/>
				<artifacts>
					<artifact name="spring-context-support" type="jar" ext="jar" status="no" details="" size="127656" time="0" location="D:\play-2.1.1\framework\.\..\repository\cache\org.springframework\spring-context-support\jars\spring-context-support-3.2.3.RELEASE.jar">
						<origin-location is-local="false" location="http://repo1.maven.org/maven2/org/springframework/spring-context-support/3.2.3.RELEASE/spring-context-support-3.2.3.RELEASE.jar"/>
					</artifact>
				</artifacts>
			</revision>
		</module>
		<module organisation="org.springframework" name="spring-jdbc">
			<revision name="3.2.3.RELEASE" status="release" pubdate="20130521032542" resolver="public" artresolver="public" homepage="https://github.com/SpringSource/spring-framework" downloaded="false" searched="false" default="false" conf="default(compile), default, compile, master(*), runtime, compile(*), runtime(*), master" position="52">
				<license name="The Apache Software License, Version 2.0" url="http://www.apache.org/licenses/LICENSE-2.0.txt"/>
				<metadata-artifact status="no" details="" size="3771" time="0" location="D:\play-2.1.1\framework\.\..\repository\cache\org.springframework\spring-jdbc\ivy-3.2.3.RELEASE.xml" searched="false" origin-is-local="false" origin-location="http://repo1.maven.org/maven2/org/springframework/spring-jdbc/3.2.3.RELEASE/spring-jdbc-3.2.3.RELEASE.pom"/>
				<caller organisation="org.springframework" name="spring-orm" conf="default, compile, runtime, master" rev="3.2.3.RELEASE" rev-constraint-default="3.2.3.RELEASE" rev-constraint-dynamic="3.2.3.RELEASE" callerrev="3.2.3.RELEASE"/>
				<caller organisation="hssy" name="hssy_2.10" conf="test-internal, test, optional, compile, provided, runtime" rev="3.2.3.RELEASE" rev-constraint-default="3.2.3.RELEASE" rev-constraint-dynamic="3.2.3.RELEASE" callerrev="1.0"/>
				<artifacts>
					<artifact name="spring-jdbc" type="jar" ext="jar" status="no" details="" size="405170" time="0" location="D:\play-2.1.1\framework\.\..\repository\cache\org.springframework\spring-jdbc\jars\spring-jdbc-3.2.3.RELEASE.jar">
						<origin-location is-local="false" location="http://repo1.maven.org/maven2/org/springframework/spring-jdbc/3.2.3.RELEASE/spring-jdbc-3.2.3.RELEASE.jar"/>
					</artifact>
				</artifacts>
			</revision>
		</module>
		<module organisation="org.springframework" name="spring-tx">
			<revision name="3.2.3.RELEASE" status="release" pubdate="20130521032533" resolver="public" artresolver="public" homepage="https://github.com/SpringSource/spring-framework" downloaded="false" searched="false" default="false" conf="default(compile), default, compile, master(*), runtime, compile(*), runtime(*), master" position="53">
				<license name="The Apache Software License, Version 2.0" url="http://www.apache.org/licenses/LICENSE-2.0.txt"/>
				<metadata-artifact status="no" details="" size="3685" time="0" location="D:\play-2.1.1\framework\.\..\repository\cache\org.springframework\spring-tx\ivy-3.2.3.RELEASE.xml" searched="false" origin-is-local="false" origin-location="http://repo1.maven.org/maven2/org/springframework/spring-tx/3.2.3.RELEASE/spring-tx-3.2.3.RELEASE.pom"/>
				<caller organisation="org.springframework.data" name="spring-data-jpa" conf="default, compile, runtime, master" rev="3.1.4.RELEASE" rev-constraint-default="3.1.4.RELEASE" rev-constraint-dynamic="3.1.4.RELEASE" callerrev="1.4.2.RELEASE"/>
				<caller organisation="org.springframework" name="spring-jdbc" conf="compile, runtime" rev="3.2.3.RELEASE" rev-constraint-default="3.2.3.RELEASE" rev-constraint-dynamic="3.2.3.RELEASE" callerrev="3.2.3.RELEASE"/>
				<caller organisation="org.springframework" name="spring-orm" conf="default, compile, runtime, master" rev="3.2.3.RELEASE" rev-constraint-default="3.2.3.RELEASE" rev-constraint-dynamic="3.2.3.RELEASE" callerrev="3.2.3.RELEASE"/>
				<caller organisation="hssy" name="hssy_2.10" conf="test-internal, test, optional, compile, provided, runtime" rev="3.2.3.RELEASE" rev-constraint-default="3.2.3.RELEASE" rev-constraint-dynamic="3.2.3.RELEASE" callerrev="1.0"/>
				<artifacts>
					<artifact name="spring-tx" type="jar" ext="jar" status="no" details="" size="242177" time="0" location="D:\play-2.1.1\framework\.\..\repository\cache\org.springframework\spring-tx\jars\spring-tx-3.2.3.RELEASE.jar">
						<origin-location is-local="false" location="http://repo1.maven.org/maven2/org/springframework/spring-tx/3.2.3.RELEASE/spring-tx-3.2.3.RELEASE.jar"/>
					</artifact>
				</artifacts>
			</revision>
			<revision name="3.1.4.RELEASE" evicted="latest-revision" evicted-reason="" downloaded="false" searched="false" conf="compile, master(*), runtime, compile(*), runtime(*), master" position="-1">
				<evicted-by rev="3.2.3.RELEASE"/>
				<caller organisation="org.springframework.data" name="spring-data-jpa" conf="default, compile, runtime, master" rev="3.1.4.RELEASE" rev-constraint-default="3.1.4.RELEASE" rev-constraint-dynamic="3.1.4.RELEASE" callerrev="1.4.2.RELEASE"/>
				<artifacts>
				</artifacts>
			</revision>
		</module>
		<module organisation="mysql" name="mysql-connector-java">
			<revision name="5.1.29" status="release" pubdate="20140129163224" resolver="public" artresolver="public" homepage="http://dev.mysql.com/usingmysql/java/" downloaded="false" searched="false" default="false" conf="default(compile), default, compile, runtime, master" position="43">
				<license name="The GNU General Public License, Version 2" url="http://www.gnu.org/licenses/gpl.txt"/>
				<metadata-artifact status="no" details="" size="2416" time="0" location="D:\play-2.1.1\framework\.\..\repository\cache\mysql\mysql-connector-java\ivy-5.1.29.xml" searched="false" origin-is-local="false" origin-location="http://repo1.maven.org/maven2/mysql/mysql-connector-java/5.1.29/mysql-connector-java-5.1.29.pom"/>
				<caller organisation="hssy" name="hssy_2.10" conf="test-internal, test, optional, compile, provided, runtime" rev="5.1.29" rev-constraint-default="5.1.29" rev-constraint-dynamic="5.1.29" callerrev="1.0"/>
				<artifacts>
					<artifact name="mysql-connector-java" type="jar" ext="jar" status="no" details="" size="876730" time="0" location="D:\play-2.1.1\framework\.\..\repository\cache\mysql\mysql-connector-java\jars\mysql-connector-java-5.1.29.jar">
						<origin-location is-local="false" location="http://repo1.maven.org/maven2/mysql/mysql-connector-java/5.1.29/mysql-connector-java-5.1.29.jar"/>
					</artifact>
				</artifacts>
			</revision>
		</module>
		<module organisation="org.springframework" name="spring-context">
			<revision name="3.2.3.RELEASE" status="release" pubdate="20130521032545" resolver="public" artresolver="public" homepage="https://github.com/SpringSource/spring-framework" downloaded="false" searched="false" default="false" conf="default(compile), default, compile, master(*), runtime, compile(*), runtime(*), master" position="37">
				<license name="The Apache Software License, Version 2.0" url="http://www.apache.org/licenses/LICENSE-2.0.txt"/>
				<metadata-artifact status="no" details="" size="4946" time="0" location="D:\play-2.1.1\framework\.\..\repository\cache\org.springframework\spring-context\ivy-3.2.3.RELEASE.xml" searched="false" origin-is-local="false" origin-location="http://repo1.maven.org/maven2/org/springframework/spring-context/3.2.3.RELEASE/spring-context-3.2.3.RELEASE.pom"/>
				<caller organisation="org.springframework.data" name="spring-data-jpa" conf="default, compile, runtime, master" rev="3.1.4.RELEASE" rev-constraint-default="3.1.4.RELEASE" rev-constraint-dynamic="3.1.4.RELEASE" callerrev="1.4.2.RELEASE"/>
				<caller organisation="org.springframework" name="spring-context-support" conf="compile, runtime" rev="3.2.3.RELEASE" rev-constraint-default="3.2.3.RELEASE" rev-constraint-dynamic="3.2.3.RELEASE" callerrev="3.2.3.RELEASE"/>
				<caller organisation="play" name="play-java_2.10" conf="compile" rev="3.1.2.RELEASE" rev-constraint-default="3.1.2.RELEASE" rev-constraint-dynamic="3.1.2.RELEASE" callerrev="2.1.1"/>
				<caller organisation="hssy" name="hssy_2.10" conf="test-internal, test, optional, compile, provided, runtime" rev="3.2.3.RELEASE" rev-constraint-default="3.2.3.RELEASE" rev-constraint-dynamic="3.2.3.RELEASE" callerrev="1.0"/>
				<artifacts>
					<artifact name="spring-context" type="jar" ext="jar" status="no" details="" size="862874" time="0" location="D:\play-2.1.1\framework\.\..\repository\cache\org.springframework\spring-context\jars\spring-context-3.2.3.RELEASE.jar">
						<origin-location is-local="false" location="http://repo1.maven.org/maven2/org/springframework/spring-context/3.2.3.RELEASE/spring-context-3.2.3.RELEASE.jar"/>
					</artifact>
				</artifacts>
			</revision>
			<revision name="3.1.4.RELEASE" evicted="latest-revision" evicted-reason="" downloaded="false" searched="false" conf="compile, master(*), runtime, compile(*), runtime(*), master" position="-1">
				<evicted-by rev="3.2.3.RELEASE"/>
				<caller organisation="org.springframework.data" name="spring-data-jpa" conf="default, compile, runtime, master" rev="3.1.4.RELEASE" rev-constraint-default="3.1.4.RELEASE" rev-constraint-dynamic="3.1.4.RELEASE" callerrev="1.4.2.RELEASE"/>
				<artifacts>
				</artifacts>
			</revision>
			<revision name="3.1.2.RELEASE" evicted="latest-revision" evicted-reason="" downloaded="false" searched="false" conf="default(compile), default, compile, runtime, master" position="-1">
				<evicted-by rev="3.2.3.RELEASE"/>
				<caller organisation="play" name="play-java_2.10" conf="compile" rev="3.1.2.RELEASE" rev-constraint-default="3.1.2.RELEASE" rev-constraint-dynamic="3.1.2.RELEASE" callerrev="2.1.1"/>
				<artifacts>
				</artifacts>
			</revision>
		</module>
		<module organisation="org.springframework" name="spring-expression">
			<revision name="3.2.3.RELEASE" status="release" pubdate="20130521032548" resolver="public" artresolver="public" homepage="https://github.com/SpringSource/spring-framework" downloaded="false" searched="false" default="false" conf="default(compile), default, compile, master(*), runtime, compile(*), runtime(*), master" position="50">
				<license name="The Apache Software License, Version 2.0" url="http://www.apache.org/licenses/LICENSE-2.0.txt"/>
				<metadata-artifact status="no" details="" size="2652" time="0" location="D:\play-2.1.1\framework\.\..\repository\cache\org.springframework\spring-expression\ivy-3.2.3.RELEASE.xml" searched="false" origin-is-local="false" origin-location="http://repo1.maven.org/maven2/org/springframework/spring-expression/3.2.3.RELEASE/spring-expression-3.2.3.RELEASE.pom"/>
				<caller organisation="org.springframework" name="spring-context" conf="compile, runtime" rev="3.2.3.RELEASE" rev-constraint-default="3.2.3.RELEASE" rev-constraint-dynamic="3.2.3.RELEASE" callerrev="3.2.3.RELEASE"/>
				<caller organisation="hssy" name="hssy_2.10" conf="test-internal, test, optional, compile, provided, runtime" rev="3.2.3.RELEASE" rev-constraint-default="3.2.3.RELEASE" rev-constraint-dynamic="3.2.3.RELEASE" callerrev="1.0"/>
				<artifacts>
					<artifact name="spring-expression" type="jar" ext="jar" status="no" details="" size="195538" time="0" location="D:\play-2.1.1\framework\.\..\repository\cache\org.springframework\spring-expression\jars\spring-expression-3.2.3.RELEASE.jar">
						<origin-location is-local="false" location="http://repo1.maven.org/maven2/org/springframework/spring-expression/3.2.3.RELEASE/spring-expression-3.2.3.RELEASE.jar"/>
					</artifact>
				</artifacts>
			</revision>
		</module>
		<module organisation="org.springframework" name="spring-aop">
			<revision name="3.2.3.RELEASE" status="release" pubdate="20130521032539" resolver="public" artresolver="public" homepage="https://github.com/SpringSource/spring-framework" downloaded="false" searched="false" default="false" conf="default(compile), default, compile, master(*), compile(*), runtime, runtime(*), master" position="44">
				<license name="The Apache Software License, Version 2.0" url="http://www.apache.org/licenses/LICENSE-2.0.txt"/>
				<metadata-artifact status="no" details="" size="3250" time="0" location="D:\play-2.1.1\framework\.\..\repository\cache\org.springframework\spring-aop\ivy-3.2.3.RELEASE.xml" searched="false" origin-is-local="false" origin-location="http://repo1.maven.org/maven2/org/springframework/spring-aop/3.2.3.RELEASE/spring-aop-3.2.3.RELEASE.pom"/>
				<caller organisation="org.springframework" name="spring-context" conf="compile, runtime" rev="3.2.3.RELEASE" rev-constraint-default="3.2.3.RELEASE" rev-constraint-dynamic="3.2.3.RELEASE" callerrev="3.2.3.RELEASE"/>
				<caller organisation="org.springframework.data" name="spring-data-jpa" conf="default, compile, runtime, master" rev="3.1.4.RELEASE" rev-constraint-default="3.1.4.RELEASE" rev-constraint-dynamic="3.1.4.RELEASE" callerrev="1.4.2.RELEASE"/>
				<caller organisation="hssy" name="hssy_2.10" conf="test-internal, test, optional, compile, provided, runtime" rev="3.2.3.RELEASE" rev-constraint-default="3.2.3.RELEASE" rev-constraint-dynamic="3.2.3.RELEASE" callerrev="1.0"/>
				<artifacts>
					<artifact name="spring-aop" type="jar" ext="jar" status="no" details="" size="335368" time="0" location="D:\play-2.1.1\framework\.\..\repository\cache\org.springframework\spring-aop\jars\spring-aop-3.2.3.RELEASE.jar">
						<origin-location is-local="false" location="http://repo1.maven.org/maven2/org/springframework/spring-aop/3.2.3.RELEASE/spring-aop-3.2.3.RELEASE.jar"/>
					</artifact>
				</artifacts>
			</revision>
			<revision name="3.1.4.RELEASE" evicted="latest-revision" evicted-reason="" downloaded="false" searched="false" conf="compile, master(*), runtime, compile(*), runtime(*), master" position="-1">
				<evicted-by rev="3.2.3.RELEASE"/>
				<caller organisation="org.springframework.data" name="spring-data-jpa" conf="default, compile, runtime, master" rev="3.1.4.RELEASE" rev-constraint-default="3.1.4.RELEASE" rev-constraint-dynamic="3.1.4.RELEASE" callerrev="1.4.2.RELEASE"/>
				<artifacts>
				</artifacts>
			</revision>
		</module>
		<module organisation="org.springframework" name="spring-beans">
			<revision name="3.2.3.RELEASE" status="release" pubdate="20130521032532" resolver="public" artresolver="public" homepage="https://github.com/SpringSource/spring-framework" downloaded="false" searched="false" default="false" conf="compile, master(*), runtime, compile(*), runtime(*), master, default(compile), default" position="46">
				<license name="The Apache Software License, Version 2.0" url="http://www.apache.org/licenses/LICENSE-2.0.txt"/>
				<metadata-artifact status="no" details="" size="2889" time="0" location="D:\play-2.1.1\framework\.\..\repository\cache\org.springframework\spring-beans\ivy-3.2.3.RELEASE.xml" searched="false" origin-is-local="false" origin-location="http://repo1.maven.org/maven2/org/springframework/spring-beans/3.2.3.RELEASE/spring-beans-3.2.3.RELEASE.pom"/>
				<caller organisation="org.springframework" name="spring-context" conf="compile, runtime" rev="3.2.3.RELEASE" rev-constraint-default="3.2.3.RELEASE" rev-constraint-dynamic="3.2.3.RELEASE" callerrev="3.2.3.RELEASE"/>
				<caller organisation="org.springframework" name="spring-aop" conf="default, compile, runtime, master" rev="3.2.3.RELEASE" rev-constraint-default="3.2.3.RELEASE" rev-constraint-dynamic="3.2.3.RELEASE" callerrev="3.2.3.RELEASE"/>
				<caller organisation="org.springframework" name="spring-tx" conf="compile, runtime" rev="3.2.3.RELEASE" rev-constraint-default="3.2.3.RELEASE" rev-constraint-dynamic="3.2.3.RELEASE" callerrev="3.2.3.RELEASE"/>
				<caller organisation="org.springframework.data" name="spring-data-jpa" conf="default, compile, runtime, master" rev="3.1.4.RELEASE" rev-constraint-default="3.1.4.RELEASE" rev-constraint-dynamic="3.1.4.RELEASE" callerrev="1.4.2.RELEASE"/>
				<caller organisation="org.springframework.data" name="spring-data-commons" conf="compile, runtime" rev="3.1.4.RELEASE" rev-constraint-default="3.1.4.RELEASE" rev-constraint-dynamic="3.1.4.RELEASE" callerrev="1.6.2.RELEASE"/>
				<caller organisation="org.springframework" name="spring-jdbc" conf="compile, runtime" rev="3.2.3.RELEASE" rev-constraint-default="3.2.3.RELEASE" rev-constraint-dynamic="3.2.3.RELEASE" callerrev="3.2.3.RELEASE"/>
				<caller organisation="org.springframework" name="spring-context-support" conf="compile, runtime" rev="3.2.3.RELEASE" rev-constraint-default="3.2.3.RELEASE" rev-constraint-dynamic="3.2.3.RELEASE" callerrev="3.2.3.RELEASE"/>
				<caller organisation="play" name="play-java_2.10" conf="compile" rev="3.1.2.RELEASE" rev-constraint-default="3.1.2.RELEASE" rev-constraint-dynamic="3.1.2.RELEASE" callerrev="2.1.1"/>
				<caller organisation="org.springframework" name="spring-orm" conf="default, compile, runtime, master" rev="3.2.3.RELEASE" rev-constraint-default="3.2.3.RELEASE" rev-constraint-dynamic="3.2.3.RELEASE" callerrev="3.2.3.RELEASE"/>
				<artifacts>
					<artifact name="spring-beans" type="jar" ext="jar" status="no" details="" size="607724" time="0" location="D:\play-2.1.1\framework\.\..\repository\cache\org.springframework\spring-beans\jars\spring-beans-3.2.3.RELEASE.jar">
						<origin-location is-local="false" location="http://repo1.maven.org/maven2/org/springframework/spring-beans/3.2.3.RELEASE/spring-beans-3.2.3.RELEASE.jar"/>
					</artifact>
				</artifacts>
			</revision>
			<revision name="3.1.2.RELEASE" status="release" pubdate="20120708084403" resolver="local" artresolver="local" evicted="latest-revision" evicted-reason="" homepage="" downloaded="false" searched="false" default="false" conf="default(compile), default, compile, runtime, master" position="-1">
				<license name="The Apache Software License, Version 2.0" url="http://www.apache.org/licenses/LICENSE-2.0.txt"/>
				<metadata-artifact status="no" details="" size="7077" time="0" location="D:\play-2.1.1\framework\.\..\repository\cache\org.springframework\spring-beans\ivy-3.1.2.RELEASE.xml" searched="false" origin-is-local="true" origin-location="D:\play-2.1.1\repository\local\org.springframework\spring-beans\3.1.2.RELEASE\ivys\ivy.xml"/>
				<evicted-by rev="3.2.3.RELEASE"/>
				<caller organisation="play" name="play-java_2.10" conf="compile" rev="3.1.2.RELEASE" rev-constraint-default="3.1.2.RELEASE" rev-constraint-dynamic="3.1.2.RELEASE" callerrev="2.1.1"/>
				<artifacts>
				</artifacts>
			</revision>
			<revision name="3.1.4.RELEASE" evicted="latest-revision" evicted-reason="" downloaded="false" searched="false" conf="compile, master(*), runtime, compile(*), runtime(*), master" position="-1">
				<evicted-by rev="3.2.3.RELEASE"/>
				<caller organisation="org.springframework.data" name="spring-data-jpa" conf="default, compile, runtime, master" rev="3.1.4.RELEASE" rev-constraint-default="3.1.4.RELEASE" rev-constraint-dynamic="3.1.4.RELEASE" callerrev="1.4.2.RELEASE"/>
				<caller organisation="org.springframework.data" name="spring-data-commons" conf="compile, runtime" rev="3.1.4.RELEASE" rev-constraint-default="3.1.4.RELEASE" rev-constraint-dynamic="3.1.4.RELEASE" callerrev="1.6.2.RELEASE"/>
				<artifacts>
				</artifacts>
			</revision>
		</module>
		<module organisation="org.springframework" name="spring-core">
			<revision name="3.2.3.RELEASE" status="release" pubdate="20130521032549" resolver="public" artresolver="public" homepage="https://github.com/SpringSource/spring-framework" downloaded="false" searched="false" default="false" conf="default(compile), default, compile, master(*), runtime, compile(*), runtime(*), master" position="38">
				<license name="The Apache Software License, Version 2.0" url="http://www.apache.org/licenses/LICENSE-2.0.txt"/>
				<metadata-artifact status="no" details="" size="2957" time="0" location="D:\play-2.1.1\framework\.\..\repository\cache\org.springframework\spring-core\ivy-3.2.3.RELEASE.xml" searched="false" origin-is-local="false" origin-location="http://repo1.maven.org/maven2/org/springframework/spring-core/3.2.3.RELEASE/spring-core-3.2.3.RELEASE.pom"/>
				<caller organisation="org.springframework" name="spring-context" conf="compile, runtime" rev="3.2.3.RELEASE" rev-constraint-default="3.2.3.RELEASE" rev-constraint-dynamic="3.2.3.RELEASE" callerrev="3.2.3.RELEASE"/>
				<caller organisation="org.springframework" name="spring-tx" conf="compile, runtime" rev="3.2.3.RELEASE" rev-constraint-default="3.2.3.RELEASE" rev-constraint-dynamic="3.2.3.RELEASE" callerrev="3.2.3.RELEASE"/>
				<caller organisation="org.springframework.data" name="spring-data-jpa" conf="default, compile, runtime, master" rev="3.1.4.RELEASE" rev-constraint-default="3.1.4.RELEASE" rev-constraint-dynamic="3.1.4.RELEASE" callerrev="1.4.2.RELEASE"/>
				<caller organisation="org.springframework.data" name="spring-data-commons" conf="compile, runtime" rev="3.1.4.RELEASE" rev-constraint-default="3.1.4.RELEASE" rev-constraint-dynamic="3.1.4.RELEASE" callerrev="1.6.2.RELEASE"/>
				<caller organisation="org.springframework" name="spring-context-support" conf="compile, runtime" rev="3.2.3.RELEASE" rev-constraint-default="3.2.3.RELEASE" rev-constraint-dynamic="3.2.3.RELEASE" callerrev="3.2.3.RELEASE"/>
				<caller organisation="org.springframework" name="spring-beans" conf="compile, runtime" rev="3.2.3.RELEASE" rev-constraint-default="3.2.3.RELEASE" rev-constraint-dynamic="3.2.3.RELEASE" callerrev="3.2.3.RELEASE"/>
				<caller organisation="hssy" name="hssy_2.10" conf="test-internal, test, optional, compile, provided, runtime" rev="3.2.3.RELEASE" rev-constraint-default="3.2.3.RELEASE" rev-constraint-dynamic="3.2.3.RELEASE" callerrev="1.0"/>
				<caller organisation="org.springframework" name="spring-orm" conf="default, compile, runtime, master" rev="3.2.3.RELEASE" rev-constraint-default="3.2.3.RELEASE" rev-constraint-dynamic="3.2.3.RELEASE" callerrev="3.2.3.RELEASE"/>
				<caller organisation="org.springframework" name="spring-aop" conf="default, compile, runtime, master" rev="3.2.3.RELEASE" rev-constraint-default="3.2.3.RELEASE" rev-constraint-dynamic="3.2.3.RELEASE" callerrev="3.2.3.RELEASE"/>
				<caller organisation="org.springframework" name="spring-expression" conf="compile, runtime" rev="3.2.3.RELEASE" rev-constraint-default="3.2.3.RELEASE" rev-constraint-dynamic="3.2.3.RELEASE" callerrev="3.2.3.RELEASE"/>
				<caller organisation="org.springframework" name="spring-jdbc" conf="compile, runtime" rev="3.2.3.RELEASE" rev-constraint-default="3.2.3.RELEASE" rev-constraint-dynamic="3.2.3.RELEASE" callerrev="3.2.3.RELEASE"/>
				<caller organisation="play" name="play-java_2.10" conf="compile" rev="3.1.2.RELEASE" rev-constraint-default="3.1.2.RELEASE" rev-constraint-dynamic="3.1.2.RELEASE" callerrev="2.1.1"/>
				<caller organisation="org.springframework" name="spring-test" conf="default, compile, runtime, master" rev="3.2.3.RELEASE" rev-constraint-default="3.2.3.RELEASE" rev-constraint-dynamic="3.2.3.RELEASE" callerrev="3.2.3.RELEASE"/>
				<artifacts>
					<artifact name="spring-core" type="jar" ext="jar" status="no" details="" size="867800" time="0" location="D:\play-2.1.1\framework\.\..\repository\cache\org.springframework\spring-core\jars\spring-core-3.2.3.RELEASE.jar">
						<origin-location is-local="false" location="http://repo1.maven.org/maven2/org/springframework/spring-core/3.2.3.RELEASE/spring-core-3.2.3.RELEASE.jar"/>
					</artifact>
				</artifacts>
			</revision>
			<revision name="3.1.4.RELEASE" evicted="latest-revision" evicted-reason="" downloaded="false" searched="false" conf="compile, master(*), runtime, compile(*), runtime(*), master" position="-1">
				<evicted-by rev="3.2.3.RELEASE"/>
				<caller organisation="org.springframework.data" name="spring-data-jpa" conf="default, compile, runtime, master" rev="3.1.4.RELEASE" rev-constraint-default="3.1.4.RELEASE" rev-constraint-dynamic="3.1.4.RELEASE" callerrev="1.4.2.RELEASE"/>
				<caller organisation="org.springframework.data" name="spring-data-commons" conf="compile, runtime" rev="3.1.4.RELEASE" rev-constraint-default="3.1.4.RELEASE" rev-constraint-dynamic="3.1.4.RELEASE" callerrev="1.6.2.RELEASE"/>
				<artifacts>
				</artifacts>
			</revision>
			<revision name="3.1.2.RELEASE" evicted="latest-revision" evicted-reason="" downloaded="false" searched="false" conf="default(compile), default, compile, runtime, master" position="-1">
				<evicted-by rev="3.2.3.RELEASE"/>
				<caller organisation="play" name="play-java_2.10" conf="compile" rev="3.1.2.RELEASE" rev-constraint-default="3.1.2.RELEASE" rev-constraint-dynamic="3.1.2.RELEASE" callerrev="2.1.1"/>
				<artifacts>
				</artifacts>
			</revision>
		</module>
		<module organisation="aopalliance" name="aopalliance">
			<revision name="1.0" status="release" pubdate="20130506195150" resolver="Typesafe Releases Repository" artresolver="Typesafe Releases Repository" homepage="http://aopalliance.sourceforge.net" downloaded="false" searched="false" default="false" conf="compile, master(*), runtime, compile(*), runtime(*), master" position="45">
				<license name="Public Domain"/>
				<metadata-artifact status="no" details="" size="2320" time="0" location="D:\play-2.1.1\framework\.\..\repository\cache\aopalliance\aopalliance\ivy-1.0.xml" searched="false" origin-is-local="false" origin-location="http://repo.typesafe.com/typesafe/releases/aopalliance/aopalliance/1.0/aopalliance-1.0.pom"/>
				<caller organisation="org.springframework" name="spring-aop" conf="default, compile, runtime, master" rev="1.0" rev-constraint-default="1.0" rev-constraint-dynamic="1.0" callerrev="3.2.3.RELEASE"/>
				<caller organisation="org.springframework" name="spring-tx" conf="compile, runtime" rev="1.0" rev-constraint-default="1.0" rev-constraint-dynamic="1.0" callerrev="3.2.3.RELEASE"/>
				<caller organisation="org.springframework" name="spring-orm" conf="default, compile, runtime, master" rev="1.0" rev-constraint-default="1.0" rev-constraint-dynamic="1.0" callerrev="3.2.3.RELEASE"/>
				<artifacts>
					<artifact name="aopalliance" type="jar" ext="jar" status="no" details="" size="4467" time="0" location="D:\play-2.1.1\framework\.\..\repository\cache\aopalliance\aopalliance\jars\aopalliance-1.0.jar">
						<origin-location is-local="false" location="http://repo.typesafe.com/typesafe/releases/aopalliance/aopalliance/1.0/aopalliance-1.0.jar"/>
					</artifact>
				</artifacts>
			</revision>
		</module>
		<module organisation="org.aspectj" name="aspectjweaver">
			<revision name="1.7.2" status="release" pubdate="20130223053438" resolver="public" artresolver="public" homepage="http://www.aspectj.org" downloaded="false" searched="false" default="false" conf="compile, master(*), runtime, compile(*), runtime(*), master, default(compile)" position="48">
				<license name="Eclipse Public License - v 1.0" url="http://www.eclipse.org/legal/epl-v10.html"/>
				<metadata-artifact status="no" details="" size="2420" time="0" location="D:\play-2.1.1\framework\.\..\repository\cache\org.aspectj\aspectjweaver\ivy-1.7.2.xml" searched="false" origin-is-local="false" origin-location="http://repo1.maven.org/maven2/org/aspectj/aspectjweaver/1.7.2/aspectjweaver-1.7.2.pom"/>
				<caller organisation="org.springframework" name="spring-aspects" conf="default, compile, runtime, master" rev="1.7.2" rev-constraint-default="1.7.2" rev-constraint-dynamic="1.7.2" callerrev="3.2.3.RELEASE"/>
				<caller organisation="hssy" name="hssy_2.10" conf="test-internal, test, optional, compile, provided, runtime" rev="1.6.12" rev-constraint-default="1.6.12" rev-constraint-dynamic="1.6.12" callerrev="1.0"/>
				<artifacts>
					<artifact name="aspectjweaver" type="jar" ext="jar" status="no" details="" size="1828687" time="0" location="D:\play-2.1.1\framework\.\..\repository\cache\org.aspectj\aspectjweaver\jars\aspectjweaver-1.7.2.jar">
						<origin-location is-local="false" location="http://repo1.maven.org/maven2/org/aspectj/aspectjweaver/1.7.2/aspectjweaver-1.7.2.jar"/>
					</artifact>
				</artifacts>
			</revision>
			<revision name="1.6.12" evicted="latest-revision" evicted-reason="" downloaded="false" searched="false" conf="default(compile), default, compile, runtime, master" position="-1">
				<evicted-by rev="1.7.2"/>
				<caller organisation="hssy" name="hssy_2.10" conf="test-internal, test, optional, compile, provided, runtime" rev="1.6.12" rev-constraint-default="1.6.12" rev-constraint-dynamic="1.6.12" callerrev="1.0"/>
				<artifacts>
				</artifacts>
			</revision>
		</module>
		<module organisation="org.apache.geronimo.specs" name="geronimo-jta_1.1_spec">
			<revision name="1.1" status="release" pubdate="20140604143352" resolver="Typesafe Releases Repository" artresolver="Typesafe Releases Repository" homepage="" downloaded="false" searched="false" default="false" conf="compile, master(*), runtime, compile(*), runtime(*), master" position="95">
				<metadata-artifact status="no" details="" size="5184" time="0" location="D:\play-2.1.1\framework\.\..\repository\cache\org.apache.geronimo.specs\geronimo-jta_1.1_spec\ivy-1.1.xml" searched="false" origin-is-local="false" origin-location="http://repo.typesafe.com/typesafe/releases/org/apache/geronimo/specs/geronimo-jta_1.1_spec/1.1/geronimo-jta_1.1_spec-1.1.pom"/>
				<caller organisation="org.apache.axis2" name="axis2-kernel" conf="compile, runtime" rev="1.1" rev-constraint-default="1.1" rev-constraint-dynamic="1.1" callerrev="1.6.2"/>
				<artifacts>
					<artifact name="geronimo-jta_1.1_spec" type="jar" ext="jar" status="no" details="" size="15649" time="0" location="D:\play-2.1.1\framework\.\..\repository\cache\org.apache.geronimo.specs\geronimo-jta_1.1_spec\jars\geronimo-jta_1.1_spec-1.1.jar">
						<origin-location is-local="false" location="http://repo.typesafe.com/typesafe/releases/org/apache/geronimo/specs/geronimo-jta_1.1_spec/1.1/geronimo-jta_1.1_spec-1.1.jar"/>
					</artifact>
				</artifacts>
			</revision>
		</module>
		<module organisation="play" name="play-java_2.10">
			<revision name="2.1.1" status="release" pubdate="20130402201209" resolver="local" artresolver="local" downloaded="false" searched="false" default="false" conf="default(compile), compile" position="33">
				<metadata-artifact status="no" details="" size="4114" time="0" location="D:\play-2.1.1\framework\.\..\repository\cache\play\play-java_2.10\ivy-2.1.1.xml" searched="false" origin-is-local="true" origin-location="D:\play-2.1.1\repository\local\play\play-java_2.10\2.1.1\ivys\ivy.xml"/>
				<caller organisation="hssy" name="hssy_2.10" conf="test-internal, test, optional, compile, provided, runtime" rev="2.1.1" rev-constraint-default="2.1.1" rev-constraint-dynamic="2.1.1" callerrev="1.0"/>
				<artifacts>
					<artifact name="play-java_2.10" type="jar" ext="jar" status="no" details="" size="95009" time="0" location="D:\play-2.1.1\repository\local\play\play-java_2.10\2.1.1\jars\play-java_2.10.jar">
						<origin-location is-local="true" location="D:\play-2.1.1\repository\local\play\play-java_2.10\2.1.1\jars\play-java_2.10.jar"/>
					</artifact>
				</artifacts>
			</revision>
		</module>
		<module organisation="javax.servlet" name="javax.servlet-api">
			<revision name="3.0.1" status="release" pubdate="20110713054053" resolver="local" artresolver="local" homepage="http://servlet-spec.java.net" downloaded="false" searched="false" default="false" conf="default(compile), default, compile, runtime, master" position="42">
				<license name="CDDL + GPLv2 with classpath exception" url="https://glassfish.dev.java.net/nonav/public/CDDL+GPL.html"/>
				<metadata-artifact status="no" details="" size="3666" time="0" location="D:\play-2.1.1\framework\.\..\repository\cache\javax.servlet\javax.servlet-api\ivy-3.0.1.xml" searched="false" origin-is-local="true" origin-location="D:\play-2.1.1\repository\local\javax.servlet\javax.servlet-api\3.0.1\ivys\ivy.xml"/>
				<caller organisation="play" name="play-java_2.10" conf="compile" rev="3.0.1" rev-constraint-default="3.0.1" rev-constraint-dynamic="3.0.1" callerrev="2.1.1"/>
				<artifacts>
					<artifact name="javax.servlet-api" type="jar" ext="jar" status="no" details="" size="85353" time="0" location="D:\play-2.1.1\repository\local\javax.servlet\javax.servlet-api\3.0.1\jars\javax.servlet-api.jar">
						<origin-location is-local="true" location="D:\play-2.1.1\repository\local\javax.servlet\javax.servlet-api\3.0.1\jars\javax.servlet-api.jar"/>
					</artifact>
				</artifacts>
			</revision>
		</module>
		<module organisation="com.google.code.findbugs" name="jsr305">
			<revision name="2.0.1" status="release" pubdate="20120730081759" resolver="local" artresolver="local" homepage="http://findbugs.sourceforge.net/" downloaded="false" searched="false" default="false" conf="default(compile), default, compile, runtime, master" position="41">
				<license name="The Apache Software License, Version 2.0" url="http://www.apache.org/licenses/LICENSE-2.0.txt"/>
				<metadata-artifact status="no" details="" size="2384" time="0" location="D:\play-2.1.1\framework\.\..\repository\cache\com.google.code.findbugs\jsr305\ivy-2.0.1.xml" searched="false" origin-is-local="true" origin-location="D:\play-2.1.1\repository\local\com.google.code.findbugs\jsr305\2.0.1\ivys\ivy.xml"/>
				<caller organisation="play" name="play-java_2.10" conf="compile" rev="2.0.1" rev-constraint-default="2.0.1" rev-constraint-dynamic="2.0.1" callerrev="2.1.1"/>
				<artifacts>
					<artifact name="jsr305" type="jar" ext="jar" status="no" details="" size="31866" time="0" location="D:\play-2.1.1\repository\local\com.google.code.findbugs\jsr305\2.0.1\jars\jsr305.jar">
						<origin-location is-local="true" location="D:\play-2.1.1\repository\local\com.google.code.findbugs\jsr305\2.0.1\jars\jsr305.jar"/>
					</artifact>
				</artifacts>
			</revision>
		</module>
		<module organisation="com.google.guava" name="guava">
			<revision name="13.0.1" status="release" pubdate="20120829012726" resolver="local" artresolver="local" homepage="" downloaded="false" searched="false" default="false" conf="default(compile), default, compile, runtime, master, master(*), compile(*), runtime(*)" position="40">
				<metadata-artifact status="no" details="" size="3497" time="0" location="D:\play-2.1.1\framework\.\..\repository\cache\com.google.guava\guava\ivy-13.0.1.xml" searched="false" origin-is-local="true" origin-location="D:\play-2.1.1\repository\local\com.google.guava\guava\13.0.1\ivys\ivy.xml"/>
				<caller organisation="org.seleniumhq.selenium" name="selenium-api" conf="compile, runtime" rev="12.0" rev-constraint-default="12.0" rev-constraint-dynamic="12.0" callerrev="2.25.0"/>
				<caller organisation="org.seleniumhq.selenium" name="selenium-remote-driver" conf="compile, runtime" rev="12.0" rev-constraint-default="12.0" rev-constraint-dynamic="12.0" callerrev="2.25.0"/>
				<caller organisation="play" name="play-java_2.10" conf="compile" rev="13.0.1" rev-constraint-default="13.0.1" rev-constraint-dynamic="13.0.1" callerrev="2.1.1"/>
				<artifacts>
					<artifact name="guava" type="jar" ext="jar" status="no" details="" size="1891110" time="0" location="D:\play-2.1.1\repository\local\com.google.guava\guava\13.0.1\jars\guava.jar">
						<origin-location is-local="true" location="D:\play-2.1.1\repository\local\com.google.guava\guava\13.0.1\jars\guava.jar"/>
					</artifact>
				</artifacts>
			</revision>
			<revision name="12.0" evicted="latest-revision" evicted-reason="" downloaded="false" searched="false" conf="compile, master(*), runtime, compile(*), runtime(*), master" position="-1">
				<evicted-by rev="13.0.1"/>
				<caller organisation="org.seleniumhq.selenium" name="selenium-api" conf="compile, runtime" rev="12.0" rev-constraint-default="12.0" rev-constraint-dynamic="12.0" callerrev="2.25.0"/>
				<caller organisation="org.seleniumhq.selenium" name="selenium-remote-driver" conf="compile, runtime" rev="12.0" rev-constraint-default="12.0" rev-constraint-dynamic="12.0" callerrev="2.25.0"/>
				<artifacts>
				</artifacts>
			</revision>
		</module>
		<module organisation="org.reflections" name="reflections">
			<revision name="0.9.8" status="release" pubdate="20120525052141" resolver="local" artresolver="local" homepage="http://code.google.com/p/reflections/" downloaded="false" searched="false" default="false" conf="default(compile), default, compile, runtime, master" position="39">
				<metadata-artifact status="no" details="" size="3670" time="0" location="D:\play-2.1.1\framework\.\..\repository\cache\org.reflections\reflections\ivy-0.9.8.xml" searched="false" origin-is-local="true" origin-location="D:\play-2.1.1\repository\local\org.reflections\reflections\0.9.8\ivys\ivy.xml"/>
				<caller organisation="play" name="play-java_2.10" conf="compile" rev="0.9.8" rev-constraint-default="0.9.8" rev-constraint-dynamic="0.9.8" callerrev="2.1.1"/>
				<artifacts>
					<artifact name="reflections" type="jar" ext="jar" status="no" details="" size="102696" time="0" location="D:\play-2.1.1\repository\local\org.reflections\reflections\0.9.8\jars\reflections.jar">
						<origin-location is-local="true" location="D:\play-2.1.1\repository\local\org.reflections\reflections\0.9.8\jars\reflections.jar"/>
					</artifact>
				</artifacts>
			</revision>
		</module>
		<module organisation="org.hibernate" name="hibernate-validator">
			<revision name="4.3.0.Final" status="release" pubdate="20120509204612" resolver="local" artresolver="local" homepage="" downloaded="false" searched="false" default="false" conf="default(compile), default, compile, runtime, master" position="35">
				<metadata-artifact status="no" details="" size="7938" time="0" location="D:\play-2.1.1\framework\.\..\repository\cache\org.hibernate\hibernate-validator\ivy-4.3.0.Final.xml" searched="false" origin-is-local="true" origin-location="D:\play-2.1.1\repository\local\org.hibernate\hibernate-validator\4.3.0.Final\ivys\ivy.xml"/>
				<caller organisation="play" name="play-java_2.10" conf="compile" rev="4.3.0.Final" rev-constraint-default="4.3.0.Final" rev-constraint-dynamic="4.3.0.Final" callerrev="2.1.1"/>
				<artifacts>
					<artifact name="hibernate-validator" type="jar" ext="jar" status="no" details="" size="476575" time="0" location="D:\play-2.1.1\repository\local\org.hibernate\hibernate-validator\4.3.0.Final\jars\hibernate-validator.jar">
						<origin-location is-local="true" location="D:\play-2.1.1\repository\local\org.hibernate\hibernate-validator\4.3.0.Final\jars\hibernate-validator.jar"/>
					</artifact>
				</artifacts>
			</revision>
		</module>
		<module organisation="org.hibernate.javax.persistence" name="hibernate-jpa-2.0-api">
			<revision name="1.0.1.Final" status="release" pubdate="20110615124226" resolver="local" artresolver="local" homepage="http://hibernate.org" downloaded="false" searched="false" default="false" conf="compile, master(*), runtime, compile(*), runtime(*), master" position="63">
				<license name="Unknown License" url="license.txt"/>
				<metadata-artifact status="no" details="" size="2456" time="0" location="D:\play-2.1.1\framework\.\..\repository\cache\org.hibernate.javax.persistence\hibernate-jpa-2.0-api\ivy-1.0.1.Final.xml" searched="false" origin-is-local="true" origin-location="D:\play-2.1.1\repository\local\org.hibernate.javax.persistence\hibernate-jpa-2.0-api\1.0.1.Final\ivys\ivy.xml"/>
				<caller organisation="org.hibernate" name="hibernate-entitymanager" conf="default, compile, runtime, master" rev="1.0.1.Final" rev-constraint-default="1.0.1.Final" rev-constraint-dynamic="1.0.1.Final" callerrev="4.2.2.Final"/>
				<caller organisation="org.hibernate" name="hibernate-core" conf="compile, runtime" rev="1.0.1.Final" rev-constraint-default="1.0.1.Final" rev-constraint-dynamic="1.0.1.Final" callerrev="4.2.2.Final"/>
				<artifacts>
					<artifact name="hibernate-jpa-2.0-api" type="jar" ext="jar" status="no" details="" size="102661" time="0" location="D:\play-2.1.1\repository\local\org.hibernate.javax.persistence\hibernate-jpa-2.0-api\1.0.1.Final\jars\hibernate-jpa-2.0-api.jar">
						<origin-location is-local="true" location="D:\play-2.1.1\repository\local\org.hibernate.javax.persistence\hibernate-jpa-2.0-api\1.0.1.Final\jars\hibernate-jpa-2.0-api.jar"/>
					</artifact>
				</artifacts>
			</revision>
		</module>
		<module organisation="javax.validation" name="validation-api">
			<revision name="1.0.0.GA" status="release" pubdate="20100225164311" resolver="local" artresolver="local" homepage="" downloaded="false" searched="false" default="false" conf="compile, master(*), runtime, compile(*), runtime(*), master" position="36">
				<license name="Apache License, Version 2.0" url="license.txt"/>
				<metadata-artifact status="no" details="" size="2314" time="0" location="D:\play-2.1.1\framework\.\..\repository\cache\javax.validation\validation-api\ivy-1.0.0.GA.xml" searched="false" origin-is-local="true" origin-location="D:\play-2.1.1\repository\local\javax.validation\validation-api\1.0.0.GA\ivys\ivy.xml"/>
				<caller organisation="org.hibernate" name="hibernate-validator" conf="default, compile, runtime, master" rev="1.0.0.GA" rev-constraint-default="1.0.0.GA" rev-constraint-dynamic="1.0.0.GA" callerrev="4.3.0.Final"/>
				<artifacts>
					<artifact name="validation-api" type="jar" ext="jar" status="no" details="" size="47433" time="0" location="D:\play-2.1.1\repository\local\javax.validation\validation-api\1.0.0.GA\jars\validation-api.jar">
						<origin-location is-local="true" location="D:\play-2.1.1\repository\local\javax.validation\validation-api\1.0.0.GA\jars\validation-api.jar"/>
					</artifact>
				</artifacts>
			</revision>
		</module>
		<module organisation="org.yaml" name="snakeyaml">
			<revision name="1.10" status="release" pubdate="20120214043820" resolver="local" artresolver="local" homepage="http://www.snakeyaml.org" downloaded="false" searched="false" default="false" conf="default(compile), default, compile, runtime, master" position="34">
				<license name="Apache License Version 2.0" url="LICENSE.txt"/>
				<metadata-artifact status="no" details="" size="3399" time="0" location="D:\play-2.1.1\framework\.\..\repository\cache\org.yaml\snakeyaml\ivy-1.10.xml" searched="false" origin-is-local="true" origin-location="D:\play-2.1.1\repository\local\org.yaml\snakeyaml\1.10\ivys\ivy.xml"/>
				<caller organisation="play" name="play-java_2.10" conf="compile" rev="1.10" rev-constraint-default="1.10" rev-constraint-dynamic="1.10" callerrev="2.1.1"/>
				<artifacts>
					<artifact name="snakeyaml" type="bundle" ext="jar" status="no" details="" size="266959" time="0" location="D:\play-2.1.1\repository\local\org.yaml\snakeyaml\1.10\bundles\snakeyaml.jar">
						<origin-location is-local="true" location="D:\play-2.1.1\repository\local\org.yaml\snakeyaml\1.10\bundles\snakeyaml.jar"/>
					</artifact>
				</artifacts>
			</revision>
		</module>
		<module organisation="org.apache.httpcomponents" name="httpclient">
			<revision name="4.3.5" status="release" pubdate="20140910163447" resolver="Typesafe Releases Repository" artresolver="Typesafe Releases Repository" homepage="http://hc.apache.org/httpcomponents-client" downloaded="false" searched="false" default="false" conf="default(compile), default, compile, master(*), compile(*), runtime, runtime(*), master" position="25">
				<metadata-artifact status="no" details="" size="10466" time="0" location="D:\play-2.1.1\framework\.\..\repository\cache\org.apache.httpcomponents\httpclient\ivy-4.3.5.xml" searched="false" origin-is-local="false" origin-location="http://repo.typesafe.com/typesafe/releases/org/apache/httpcomponents/httpclient/4.3.5/httpclient-4.3.5.pom"/>
				<caller organisation="org.apache.httpcomponents" name="httpmime" conf="default, compile, runtime, master" rev="4.3.5" rev-constraint-default="4.3.5" rev-constraint-dynamic="4.3.5" callerrev="4.3.5"/>
				<caller organisation="org.seleniumhq.selenium" name="selenium-remote-driver" conf="compile, runtime" rev="4.1.2" rev-constraint-default="4.1.2" rev-constraint-dynamic="4.1.2" callerrev="2.25.0"/>
				<caller organisation="oauth.signpost" name="signpost-commonshttp4" conf="default, compile, runtime, master" rev="4.0.1" rev-constraint-default="4.0.1" rev-constraint-dynamic="4.0.1" callerrev="1.2.1.2"/>
				<caller organisation="org.seleniumhq.selenium" name="selenium-htmlunit-driver" conf="compile, runtime" rev="4.1.2" rev-constraint-default="4.1.2" rev-constraint-dynamic="4.1.2" callerrev="2.25.0"/>
				<caller organisation="hssy" name="hssy_2.10" conf="test-internal, test, optional, compile, provided, runtime" rev="4.3.5" rev-constraint-default="4.3.5" rev-constraint-dynamic="4.3.5" callerrev="1.0"/>
				<artifacts>
					<artifact name="httpclient" type="jar" ext="jar" status="no" details="" size="590533" time="0" location="D:\play-2.1.1\framework\.\..\repository\cache\org.apache.httpcomponents\httpclient\jars\httpclient-4.3.5.jar">
						<origin-location is-local="false" location="http://repo.typesafe.com/typesafe/releases/org/apache/httpcomponents/httpclient/4.3.5/httpclient-4.3.5.jar"/>
					</artifact>
				</artifacts>
			</revision>
			<revision name="4.1.2" evicted="latest-revision" evicted-reason="" downloaded="false" searched="false" conf="default(compile), compile, master(*), runtime, compile(*), runtime(*), master" position="-1">
				<evicted-by rev="4.3.5"/>
				<caller organisation="org.seleniumhq.selenium" name="selenium-remote-driver" conf="compile, runtime" rev="4.1.2" rev-constraint-default="4.1.2" rev-constraint-dynamic="4.1.2" callerrev="2.25.0"/>
				<caller organisation="org.seleniumhq.selenium" name="selenium-htmlunit-driver" conf="compile, runtime" rev="4.1.2" rev-constraint-default="4.1.2" rev-constraint-dynamic="4.1.2" callerrev="2.25.0"/>
				<caller organisation="hssy" name="hssy_2.10" conf="compile" rev="4.1.2" rev-constraint-default="4.1.2" rev-constraint-dynamic="4.3.5" callerrev="1.0"/>
				<artifacts>
				</artifacts>
			</revision>
			<revision name="4.0.1" evicted="latest-revision" evicted-reason="" downloaded="false" searched="false" conf="compile, master(*), runtime, compile(*), runtime(*), master, default(compile)" position="-1">
				<evicted-by rev="4.3.5"/>
				<caller organisation="oauth.signpost" name="signpost-commonshttp4" conf="default, compile, runtime, master" rev="4.0.1" rev-constraint-default="4.0.1" rev-constraint-dynamic="4.0.1" callerrev="1.2.1.2"/>
				<caller organisation="hssy" name="hssy_2.10" conf="test-internal, test, optional, compile, provided, runtime" rev="4.3.5" rev-constraint-default="4.3.5" rev-constraint-dynamic="4.3.5" callerrev="1.0"/>
				<artifacts>
				</artifacts>
			</revision>
		</module>
		<module organisation="commons-codec" name="commons-codec">
			<revision name="1.6" status="release" pubdate="20130206023923" resolver="local" artresolver="local" homepage="http://commons.apache.org/codec/" downloaded="false" searched="false" default="false" conf="compile, master(*), runtime, compile(*), runtime(*), master" position="27">
				<metadata-artifact status="no" details="" size="7547" time="0" location="D:\play-2.1.1\framework\.\..\repository\cache\commons-codec\commons-codec\ivy-1.6.xml" searched="false" origin-is-local="true" origin-location="D:\play-2.1.1\repository\local\commons-codec\commons-codec\1.6\ivys\ivy.xml"/>
				<caller organisation="org.apache.httpcomponents" name="httpclient" conf="compile, runtime" rev="1.6" rev-constraint-default="1.6" rev-constraint-dynamic="1.6" callerrev="4.3.5"/>
				<caller organisation="net.sourceforge.htmlunit" name="htmlunit" conf="compile, runtime" rev="1.6" rev-constraint-default="1.6" rev-constraint-dynamic="1.4" callerrev="2.9"/>
				<caller organisation="oauth.signpost" name="signpost-core" conf="default, compile, runtime, master" rev="1.3" rev-constraint-default="1.3" rev-constraint-dynamic="1.3" callerrev="1.2.1.2"/>
				<caller organisation="commons-httpclient" name="commons-httpclient" conf="compile, runtime" rev="1.3" rev-constraint-default="1.3" rev-constraint-dynamic="1.2" callerrev="3.1"/>
				<artifacts>
					<artifact name="commons-codec" type="jar" ext="jar" status="no" details="" size="232771" time="0" location="D:\play-2.1.1\repository\local\commons-codec\commons-codec\1.6\jars\commons-codec.jar">
						<origin-location is-local="true" location="D:\play-2.1.1\repository\local\commons-codec\commons-codec\1.6\jars\commons-codec.jar"/>
					</artifact>
				</artifacts>
			</revision>
			<revision name="1.3" status="release" pubdate="20051109092951" resolver="local" artresolver="local" evicted="latest-revision" evicted-reason="" homepage="http://jakarta.apache.org/commons/codec/" downloaded="false" searched="false" default="false" conf="compile, master(*), runtime, compile(*), runtime(*), master" position="-1">
				<license name="The Apache Software License, Version 2.0" url="/LICENSE.txt"/>
				<metadata-artifact status="no" details="" size="2782" time="0" location="D:\play-2.1.1\framework\.\..\repository\cache\commons-codec\commons-codec\ivy-1.3.xml" searched="false" origin-is-local="true" origin-location="D:\play-2.1.1\repository\local\commons-codec\commons-codec\1.3\ivys\ivy.xml"/>
				<evicted-by rev="1.6"/>
				<caller organisation="oauth.signpost" name="signpost-core" conf="default, compile, runtime, master" rev="1.3" rev-constraint-default="1.3" rev-constraint-dynamic="1.3" callerrev="1.2.1.2"/>
				<caller organisation="commons-httpclient" name="commons-httpclient" conf="compile, runtime" rev="1.3" rev-constraint-default="1.3" rev-constraint-dynamic="1.2" callerrev="3.1"/>
				<artifacts>
				</artifacts>
			</revision>
		</module>
		<module organisation="org.apache.httpcomponents" name="httpcore">
			<revision name="4.3.2" status="release" pubdate="20140910142853" resolver="Typesafe Releases Repository" artresolver="Typesafe Releases Repository" homepage="http://hc.apache.org/httpcomponents-core-ga" downloaded="false" searched="false" default="false" conf="default(compile), default, compile, master(*), runtime, compile(*), runtime(*), master" position="24">
				<metadata-artifact status="no" details="" size="7595" time="0" location="D:\play-2.1.1\framework\.\..\repository\cache\org.apache.httpcomponents\httpcore\ivy-4.3.2.xml" searched="false" origin-is-local="false" origin-location="http://repo.typesafe.com/typesafe/releases/org/apache/httpcomponents/httpcore/4.3.2/httpcore-4.3.2.pom"/>
				<caller organisation="org.apache.httpcomponents" name="httpclient" conf="compile, runtime" rev="4.3.2" rev-constraint-default="4.3.2" rev-constraint-dynamic="4.3.2" callerrev="4.3.5"/>
				<caller organisation="org.apache.axis2" name="axis2-transport-http" conf="default, compile, runtime, master" rev="4.0" rev-constraint-default="4.0" rev-constraint-dynamic="4.0" callerrev="1.6.2"/>
				<caller organisation="oauth.signpost" name="signpost-commonshttp4" conf="default, compile, runtime, master" rev="4.0.1" rev-constraint-default="4.0.1" rev-constraint-dynamic="4.0.1" callerrev="1.2.1.2"/>
				<caller organisation="hssy" name="hssy_2.10" conf="test-internal, test, optional, compile, provided, runtime" rev="4.3.2" rev-constraint-default="4.3.2" rev-constraint-dynamic="4.3.2" callerrev="1.0"/>
				<artifacts>
					<artifact name="httpcore" type="jar" ext="jar" status="no" details="" size="282269" time="0" location="D:\play-2.1.1\framework\.\..\repository\cache\org.apache.httpcomponents\httpcore\jars\httpcore-4.3.2.jar">
						<origin-location is-local="false" location="http://repo.typesafe.com/typesafe/releases/org/apache/httpcomponents/httpcore/4.3.2/httpcore-4.3.2.jar"/>
					</artifact>
				</artifacts>
			</revision>
			<revision name="4.0" evicted="latest-revision" evicted-reason="" downloaded="false" searched="false" conf="default(compile), compile, master(*), runtime, compile(*), runtime(*), master" position="-1">
				<evicted-by rev="4.3.2"/>
				<caller organisation="org.apache.axis2" name="axis2-transport-http" conf="default, compile, runtime, master" rev="4.0" rev-constraint-default="4.0" rev-constraint-dynamic="4.0" callerrev="1.6.2"/>
				<caller organisation="hssy" name="hssy_2.10" conf="compile" rev="4.0" rev-constraint-default="4.0" rev-constraint-dynamic="4.3.2" callerrev="1.0"/>
				<artifacts>
				</artifacts>
			</revision>
			<revision name="4.0.1" evicted="latest-revision" evicted-reason="" downloaded="false" searched="false" conf="compile, master(*), runtime, compile(*), runtime(*), master" position="-1">
				<evicted-by rev="4.3.2"/>
				<caller organisation="oauth.signpost" name="signpost-commonshttp4" conf="default, compile, runtime, master" rev="4.0.1" rev-constraint-default="4.0.1" rev-constraint-dynamic="4.0.1" callerrev="1.2.1.2"/>
				<artifacts>
				</artifacts>
			</revision>
		</module>
		<module organisation="commons-logging" name="commons-logging">
			<revision name="1.1.3" status="release" pubdate="20140910142656" resolver="Typesafe Releases Repository" artresolver="Typesafe Releases Repository" homepage="http://commons.apache.org/proper/commons-logging/" downloaded="false" searched="false" default="false" conf="compile, master(*), runtime, compile(*), runtime(*), master" position="26">
				<metadata-artifact status="no" details="" size="10167" time="0" location="D:\play-2.1.1\framework\.\..\repository\cache\commons-logging\commons-logging\ivy-1.1.3.xml" searched="false" origin-is-local="false" origin-location="http://repo.typesafe.com/typesafe/releases/commons-logging/commons-logging/1.1.3/commons-logging-1.1.3.pom"/>
				<caller organisation="org.apache.woden" name="woden-impl-commons" conf="compile, runtime" rev="1.1.1" rev-constraint-default="1.1.1" rev-constraint-dynamic="1.1.1" callerrev="1.0M9"/>
				<caller organisation="org.apache.ws.commons.axiom" name="axiom-impl" conf="compile, runtime" rev="1.1.1" rev-constraint-default="1.1.1" rev-constraint-dynamic="1.1.1" callerrev="1.2.13"/>
				<caller organisation="org.apache.axis2" name="axis2-kernel" conf="compile, runtime" rev="1.1.1" rev-constraint-default="1.1.1" rev-constraint-dynamic="1.1.1" callerrev="1.6.2"/>
				<caller organisation="org.apache.httpcomponents" name="httpclient" conf="compile, runtime" rev="1.1.3" rev-constraint-default="1.1.3" rev-constraint-dynamic="1.1.3" callerrev="4.3.5"/>
				<caller organisation="commons-beanutils" name="commons-beanutils" conf="default, compile, runtime, master" rev="1.1.1" rev-constraint-default="1.1.1" rev-constraint-dynamic="1.1.1" callerrev="1.9.1"/>
				<caller organisation="net.sourceforge.htmlunit" name="htmlunit" conf="compile, runtime" rev="1.1.1" rev-constraint-default="1.1.1" rev-constraint-dynamic="1.1.1" callerrev="2.9"/>
				<caller organisation="org.springframework" name="spring-core" conf="compile, runtime" rev="1.1.1" rev-constraint-default="1.1.1" rev-constraint-dynamic="1.1.1" callerrev="3.2.3.RELEASE"/>
				<caller organisation="org.apache.ws.commons.axiom" name="axiom-api" conf="compile, runtime" rev="1.1.1" rev-constraint-default="1.1.1" rev-constraint-dynamic="1.1.1" callerrev="1.2.13"/>
				<caller organisation="commons-httpclient" name="commons-httpclient" conf="compile, runtime" rev="1.1.1" rev-constraint-default="1.1.1" rev-constraint-dynamic="1.0.4" callerrev="3.1"/>
				<artifacts>
					<artifact name="commons-logging" type="jar" ext="jar" status="no" details="" size="62050" time="0" location="D:\play-2.1.1\framework\.\..\repository\cache\commons-logging\commons-logging\jars\commons-logging-1.1.3.jar">
						<origin-location is-local="false" location="http://repo.typesafe.com/typesafe/releases/commons-logging/commons-logging/1.1.3/commons-logging-1.1.3.jar"/>
					</artifact>
				</artifacts>
			</revision>
			<revision name="1.1.1" status="release" pubdate="20130206024207" resolver="local" artresolver="local" evicted="latest-revision" evicted-reason="" homepage="http://commons.apache.org/logging" downloaded="false" searched="false" default="false" conf="compile, master(*), runtime, compile(*), runtime(*), master" position="-1">
				<metadata-artifact status="no" details="" size="3933" time="0" location="D:\play-2.1.1\framework\.\..\repository\cache\commons-logging\commons-logging\ivy-1.1.1.xml" searched="false" origin-is-local="true" origin-location="D:\play-2.1.1\repository\local\commons-logging\commons-logging\1.1.1\ivys\ivy.xml"/>
				<evicted-by rev="1.1.3"/>
				<caller organisation="org.apache.woden" name="woden-impl-commons" conf="compile, runtime" rev="1.1.1" rev-constraint-default="1.1.1" rev-constraint-dynamic="1.1.1" callerrev="1.0M9"/>
				<caller organisation="org.apache.ws.commons.axiom" name="axiom-impl" conf="compile, runtime" rev="1.1.1" rev-constraint-default="1.1.1" rev-constraint-dynamic="1.1.1" callerrev="1.2.13"/>
				<caller organisation="org.apache.axis2" name="axis2-kernel" conf="compile, runtime" rev="1.1.1" rev-constraint-default="1.1.1" rev-constraint-dynamic="1.1.1" callerrev="1.6.2"/>
				<caller organisation="commons-beanutils" name="commons-beanutils" conf="default, compile, runtime, master" rev="1.1.1" rev-constraint-default="1.1.1" rev-constraint-dynamic="1.1.1" callerrev="1.9.1"/>
				<caller organisation="net.sourceforge.htmlunit" name="htmlunit" conf="compile, runtime" rev="1.1.1" rev-constraint-default="1.1.1" rev-constraint-dynamic="1.1.1" callerrev="2.9"/>
				<caller organisation="org.springframework" name="spring-core" conf="compile, runtime" rev="1.1.1" rev-constraint-default="1.1.1" rev-constraint-dynamic="1.1.1" callerrev="3.2.3.RELEASE"/>
				<caller organisation="org.apache.ws.commons.axiom" name="axiom-api" conf="compile, runtime" rev="1.1.1" rev-constraint-default="1.1.1" rev-constraint-dynamic="1.1.1" callerrev="1.2.13"/>
				<caller organisation="commons-httpclient" name="commons-httpclient" conf="compile, runtime" rev="1.1.1" rev-constraint-default="1.1.1" rev-constraint-dynamic="1.0.4" callerrev="3.1"/>
				<artifacts>
				</artifacts>
			</revision>
		</module>
		<module organisation="log4j" name="log4j">
			<revision name="1.2.17" status="release" pubdate="20120526174339" resolver="public" artresolver="public" homepage="http://logging.apache.org/log4j/1.2/" downloaded="false" searched="false" default="false" conf="compile, master(*), runtime, compile(*), runtime(*), master" position="80">
				<license name="The Apache Software License, Version 2.0" url="http://www.apache.org/licenses/LICENSE-2.0.txt"/>
				<metadata-artifact status="no" details="" size="3551" time="0" location="D:\play-2.1.1\framework\.\..\repository\cache\log4j\log4j\ivy-1.2.17.xml" searched="false" origin-is-local="false" origin-location="http://repo1.maven.org/maven2/log4j/log4j/1.2.17/log4j-1.2.17.pom"/>
				<caller organisation="org.slf4j" name="slf4j-log4j12" conf="default, compile, runtime, master" rev="1.2.17" rev-constraint-default="1.2.17" rev-constraint-dynamic="1.2.17" callerrev="1.7.5"/>
				<artifacts>
					<artifact name="log4j" type="bundle" ext="jar" status="no" details="" size="489884" time="0" location="D:\play-2.1.1\framework\.\..\repository\cache\log4j\log4j\bundles\log4j-1.2.17.jar">
						<origin-location is-local="false" location="http://repo1.maven.org/maven2/log4j/log4j/1.2.17/log4j-1.2.17.jar"/>
					</artifact>
				</artifacts>
			</revision>
		</module>
		<module organisation="joda-time" name="joda-time">
			<revision name="2.2" status="release" pubdate="20130308222346" resolver="public" artresolver="public" homepage="http://joda-time.sourceforge.net" downloaded="false" searched="false" default="false" conf="default(compile), default, compile, runtime, master" position="18">
				<license name="Apache 2" url="http://www.apache.org/licenses/LICENSE-2.0.txt"/>
				<metadata-artifact status="no" details="" size="3444" time="0" location="D:\play-2.1.1\framework\.\..\repository\cache\joda-time\joda-time\ivy-2.2.xml" searched="false" origin-is-local="false" origin-location="http://repo1.maven.org/maven2/joda-time/joda-time/2.2/joda-time-2.2.pom"/>
				<caller organisation="play" name="play_2.10" conf="compile" rev="2.1" rev-constraint-default="2.1" rev-constraint-dynamic="2.1" callerrev="2.1.1"/>
				<caller organisation="hssy" name="hssy_2.10" conf="test-internal, test, optional, compile, provided, runtime" rev="2.2" rev-constraint-default="2.2" rev-constraint-dynamic="2.2" callerrev="1.0"/>
				<artifacts>
					<artifact name="joda-time" type="jar" ext="jar" status="no" details="" size="573912" time="0" location="D:\play-2.1.1\framework\.\..\repository\cache\joda-time\joda-time\jars\joda-time-2.2.jar">
						<origin-location is-local="false" location="http://repo1.maven.org/maven2/joda-time/joda-time/2.2/joda-time-2.2.jar"/>
					</artifact>
				</artifacts>
			</revision>
			<revision name="2.1" evicted="latest-revision" evicted-reason="" downloaded="false" searched="false" conf="default(compile), default, compile, runtime, master" position="-1">
				<evicted-by rev="2.2"/>
				<caller organisation="play" name="play_2.10" conf="compile" rev="2.1" rev-constraint-default="2.1" rev-constraint-dynamic="2.1" callerrev="2.1.1"/>
				<artifacts>
				</artifacts>
			</revision>
		</module>
		<module organisation="play" name="play_2.10">
			<revision name="2.1.1" status="release" pubdate="20130402201135" resolver="local" artresolver="local" downloaded="false" searched="false" default="false" conf="default(compile), compile" position="1">
				<metadata-artifact status="no" details="" size="4804" time="0" location="D:\play-2.1.1\framework\.\..\repository\cache\play\play_2.10\ivy-2.1.1.xml" searched="false" origin-is-local="true" origin-location="D:\play-2.1.1\repository\local\play\play_2.10\2.1.1\ivys\ivy.xml"/>
				<caller organisation="play" name="play-test_2.10" conf="compile" rev="2.1.1" rev-constraint-default="2.1.1" rev-constraint-dynamic="2.1.1" callerrev="2.1.1"/>
				<caller organisation="play" name="play-java_2.10" conf="compile" rev="2.1.1" rev-constraint-default="2.1.1" rev-constraint-dynamic="2.1.1" callerrev="2.1.1"/>
				<caller organisation="hssy" name="hssy_2.10" conf="test-internal, test, optional, compile, provided, runtime" rev="2.1.1" rev-constraint-default="2.1.1" rev-constraint-dynamic="2.1.1" callerrev="1.0"/>
				<artifacts>
					<artifact name="play_2.10" type="jar" ext="jar" status="no" details="" size="4683354" time="0" location="D:\play-2.1.1\repository\local\play\play_2.10\2.1.1\jars\play_2.10.jar">
						<origin-location is-local="true" location="D:\play-2.1.1\repository\local\play\play_2.10\2.1.1\jars\play_2.10.jar"/>
					</artifact>
				</artifacts>
			</revision>
		</module>
		<module organisation="org.fluentlenium" name="fluentlenium-festassert">
			<revision name="0.7.3" status="release" pubdate="20120901021531" resolver="local" artresolver="local" homepage="https://github.com/FluentLenium/FluentLenium" downloaded="false" searched="false" default="false" conf="default(compile), default, compile, runtime, master" position="128">
				<license name="Apache 2" url="http://www.apache.org/licenses/LICENSE-2.0.txt"/>
				<metadata-artifact status="no" details="" size="5460" time="0" location="D:\play-2.1.1\framework\.\..\repository\cache\org.fluentlenium\fluentlenium-festassert\ivy-0.7.3.xml" searched="false" origin-is-local="true" origin-location="D:\play-2.1.1\repository\local\org.fluentlenium\fluentlenium-festassert\0.7.3\ivys\ivy.xml"/>
				<caller organisation="play" name="play-test_2.10" conf="compile" rev="0.7.3" rev-constraint-default="0.7.3" rev-constraint-dynamic="0.7.3" callerrev="2.1.1"/>
				<artifacts>
					<artifact name="fluentlenium-festassert" type="jar" ext="jar" status="no" details="" size="12727" time="0" location="D:\play-2.1.1\repository\local\org.fluentlenium\fluentlenium-festassert\0.7.3\jars\fluentlenium-festassert.jar">
						<origin-location is-local="true" location="D:\play-2.1.1\repository\local\org.fluentlenium\fluentlenium-festassert\0.7.3\jars\fluentlenium-festassert.jar"/>
					</artifact>
				</artifacts>
			</revision>
		</module>
		<module organisation="org.fluentlenium" name="fluentlenium-core">
			<revision name="0.7.3" status="release" pubdate="20120901021459" resolver="local" artresolver="local" homepage="https://github.com/FluentLenium/FluentLenium" downloaded="false" searched="false" default="false" conf="compile, master(*), runtime, compile(*), runtime(*), master" position="129">
				<license name="Apache 2" url="http://www.apache.org/licenses/LICENSE-2.0.txt"/>
				<metadata-artifact status="no" details="" size="5563" time="0" location="D:\play-2.1.1\framework\.\..\repository\cache\org.fluentlenium\fluentlenium-core\ivy-0.7.3.xml" searched="false" origin-is-local="true" origin-location="D:\play-2.1.1\repository\local\org.fluentlenium\fluentlenium-core\0.7.3\ivys\ivy.xml"/>
				<caller organisation="org.fluentlenium" name="fluentlenium-festassert" conf="default, compile, runtime, master" rev="0.7.3" rev-constraint-default="0.7.3" rev-constraint-dynamic="0.7.3" callerrev="0.7.3"/>
				<artifacts>
					<artifact name="fluentlenium-core" type="jar" ext="jar" status="no" details="" size="75067" time="0" location="D:\play-2.1.1\repository\local\org.fluentlenium\fluentlenium-core\0.7.3\jars\fluentlenium-core.jar">
						<origin-location is-local="true" location="D:\play-2.1.1\repository\local\org.fluentlenium\fluentlenium-core\0.7.3\jars\fluentlenium-core.jar"/>
					</artifact>
				</artifacts>
			</revision>
		</module>
		<module organisation="org.easytesting" name="fest-assert">
			<revision name="1.4" status="release" pubdate="20110222184559" resolver="local" artresolver="local" homepage="http://fest.easytesting.org/assert" downloaded="false" searched="false" default="false" conf="compile, master(*), runtime, compile(*), runtime(*), master" position="156">
				<metadata-artifact status="no" details="" size="4253" time="0" location="D:\play-2.1.1\framework\.\..\repository\cache\org.easytesting\fest-assert\ivy-1.4.xml" searched="false" origin-is-local="true" origin-location="D:\play-2.1.1\repository\local\org.easytesting\fest-assert\1.4\ivys\ivy.xml"/>
				<caller organisation="org.fluentlenium" name="fluentlenium-festassert" conf="default, compile, runtime, master" rev="1.4" rev-constraint-default="1.4" rev-constraint-dynamic="1.4" callerrev="0.7.3"/>
				<artifacts>
					<artifact name="fest-assert" type="jar" ext="jar" status="no" details="" size="78451" time="0" location="D:\play-2.1.1\repository\local\org.easytesting\fest-assert\1.4\jars\fest-assert.jar">
						<origin-location is-local="true" location="D:\play-2.1.1\repository\local\org.easytesting\fest-assert\1.4\jars\fest-assert.jar"/>
					</artifact>
				</artifacts>
			</revision>
		</module>
		<module organisation="org.easytesting" name="fest-util">
			<revision name="1.1.6" status="release" pubdate="20110217211512" resolver="local" artresolver="local" homepage="http://fest.easytesting.org" downloaded="false" searched="false" default="false" conf="compile, master(*), runtime, compile(*), runtime(*), master" position="157">
				<metadata-artifact status="no" details="" size="3736" time="0" location="D:\play-2.1.1\framework\.\..\repository\cache\org.easytesting\fest-util\ivy-1.1.6.xml" searched="false" origin-is-local="true" origin-location="D:\play-2.1.1\repository\local\org.easytesting\fest-util\1.1.6\ivys\ivy.xml"/>
				<caller organisation="org.easytesting" name="fest-assert" conf="compile, runtime" rev="1.1.6" rev-constraint-default="1.1.6" rev-constraint-dynamic="1.1.6" callerrev="1.4"/>
				<artifacts>
					<artifact name="fest-util" type="jar" ext="jar" status="no" details="" size="31034" time="0" location="D:\play-2.1.1\repository\local\org.easytesting\fest-util\1.1.6\jars\fest-util.jar">
						<origin-location is-local="true" location="D:\play-2.1.1\repository\local\org.easytesting\fest-util\1.1.6\jars\fest-util.jar"/>
					</artifact>
				</artifacts>
			</revision>
		</module>
		<module organisation="org.seleniumhq.selenium" name="selenium-java">
			<revision name="2.25.0" status="release" pubdate="20120719072033" resolver="local" artresolver="local" homepage="" downloaded="false" searched="false" default="false" conf="compile, master(*), runtime, compile(*), runtime(*), master" position="130">
				<metadata-artifact status="no" details="" size="7205" time="0" location="D:\play-2.1.1\framework\.\..\repository\cache\org.seleniumhq.selenium\selenium-java\ivy-2.25.0.xml" searched="false" origin-is-local="true" origin-location="D:\play-2.1.1\repository\local\org.seleniumhq.selenium\selenium-java\2.25.0\ivys\ivy.xml"/>
				<caller organisation="org.fluentlenium" name="fluentlenium-core" conf="compile, runtime" rev="2.25.0" rev-constraint-default="2.25.0" rev-constraint-dynamic="2.25.0" callerrev="0.7.3"/>
				<artifacts>
					<artifact name="selenium-java" type="jar" ext="jar" status="no" details="" size="202083" time="0" location="D:\play-2.1.1\repository\local\org.seleniumhq.selenium\selenium-java\2.25.0\jars\selenium-java.jar">
						<origin-location is-local="true" location="D:\play-2.1.1\repository\local\org.seleniumhq.selenium\selenium-java\2.25.0\jars\selenium-java.jar"/>
					</artifact>
				</artifacts>
			</revision>
		</module>
		<module organisation="org.seleniumhq.selenium" name="selenium-support">
			<revision name="2.25.0" status="release" pubdate="20120719072017" resolver="local" artresolver="local" homepage="" downloaded="false" searched="false" default="false" conf="compile, master(*), runtime, compile(*), runtime(*), master" position="155">
				<metadata-artifact status="no" details="" size="5931" time="0" location="D:\play-2.1.1\framework\.\..\repository\cache\org.seleniumhq.selenium\selenium-support\ivy-2.25.0.xml" searched="false" origin-is-local="true" origin-location="D:\play-2.1.1\repository\local\org.seleniumhq.selenium\selenium-support\2.25.0\ivys\ivy.xml"/>
				<caller organisation="org.seleniumhq.selenium" name="selenium-java" conf="compile, runtime" rev="2.25.0" rev-constraint-default="2.25.0" rev-constraint-dynamic="2.25.0" callerrev="2.25.0"/>
				<artifacts>
					<artifact name="selenium-support" type="jar" ext="jar" status="no" details="" size="113172" time="0" location="D:\play-2.1.1\repository\local\org.seleniumhq.selenium\selenium-support\2.25.0\jars\selenium-support.jar">
						<origin-location is-local="true" location="D:\play-2.1.1\repository\local\org.seleniumhq.selenium\selenium-support\2.25.0\jars\selenium-support.jar"/>
					</artifact>
				</artifacts>
			</revision>
		</module>
		<module organisation="org.seleniumhq.selenium" name="selenium-safari-driver">
			<revision name="2.25.0" status="release" pubdate="20120719072006" resolver="local" artresolver="local" homepage="" downloaded="false" searched="false" default="false" conf="compile, master(*), runtime, compile(*), runtime(*), master" position="153">
				<metadata-artifact status="no" details="" size="5869" time="0" location="D:\play-2.1.1\framework\.\..\repository\cache\org.seleniumhq.selenium\selenium-safari-driver\ivy-2.25.0.xml" searched="false" origin-is-local="true" origin-location="D:\play-2.1.1\repository\local\org.seleniumhq.selenium\selenium-safari-driver\2.25.0\ivys\ivy.xml"/>
				<caller organisation="org.seleniumhq.selenium" name="selenium-java" conf="compile, runtime" rev="2.25.0" rev-constraint-default="2.25.0" rev-constraint-dynamic="2.25.0" callerrev="2.25.0"/>
				<artifacts>
					<artifact name="selenium-safari-driver" type="jar" ext="jar" status="no" details="" size="15761" time="0" location="D:\play-2.1.1\repository\local\org.seleniumhq.selenium\selenium-safari-driver\2.25.0\jars\selenium-safari-driver.jar">
						<origin-location is-local="true" location="D:\play-2.1.1\repository\local\org.seleniumhq.selenium\selenium-safari-driver\2.25.0\jars\selenium-safari-driver.jar"/>
					</artifact>
				</artifacts>
			</revision>
		</module>
		<module organisation="org.webbitserver" name="webbit">
			<revision name="0.4.6" status="release" pubdate="20120223205921" resolver="local" artresolver="local" homepage="http://webbitserver.org/" downloaded="false" searched="false" default="false" conf="compile, master(*), runtime, compile(*), runtime(*), master" position="154">
				<license name="BSD License" url="http://www.opensource.org/licenses/bsd-license"/>
				<metadata-artifact status="no" details="" size="3346" time="0" location="D:\play-2.1.1\framework\.\..\repository\cache\org.webbitserver\webbit\ivy-0.4.6.xml" searched="false" origin-is-local="true" origin-location="D:\play-2.1.1\repository\local\org.webbitserver\webbit\0.4.6\ivys\ivy.xml"/>
				<caller organisation="org.seleniumhq.selenium" name="selenium-java" conf="compile, runtime" rev="0.4.6" rev-constraint-default="0.4.6" rev-constraint-dynamic="0.4.6" callerrev="2.25.0"/>
				<caller organisation="org.seleniumhq.selenium" name="selenium-safari-driver" conf="compile, runtime" rev="0.4.6" rev-constraint-default="0.4.6" rev-constraint-dynamic="0.4.6" callerrev="2.25.0"/>
				<artifacts>
					<artifact name="webbit" type="jar" ext="jar" status="no" details="" size="154749" time="0" location="D:\play-2.1.1\repository\local\org.webbitserver\webbit\0.4.6\jars\webbit.jar">
						<origin-location is-local="true" location="D:\play-2.1.1\repository\local\org.webbitserver\webbit\0.4.6\jars\webbit.jar"/>
					</artifact>
				</artifacts>
			</revision>
		</module>
		<module organisation="org.seleniumhq.selenium" name="selenium-iphone-driver">
			<revision name="2.25.0" status="release" pubdate="20120719071957" resolver="local" artresolver="local" homepage="" downloaded="false" searched="false" default="false" conf="compile, master(*), runtime, compile(*), runtime(*), master" position="152">
				<metadata-artifact status="no" details="" size="5734" time="0" location="D:\play-2.1.1\framework\.\..\repository\cache\org.seleniumhq.selenium\selenium-iphone-driver\ivy-2.25.0.xml" searched="false" origin-is-local="true" origin-location="D:\play-2.1.1\repository\local\org.seleniumhq.selenium\selenium-iphone-driver\2.25.0\ivys\ivy.xml"/>
				<caller organisation="org.seleniumhq.selenium" name="selenium-java" conf="compile, runtime" rev="2.25.0" rev-constraint-default="2.25.0" rev-constraint-dynamic="2.25.0" callerrev="2.25.0"/>
				<artifacts>
					<artifact name="selenium-iphone-driver" type="jar" ext="jar" status="no" details="" size="13698" time="0" location="D:\play-2.1.1\repository\local\org.seleniumhq.selenium\selenium-iphone-driver\2.25.0\jars\selenium-iphone-driver.jar">
						<origin-location is-local="true" location="D:\play-2.1.1\repository\local\org.seleniumhq.selenium\selenium-iphone-driver\2.25.0\jars\selenium-iphone-driver.jar"/>
					</artifact>
				</artifacts>
			</revision>
		</module>
		<module organisation="org.seleniumhq.selenium" name="selenium-ie-driver">
			<revision name="2.25.0" status="release" pubdate="20120719071948" resolver="local" artresolver="local" homepage="" downloaded="false" searched="false" default="false" conf="compile, master(*), runtime, compile(*), runtime(*), master" position="151">
				<metadata-artifact status="no" details="" size="5995" time="0" location="D:\play-2.1.1\framework\.\..\repository\cache\org.seleniumhq.selenium\selenium-ie-driver\ivy-2.25.0.xml" searched="false" origin-is-local="true" origin-location="D:\play-2.1.1\repository\local\org.seleniumhq.selenium\selenium-ie-driver\2.25.0\ivys\ivy.xml"/>
				<caller organisation="org.seleniumhq.selenium" name="selenium-java" conf="compile, runtime" rev="2.25.0" rev-constraint-default="2.25.0" rev-constraint-dynamic="2.25.0" callerrev="2.25.0"/>
				<artifacts>
					<artifact name="selenium-ie-driver" type="jar" ext="jar" status="no" details="" size="1426908" time="0" location="D:\play-2.1.1\repository\local\org.seleniumhq.selenium\selenium-ie-driver\2.25.0\jars\selenium-ie-driver.jar">
						<origin-location is-local="true" location="D:\play-2.1.1\repository\local\org.seleniumhq.selenium\selenium-ie-driver\2.25.0\jars\selenium-ie-driver.jar"/>
					</artifact>
				</artifacts>
			</revision>
		</module>
		<module organisation="org.seleniumhq.selenium" name="selenium-firefox-driver">
			<revision name="2.25.0" status="release" pubdate="20120719071926" resolver="local" artresolver="local" homepage="" downloaded="false" searched="false" default="false" conf="compile, master(*), runtime, compile(*), runtime(*), master" position="150">
				<metadata-artifact status="no" details="" size="6010" time="0" location="D:\play-2.1.1\framework\.\..\repository\cache\org.seleniumhq.selenium\selenium-firefox-driver\ivy-2.25.0.xml" searched="false" origin-is-local="true" origin-location="D:\play-2.1.1\repository\local\org.seleniumhq.selenium\selenium-firefox-driver\2.25.0\ivys\ivy.xml"/>
				<caller organisation="org.seleniumhq.selenium" name="selenium-java" conf="compile, runtime" rev="2.25.0" rev-constraint-default="2.25.0" rev-constraint-dynamic="2.25.0" callerrev="2.25.0"/>
				<artifacts>
					<artifact name="selenium-firefox-driver" type="jar" ext="jar" status="no" details="" size="1976290" time="0" location="D:\play-2.1.1\repository\local\org.seleniumhq.selenium\selenium-firefox-driver\2.25.0\jars\selenium-firefox-driver.jar">
						<origin-location is-local="true" location="D:\play-2.1.1\repository\local\org.seleniumhq.selenium\selenium-firefox-driver\2.25.0\jars\selenium-firefox-driver.jar"/>
					</artifact>
				</artifacts>
			</revision>
		</module>
		<module organisation="org.seleniumhq.selenium" name="selenium-htmlunit-driver">
			<revision name="2.25.0" status="release" pubdate="20120719071937" resolver="local" artresolver="local" homepage="" downloaded="false" searched="false" default="false" conf="compile, master(*), runtime, compile(*), runtime(*), master" position="139">
				<metadata-artifact status="no" details="" size="6272" time="0" location="D:\play-2.1.1\framework\.\..\repository\cache\org.seleniumhq.selenium\selenium-htmlunit-driver\ivy-2.25.0.xml" searched="false" origin-is-local="true" origin-location="D:\play-2.1.1\repository\local\org.seleniumhq.selenium\selenium-htmlunit-driver\2.25.0\ivys\ivy.xml"/>
				<caller organisation="org.seleniumhq.selenium" name="selenium-java" conf="compile, runtime" rev="2.25.0" rev-constraint-default="2.25.0" rev-constraint-dynamic="2.25.0" callerrev="2.25.0"/>
				<artifacts>
					<artifact name="selenium-htmlunit-driver" type="jar" ext="jar" status="no" details="" size="53368" time="0" location="D:\play-2.1.1\repository\local\org.seleniumhq.selenium\selenium-htmlunit-driver\2.25.0\jars\selenium-htmlunit-driver.jar">
						<origin-location is-local="true" location="D:\play-2.1.1\repository\local\org.seleniumhq.selenium\selenium-htmlunit-driver\2.25.0\jars\selenium-htmlunit-driver.jar"/>
					</artifact>
				</artifacts>
			</revision>
		</module>
		<module organisation="net.sourceforge.htmlunit" name="htmlunit">
			<revision name="2.9" status="release" pubdate="20110809183817" resolver="local" artresolver="local" homepage="http://htmlunit.sourceforge.net" downloaded="false" searched="false" default="false" conf="compile, master(*), runtime, compile(*), runtime(*), master" position="140">
				<license name="Apache License, Version 2.0" url="http://www.apache.org/licenses/LICENSE-2.0.txt"/>
				<metadata-artifact status="no" details="" size="6954" time="0" location="D:\play-2.1.1\framework\.\..\repository\cache\net.sourceforge.htmlunit\htmlunit\ivy-2.9.xml" searched="false" origin-is-local="true" origin-location="D:\play-2.1.1\repository\local\net.sourceforge.htmlunit\htmlunit\2.9\ivys\ivy.xml"/>
				<caller organisation="org.seleniumhq.selenium" name="selenium-htmlunit-driver" conf="compile, runtime" rev="2.9" rev-constraint-default="2.9" rev-constraint-dynamic="2.9" callerrev="2.25.0"/>
				<artifacts>
					<artifact name="htmlunit" type="jar" ext="jar" status="no" details="" size="1003510" time="0" location="D:\play-2.1.1\repository\local\net.sourceforge.htmlunit\htmlunit\2.9\jars\htmlunit.jar">
						<origin-location is-local="true" location="D:\play-2.1.1\repository\local\net.sourceforge.htmlunit\htmlunit\2.9\jars\htmlunit.jar"/>
					</artifact>
				</artifacts>
			</revision>
		</module>
		<module organisation="net.sourceforge.cssparser" name="cssparser">
			<revision name="0.9.5" status="release" pubdate="20080328084902" resolver="local" artresolver="local" homepage="http://cssparser.sourceforge.net/" downloaded="false" searched="false" default="false" conf="compile, master(*), runtime, compile(*), runtime(*), master" position="148">
				<license name="GNU Lesser General Public License" url="http://www.gnu.org/licenses/lgpl.txt"/>
				<metadata-artifact status="no" details="" size="2846" time="0" location="D:\play-2.1.1\framework\.\..\repository\cache\net.sourceforge.cssparser\cssparser\ivy-0.9.5.xml" searched="false" origin-is-local="true" origin-location="D:\play-2.1.1\repository\local\net.sourceforge.cssparser\cssparser\0.9.5\ivys\ivy.xml"/>
				<caller organisation="net.sourceforge.htmlunit" name="htmlunit" conf="compile, runtime" rev="0.9.5" rev-constraint-default="0.9.5" rev-constraint-dynamic="0.9.5" callerrev="2.9"/>
				<artifacts>
					<artifact name="cssparser" type="jar" ext="jar" status="no" details="" size="253950" time="0" location="D:\play-2.1.1\repository\local\net.sourceforge.cssparser\cssparser\0.9.5\jars\cssparser.jar">
						<origin-location is-local="true" location="D:\play-2.1.1\repository\local\net.sourceforge.cssparser\cssparser\0.9.5\jars\cssparser.jar"/>
					</artifact>
				</artifacts>
			</revision>
		</module>
		<module organisation="org.w3c.css" name="sac">
			<revision name="1.3" status="release" pubdate="20080323154250" resolver="local" artresolver="local" homepage="http://www.w3.org/Style/CSS/SAC/" downloaded="false" searched="false" default="false" conf="compile, master(*), runtime, compile(*), runtime(*), master" position="149">
				<license name="The W3C Software License" url="http://www.w3.org/Consortium/Legal/copyright-software-19980720"/>
				<metadata-artifact status="no" details="" size="2376" time="0" location="D:\play-2.1.1\framework\.\..\repository\cache\org.w3c.css\sac\ivy-1.3.xml" searched="false" origin-is-local="true" origin-location="D:\play-2.1.1\repository\local\org.w3c.css\sac\1.3\ivys\ivy.xml"/>
				<caller organisation="net.sourceforge.cssparser" name="cssparser" conf="compile, runtime" rev="1.3" rev-constraint-default="1.3" rev-constraint-dynamic="1.3" callerrev="0.9.5"/>
				<artifacts>
					<artifact name="sac" type="jar" ext="jar" status="no" details="" size="15808" time="0" location="D:\play-2.1.1\repository\local\org.w3c.css\sac\1.3\jars\sac.jar">
						<origin-location is-local="true" location="D:\play-2.1.1\repository\local\org.w3c.css\sac\1.3\jars\sac.jar"/>
					</artifact>
				</artifacts>
			</revision>
		</module>
		<module organisation="net.sourceforge.nekohtml" name="nekohtml">
			<revision name="1.9.15" status="release" pubdate="20110804001328" resolver="local" artresolver="local" homepage="http://nekohtml.sourceforge.net/" downloaded="false" searched="false" default="false" conf="compile, master(*), runtime, compile(*), runtime(*), master" position="147">
				<license name="The Apache Software License, Version 2.0" url="http://www.apache.org/licenses/LICENSE-2.0.txt"/>
				<metadata-artifact status="no" details="" size="2552" time="0" location="D:\play-2.1.1\framework\.\..\repository\cache\net.sourceforge.nekohtml\nekohtml\ivy-1.9.15.xml" searched="false" origin-is-local="true" origin-location="D:\play-2.1.1\repository\local\net.sourceforge.nekohtml\nekohtml\1.9.15\ivys\ivy.xml"/>
				<caller organisation="net.sourceforge.htmlunit" name="htmlunit" conf="compile, runtime" rev="1.9.15" rev-constraint-default="1.9.15" rev-constraint-dynamic="1.9.15" callerrev="2.9"/>
				<artifacts>
					<artifact name="nekohtml" type="jar" ext="jar" status="no" details="" size="149271" time="0" location="D:\play-2.1.1\repository\local\net.sourceforge.nekohtml\nekohtml\1.9.15\jars\nekohtml.jar">
						<origin-location is-local="true" location="D:\play-2.1.1\repository\local\net.sourceforge.nekohtml\nekohtml\1.9.15\jars\nekohtml.jar"/>
					</artifact>
				</artifacts>
			</revision>
		</module>
		<module organisation="xerces" name="xercesImpl">
			<revision name="2.9.1" status="release" pubdate="20081002081919" resolver="local" artresolver="local" homepage="http://xerces.apache.org/xerces2-j" downloaded="false" searched="false" default="false" conf="compile, master(*), runtime, compile(*), runtime(*), master" position="146">
				<metadata-artifact status="no" details="" size="2937" time="0" location="D:\play-2.1.1\framework\.\..\repository\cache\xerces\xercesImpl\ivy-2.9.1.xml" searched="false" origin-is-local="true" origin-location="D:\play-2.1.1\repository\local\xerces\xercesImpl\2.9.1\ivys\ivy.xml"/>
				<caller organisation="net.sourceforge.htmlunit" name="htmlunit" conf="compile, runtime" rev="2.9.1" rev-constraint-default="2.9.1" rev-constraint-dynamic="2.9.1" callerrev="2.9"/>
				<artifacts>
					<artifact name="xercesImpl" type="jar" ext="jar" status="no" details="" size="1229125" time="0" location="D:\play-2.1.1\repository\local\xerces\xercesImpl\2.9.1\jars\xercesImpl.jar">
						<origin-location is-local="true" location="D:\play-2.1.1\repository\local\xerces\xercesImpl\2.9.1\jars\xercesImpl.jar"/>
					</artifact>
				</artifacts>
			</revision>
		</module>
		<module organisation="net.sourceforge.htmlunit" name="htmlunit-core-js">
			<revision name="2.9" status="release" pubdate="20110808175104" resolver="local" artresolver="local" homepage="http://htmlunit.sourceforge.net" downloaded="false" searched="false" default="false" conf="compile, master(*), runtime, compile(*), runtime(*), master" position="145">
				<license name="Mozilla Public License version 1.1" url="http://www.mozilla.org/MPL/MPL-1.1.html"/>
				<metadata-artifact status="no" details="" size="2511" time="0" location="D:\play-2.1.1\framework\.\..\repository\cache\net.sourceforge.htmlunit\htmlunit-core-js\ivy-2.9.xml" searched="false" origin-is-local="true" origin-location="D:\play-2.1.1\repository\local\net.sourceforge.htmlunit\htmlunit-core-js\2.9\ivys\ivy.xml"/>
				<caller organisation="net.sourceforge.htmlunit" name="htmlunit" conf="compile, runtime" rev="2.9" rev-constraint-default="2.9" rev-constraint-dynamic="2.9" callerrev="2.9"/>
				<artifacts>
					<artifact name="htmlunit-core-js" type="jar" ext="jar" status="no" details="" size="975187" time="0" location="D:\play-2.1.1\repository\local\net.sourceforge.htmlunit\htmlunit-core-js\2.9\jars\htmlunit-core-js.jar">
						<origin-location is-local="true" location="D:\play-2.1.1\repository\local\net.sourceforge.htmlunit\htmlunit-core-js\2.9\jars\htmlunit-core-js.jar"/>
					</artifact>
				</artifacts>
			</revision>
		</module>
		<module organisation="commons-lang" name="commons-lang">
			<revision name="2.6" status="release" pubdate="20110117092147" resolver="local" artresolver="local" homepage="http://commons.apache.org/lang/" downloaded="false" searched="false" default="false" conf="compile, master(*), runtime, compile(*), runtime(*), master" position="144">
				<metadata-artifact status="no" details="" size="6382" time="0" location="D:\play-2.1.1\framework\.\..\repository\cache\commons-lang\commons-lang\ivy-2.6.xml" searched="false" origin-is-local="true" origin-location="D:\play-2.1.1\repository\local\commons-lang\commons-lang\2.6\ivys\ivy.xml"/>
				<caller organisation="net.sourceforge.htmlunit" name="htmlunit" conf="compile, runtime" rev="2.6" rev-constraint-default="2.6" rev-constraint-dynamic="2.6" callerrev="2.9"/>
				<artifacts>
					<artifact name="commons-lang" type="jar" ext="jar" status="no" details="" size="284220" time="0" location="D:\play-2.1.1\repository\local\commons-lang\commons-lang\2.6\jars\commons-lang.jar">
						<origin-location is-local="true" location="D:\play-2.1.1\repository\local\commons-lang\commons-lang\2.6\jars\commons-lang.jar"/>
					</artifact>
				</artifacts>
			</revision>
		</module>
		<module organisation="commons-collections" name="commons-collections">
			<revision name="3.2.1" status="release" pubdate="20080415110924" resolver="local" artresolver="local" homepage="http://commons.apache.org/collections/" downloaded="false" searched="false" default="false" conf="compile, master(*), runtime, compile(*), runtime(*), master" position="70">
				<metadata-artifact status="no" details="" size="4576" time="0" location="D:\play-2.1.1\framework\.\..\repository\cache\commons-collections\commons-collections\ivy-3.2.1.xml" searched="false" origin-is-local="true" origin-location="D:\play-2.1.1\repository\local\commons-collections\commons-collections\3.2.1\ivys\ivy.xml"/>
				<caller organisation="commons-beanutils" name="commons-beanutils" conf="default, compile, runtime, master" rev="3.2.1" rev-constraint-default="3.2.1" rev-constraint-dynamic="3.2.1" callerrev="1.9.1"/>
				<caller organisation="net.sourceforge.htmlunit" name="htmlunit" conf="compile, runtime" rev="3.2.1" rev-constraint-default="3.2.1" rev-constraint-dynamic="3.2.1" callerrev="2.9"/>
				<artifacts>
					<artifact name="commons-collections" type="jar" ext="jar" status="no" details="" size="575389" time="0" location="D:\play-2.1.1\repository\local\commons-collections\commons-collections\3.2.1\jars\commons-collections.jar">
						<origin-location is-local="true" location="D:\play-2.1.1\repository\local\commons-collections\commons-collections\3.2.1\jars\commons-collections.jar"/>
					</artifact>
				</artifacts>
			</revision>
		</module>
		<module organisation="xalan" name="xalan">
			<revision name="2.7.1" status="release" pubdate="20080930180254" resolver="local" artresolver="local" homepage="http://xml.apache.org/xalan-j/" downloaded="false" searched="false" default="false" conf="compile, master(*), runtime, compile(*), runtime(*), master" position="141">
				<metadata-artifact status="no" details="" size="2917" time="0" location="D:\play-2.1.1\framework\.\..\repository\cache\xalan\xalan\ivy-2.7.1.xml" searched="false" origin-is-local="true" origin-location="D:\play-2.1.1\repository\local\xalan\xalan\2.7.1\ivys\ivy.xml"/>
				<caller organisation="net.sourceforge.htmlunit" name="htmlunit" conf="compile, runtime" rev="2.7.1" rev-constraint-default="2.7.1" rev-constraint-dynamic="2.7.1" callerrev="2.9"/>
				<artifacts>
					<artifact name="xalan" type="jar" ext="jar" status="no" details="" size="3176148" time="0" location="D:\play-2.1.1\repository\local\xalan\xalan\2.7.1\jars\xalan.jar">
						<origin-location is-local="true" location="D:\play-2.1.1\repository\local\xalan\xalan\2.7.1\jars\xalan.jar"/>
					</artifact>
				</artifacts>
			</revision>
		</module>
		<module organisation="xalan" name="serializer">
			<revision name="2.7.1" status="release" pubdate="20080930180254" resolver="local" artresolver="local" homepage="http://xml.apache.org/xalan-j/" downloaded="false" searched="false" default="false" conf="compile, master(*), runtime, compile(*), runtime(*), master" position="142">
				<metadata-artifact status="no" details="" size="2727" time="0" location="D:\play-2.1.1\framework\.\..\repository\cache\xalan\serializer\ivy-2.7.1.xml" searched="false" origin-is-local="true" origin-location="D:\play-2.1.1\repository\local\xalan\serializer\2.7.1\ivys\ivy.xml"/>
				<caller organisation="xalan" name="xalan" conf="compile, runtime" rev="2.7.1" rev-constraint-default="2.7.1" rev-constraint-dynamic="2.7.1" callerrev="2.7.1"/>
				<artifacts>
					<artifact name="serializer" type="jar" ext="jar" status="no" details="" size="278281" time="0" location="D:\play-2.1.1\repository\local\xalan\serializer\2.7.1\jars\serializer.jar">
						<origin-location is-local="true" location="D:\play-2.1.1\repository\local\xalan\serializer\2.7.1\jars\serializer.jar"/>
					</artifact>
				</artifacts>
			</revision>
		</module>
		<module organisation="xml-apis" name="xml-apis">
			<revision name="1.3.04" status="release" pubdate="20061223003752" resolver="local" artresolver="local" homepage="http://xml.apache.org/commons/components/external/" downloaded="false" searched="false" default="false" conf="compile, master(*), runtime, compile(*), runtime(*), master" position="143">
				<metadata-artifact status="no" details="" size="2811" time="0" location="D:\play-2.1.1\framework\.\..\repository\cache\xml-apis\xml-apis\ivy-1.3.04.xml" searched="false" origin-is-local="true" origin-location="D:\play-2.1.1\repository\local\xml-apis\xml-apis\1.3.04\ivys\ivy.xml"/>
				<caller organisation="xerces" name="xercesImpl" conf="compile, runtime" rev="1.3.04" rev-constraint-default="1.3.04" rev-constraint-dynamic="1.3.04" callerrev="2.9.1"/>
				<caller organisation="xalan" name="serializer" conf="compile, runtime" rev="1.3.04" rev-constraint-default="1.3.04" rev-constraint-dynamic="1.3.04" callerrev="2.7.1"/>
				<artifacts>
					<artifact name="xml-apis" type="jar" ext="jar" status="no" details="" size="194354" time="0" location="D:\play-2.1.1\repository\local\xml-apis\xml-apis\1.3.04\jars\xml-apis.jar">
						<origin-location is-local="true" location="D:\play-2.1.1\repository\local\xml-apis\xml-apis\1.3.04\jars\xml-apis.jar"/>
					</artifact>
				</artifacts>
			</revision>
		</module>
		<module organisation="org.seleniumhq.selenium" name="selenium-chrome-driver">
			<revision name="2.25.0" status="release" pubdate="20120719071914" resolver="local" artresolver="local" homepage="" downloaded="false" searched="false" default="false" conf="compile, master(*), runtime, compile(*), runtime(*), master" position="138">
				<metadata-artifact status="no" details="" size="5734" time="0" location="D:\play-2.1.1\framework\.\..\repository\cache\org.seleniumhq.selenium\selenium-chrome-driver\ivy-2.25.0.xml" searched="false" origin-is-local="true" origin-location="D:\play-2.1.1\repository\local\org.seleniumhq.selenium\selenium-chrome-driver\2.25.0\ivys\ivy.xml"/>
				<caller organisation="org.seleniumhq.selenium" name="selenium-java" conf="compile, runtime" rev="2.25.0" rev-constraint-default="2.25.0" rev-constraint-dynamic="2.25.0" callerrev="2.25.0"/>
				<artifacts>
					<artifact name="selenium-chrome-driver" type="jar" ext="jar" status="no" details="" size="11094" time="0" location="D:\play-2.1.1\repository\local\org.seleniumhq.selenium\selenium-chrome-driver\2.25.0\jars\selenium-chrome-driver.jar">
						<origin-location is-local="true" location="D:\play-2.1.1\repository\local\org.seleniumhq.selenium\selenium-chrome-driver\2.25.0\jars\selenium-chrome-driver.jar"/>
					</artifact>
				</artifacts>
			</revision>
		</module>
		<module organisation="org.seleniumhq.selenium" name="selenium-android-driver">
			<revision name="2.25.0" status="release" pubdate="20120719071905" resolver="local" artresolver="local" homepage="" downloaded="false" searched="false" default="false" conf="compile, master(*), runtime, compile(*), runtime(*), master" position="131">
				<metadata-artifact status="no" details="" size="5880" time="0" location="D:\play-2.1.1\framework\.\..\repository\cache\org.seleniumhq.selenium\selenium-android-driver\ivy-2.25.0.xml" searched="false" origin-is-local="true" origin-location="D:\play-2.1.1\repository\local\org.seleniumhq.selenium\selenium-android-driver\2.25.0\ivys\ivy.xml"/>
				<caller organisation="org.seleniumhq.selenium" name="selenium-java" conf="compile, runtime" rev="2.25.0" rev-constraint-default="2.25.0" rev-constraint-dynamic="2.25.0" callerrev="2.25.0"/>
				<artifacts>
					<artifact name="selenium-android-driver" type="jar" ext="jar" status="no" details="" size="300963" time="0" location="D:\play-2.1.1\repository\local\org.seleniumhq.selenium\selenium-android-driver\2.25.0\jars\selenium-android-driver.jar">
						<origin-location is-local="true" location="D:\play-2.1.1\repository\local\org.seleniumhq.selenium\selenium-android-driver\2.25.0\jars\selenium-android-driver.jar"/>
					</artifact>
				</artifacts>
			</revision>
		</module>
		<module organisation="org.seleniumhq.selenium" name="selenium-remote-driver">
			<revision name="2.25.0" status="release" pubdate="20120719071852" resolver="local" artresolver="local" homepage="" downloaded="false" searched="false" default="false" conf="compile, master(*), runtime, compile(*), runtime(*), master" position="132">
				<metadata-artifact status="no" details="" size="6672" time="0" location="D:\play-2.1.1\framework\.\..\repository\cache\org.seleniumhq.selenium\selenium-remote-driver\ivy-2.25.0.xml" searched="false" origin-is-local="true" origin-location="D:\play-2.1.1\repository\local\org.seleniumhq.selenium\selenium-remote-driver\2.25.0\ivys\ivy.xml"/>
				<caller organisation="org.seleniumhq.selenium" name="selenium-firefox-driver" conf="compile, runtime" rev="2.25.0" rev-constraint-default="2.25.0" rev-constraint-dynamic="2.25.0" callerrev="2.25.0"/>
				<caller organisation="org.seleniumhq.selenium" name="selenium-safari-driver" conf="compile, runtime" rev="2.25.0" rev-constraint-default="2.25.0" rev-constraint-dynamic="2.25.0" callerrev="2.25.0"/>
				<caller organisation="org.seleniumhq.selenium" name="selenium-ie-driver" conf="compile, runtime" rev="2.25.0" rev-constraint-default="2.25.0" rev-constraint-dynamic="2.25.0" callerrev="2.25.0"/>
				<caller organisation="org.seleniumhq.selenium" name="selenium-chrome-driver" conf="compile, runtime" rev="2.25.0" rev-constraint-default="2.25.0" rev-constraint-dynamic="2.25.0" callerrev="2.25.0"/>
				<caller organisation="org.seleniumhq.selenium" name="selenium-iphone-driver" conf="compile, runtime" rev="2.25.0" rev-constraint-default="2.25.0" rev-constraint-dynamic="2.25.0" callerrev="2.25.0"/>
				<caller organisation="org.seleniumhq.selenium" name="selenium-android-driver" conf="compile, runtime" rev="2.25.0" rev-constraint-default="2.25.0" rev-constraint-dynamic="2.25.0" callerrev="2.25.0"/>
				<artifacts>
					<artifact name="selenium-remote-driver" type="jar" ext="jar" status="no" details="" size="235410" time="0" location="D:\play-2.1.1\repository\local\org.seleniumhq.selenium\selenium-remote-driver\2.25.0\jars\selenium-remote-driver.jar">
						<origin-location is-local="true" location="D:\play-2.1.1\repository\local\org.seleniumhq.selenium\selenium-remote-driver\2.25.0\jars\selenium-remote-driver.jar"/>
					</artifact>
				</artifacts>
			</revision>
		</module>
		<module organisation="net.java.dev.jna" name="platform">
			<revision name="3.4.0" status="release" pubdate="20111222092302" resolver="local" artresolver="local" homepage="https://github.com/twall/jna" downloaded="false" searched="false" default="false" conf="compile, master(*), runtime, compile(*), runtime(*), master" position="137">
				<license name="LGPL, version 2.1" url="http://creativecommons.org/licenses/LGPL/2.1/"/>
				<metadata-artifact status="no" details="" size="2460" time="0" location="D:\play-2.1.1\framework\.\..\repository\cache\net.java.dev.jna\platform\ivy-3.4.0.xml" searched="false" origin-is-local="true" origin-location="D:\play-2.1.1\repository\local\net.java.dev.jna\platform\3.4.0\ivys\ivy.xml"/>
				<caller organisation="org.seleniumhq.selenium" name="selenium-remote-driver" conf="compile, runtime" rev="3.4.0" rev-constraint-default="3.4.0" rev-constraint-dynamic="3.4.0" callerrev="2.25.0"/>
				<caller organisation="org.seleniumhq.selenium" name="selenium-ie-driver" conf="compile, runtime" rev="3.4.0" rev-constraint-default="3.4.0" rev-constraint-dynamic="3.4.0" callerrev="2.25.0"/>
				<artifacts>
					<artifact name="platform" type="jar" ext="jar" status="no" details="" size="913436" time="0" location="D:\play-2.1.1\repository\local\net.java.dev.jna\platform\3.4.0\jars\platform.jar">
						<origin-location is-local="true" location="D:\play-2.1.1\repository\local\net.java.dev.jna\platform\3.4.0\jars\platform.jar"/>
					</artifact>
				</artifacts>
			</revision>
		</module>
		<module organisation="net.java.dev.jna" name="jna">
			<revision name="3.4.0" status="release" pubdate="20111222092220" resolver="local" artresolver="local" homepage="https://github.com/twall/jna" downloaded="false" searched="false" default="false" conf="compile, master(*), runtime, compile(*), runtime(*), master" position="136">
				<license name="LGPL, version 2.1" url="http://creativecommons.org/licenses/LGPL/2.1/"/>
				<metadata-artifact status="no" details="" size="2441" time="0" location="D:\play-2.1.1\framework\.\..\repository\cache\net.java.dev.jna\jna\ivy-3.4.0.xml" searched="false" origin-is-local="true" origin-location="D:\play-2.1.1\repository\local\net.java.dev.jna\jna\3.4.0\ivys\ivy.xml"/>
				<caller organisation="org.seleniumhq.selenium" name="selenium-remote-driver" conf="compile, runtime" rev="3.4.0" rev-constraint-default="3.4.0" rev-constraint-dynamic="3.4.0" callerrev="2.25.0"/>
				<caller organisation="org.seleniumhq.selenium" name="selenium-ie-driver" conf="compile, runtime" rev="3.4.0" rev-constraint-default="3.4.0" rev-constraint-dynamic="3.4.0" callerrev="2.25.0"/>
				<artifacts>
					<artifact name="jna" type="jar" ext="jar" status="no" details="" size="1008730" time="0" location="D:\play-2.1.1\repository\local\net.java.dev.jna\jna\3.4.0\jars\jna.jar">
						<origin-location is-local="true" location="D:\play-2.1.1\repository\local\net.java.dev.jna\jna\3.4.0\jars\jna.jar"/>
					</artifact>
				</artifacts>
			</revision>
		</module>
		<module organisation="org.apache.commons" name="commons-exec">
			<revision name="1.1" status="release" pubdate="20101020081142" resolver="local" artresolver="local" homepage="http://commons.apache.org/exec/" downloaded="false" searched="false" default="false" conf="compile, master(*), runtime, compile(*), runtime(*), master" position="135">
				<metadata-artifact status="no" details="" size="6040" time="0" location="D:\play-2.1.1\framework\.\..\repository\cache\org.apache.commons\commons-exec\ivy-1.1.xml" searched="false" origin-is-local="true" origin-location="D:\play-2.1.1\repository\local\org.apache.commons\commons-exec\1.1\ivys\ivy.xml"/>
				<caller organisation="org.seleniumhq.selenium" name="selenium-firefox-driver" conf="compile, runtime" rev="1.1" rev-constraint-default="1.1" rev-constraint-dynamic="1.1" callerrev="2.25.0"/>
				<caller organisation="org.seleniumhq.selenium" name="selenium-remote-driver" conf="compile, runtime" rev="1.1" rev-constraint-default="1.1" rev-constraint-dynamic="1.1" callerrev="2.25.0"/>
				<artifacts>
					<artifact name="commons-exec" type="jar" ext="jar" status="no" details="" size="52543" time="0" location="D:\play-2.1.1\repository\local\org.apache.commons\commons-exec\1.1\jars\commons-exec.jar">
						<origin-location is-local="true" location="D:\play-2.1.1\repository\local\org.apache.commons\commons-exec\1.1\jars\commons-exec.jar"/>
					</artifact>
				</artifacts>
			</revision>
		</module>
		<module organisation="org.seleniumhq.selenium" name="selenium-api">
			<revision name="2.25.0" status="release" pubdate="20120719071837" resolver="local" artresolver="local" homepage="" downloaded="false" searched="false" default="false" conf="compile, master(*), runtime, compile(*), runtime(*), master" position="134">
				<metadata-artifact status="no" details="" size="5845" time="0" location="D:\play-2.1.1\framework\.\..\repository\cache\org.seleniumhq.selenium\selenium-api\ivy-2.25.0.xml" searched="false" origin-is-local="true" origin-location="D:\play-2.1.1\repository\local\org.seleniumhq.selenium\selenium-api\2.25.0\ivys\ivy.xml"/>
				<caller organisation="org.seleniumhq.selenium" name="selenium-remote-driver" conf="compile, runtime" rev="2.25.0" rev-constraint-default="2.25.0" rev-constraint-dynamic="2.25.0" callerrev="2.25.0"/>
				<caller organisation="org.seleniumhq.selenium" name="selenium-support" conf="compile, runtime" rev="2.25.0" rev-constraint-default="2.25.0" rev-constraint-dynamic="2.25.0" callerrev="2.25.0"/>
				<caller organisation="org.seleniumhq.selenium" name="selenium-htmlunit-driver" conf="compile, runtime" rev="2.25.0" rev-constraint-default="2.25.0" rev-constraint-dynamic="2.25.0" callerrev="2.25.0"/>
				<artifacts>
					<artifact name="selenium-api" type="jar" ext="jar" status="no" details="" size="129123" time="0" location="D:\play-2.1.1\repository\local\org.seleniumhq.selenium\selenium-api\2.25.0\jars\selenium-api.jar">
						<origin-location is-local="true" location="D:\play-2.1.1\repository\local\org.seleniumhq.selenium\selenium-api\2.25.0\jars\selenium-api.jar"/>
					</artifact>
				</artifacts>
			</revision>
		</module>
		<module organisation="org.json" name="json">
			<revision name="20080701" status="release" pubdate="20080721044729" resolver="local" artresolver="local" homepage="http://www.json.org/java/index.html" downloaded="false" searched="false" default="false" conf="default(compile), default, compile, master(*), compile(*), runtime, runtime(*), master" position="110">
				<license name="provided without support or warranty" url="http://www.json.org/license.html"/>
				<metadata-artifact status="no" details="" size="2970" time="0" location="D:\play-2.1.1\framework\.\..\repository\cache\org.json\json\ivy-20080701.xml" searched="false" origin-is-local="true" origin-location="D:\play-2.1.1\repository\local\org.json\json\20080701\ivys\ivy.xml"/>
				<caller organisation="org.seleniumhq.selenium" name="selenium-api" conf="compile, runtime" rev="20080701" rev-constraint-default="20080701" rev-constraint-dynamic="20080701" callerrev="2.25.0"/>
				<caller organisation="org.seleniumhq.selenium" name="selenium-remote-driver" conf="compile, runtime" rev="20080701" rev-constraint-default="20080701" rev-constraint-dynamic="20080701" callerrev="2.25.0"/>
				<caller organisation="hssy" name="hssy_2.10" conf="test-internal, test, optional, compile, provided, runtime" rev="20080701" rev-constraint-default="20080701" rev-constraint-dynamic="20080701" callerrev="1.0"/>
				<artifacts>
					<artifact name="json" type="jar" ext="jar" status="no" details="" size="37875" time="0" location="D:\play-2.1.1\repository\local\org.json\json\20080701\jars\json.jar">
						<origin-location is-local="true" location="D:\play-2.1.1\repository\local\org.json\json\20080701\jars\json.jar"/>
					</artifact>
				</artifacts>
			</revision>
		</module>
		<module organisation="cglib" name="cglib-nodep">
			<revision name="2.1_3" status="release" pubdate="20051109091406" resolver="local" artresolver="local" homepage="http://cglib.sourceforge.net/" downloaded="false" searched="false" default="false" conf="compile, master(*), runtime, compile(*), runtime(*), master" position="133">
				<metadata-artifact status="no" details="" size="2208" time="0" location="D:\play-2.1.1\framework\.\..\repository\cache\cglib\cglib-nodep\ivy-2.1_3.xml" searched="false" origin-is-local="true" origin-location="D:\play-2.1.1\repository\local\cglib\cglib-nodep\2.1_3\ivys\ivy.xml"/>
				<caller organisation="org.seleniumhq.selenium" name="selenium-remote-driver" conf="compile, runtime" rev="2.1_3" rev-constraint-default="2.1_3" rev-constraint-dynamic="2.1_3" callerrev="2.25.0"/>
				<artifacts>
					<artifact name="cglib-nodep" type="jar" ext="jar" status="no" details="" size="324238" time="0" location="D:\play-2.1.1\repository\local\cglib\cglib-nodep\2.1_3\jars\cglib-nodep.jar">
						<origin-location is-local="true" location="D:\play-2.1.1\repository\local\cglib\cglib-nodep\2.1_3\jars\cglib-nodep.jar"/>
					</artifact>
				</artifacts>
			</revision>
		</module>
		<module organisation="com.novocode" name="junit-interface">
			<revision name="0.9" status="release" pubdate="20120911230750" resolver="local" artresolver="local" homepage="http://github.com/szeiger/junit-interface/" downloaded="false" searched="false" default="false" conf="default(compile), default, compile, runtime, master" position="126">
				<license name="Two-clause BSD-style license" url="http://github.com/szeiger/junit-interface/blob/master/LICENSE.txt"/>
				<metadata-artifact status="no" details="" size="2740" time="0" location="D:\play-2.1.1\framework\.\..\repository\cache\com.novocode\junit-interface\ivy-0.9.xml" searched="false" origin-is-local="true" origin-location="D:\play-2.1.1\repository\local\com.novocode\junit-interface\0.9\ivys\ivy.xml"/>
				<caller organisation="play" name="play-test_2.10" conf="compile" rev="0.9" rev-constraint-default="0.9" rev-constraint-dynamic="0.9" callerrev="2.1.1"/>
				<artifacts>
					<artifact name="junit-interface" type="jar" ext="jar" status="no" details="" size="19314" time="0" location="D:\play-2.1.1\repository\local\com.novocode\junit-interface\0.9\jars\junit-interface.jar">
						<origin-location is-local="true" location="D:\play-2.1.1\repository\local\com.novocode\junit-interface\0.9\jars\junit-interface.jar"/>
					</artifact>
				</artifacts>
			</revision>
		</module>
		<module organisation="net.sf.ehcache" name="ehcache-core">
			<revision name="2.6.0" status="release" pubdate="20120725005024" resolver="local" artresolver="local" homepage="http://ehcache.org" downloaded="false" searched="false" default="false" conf="default(compile), default, compile, runtime, master" position="30">
				<license name="The Apache Software License, Version 2.0" url="src/assemble/EHCACHE-CORE-LICENSE.txt"/>
				<metadata-artifact status="no" details="" size="14761" time="0" location="D:\play-2.1.1\framework\.\..\repository\cache\net.sf.ehcache\ehcache-core\ivy-2.6.0.xml" searched="false" origin-is-local="true" origin-location="D:\play-2.1.1\repository\local\net.sf.ehcache\ehcache-core\2.6.0\ivys\ivy.xml"/>
				<caller organisation="play" name="play_2.10" conf="compile" rev="2.6.0" rev-constraint-default="2.6.0" rev-constraint-dynamic="2.6.0" callerrev="2.1.1"/>
				<artifacts>
					<artifact name="ehcache-core" type="jar" ext="jar" status="no" details="" size="1332004" time="0" location="D:\play-2.1.1\repository\local\net.sf.ehcache\ehcache-core\2.6.0\jars\ehcache-core.jar">
						<origin-location is-local="true" location="D:\play-2.1.1\repository\local\net.sf.ehcache\ehcache-core\2.6.0\jars\ehcache-core.jar"/>
					</artifact>
				</artifacts>
			</revision>
		</module>
		<module organisation="org.codehaus.jackson" name="jackson-mapper-asl">
			<revision name="1.9.10" status="release" pubdate="20120924125612" resolver="local" artresolver="local" homepage="http://jackson.codehaus.org" downloaded="false" searched="false" default="false" conf="default(compile), default, compile, runtime, master" position="29">
				<license name="The Apache Software License, Version 2.0" url="http://www.apache.org/licenses/LICENSE-2.0.txt"/>
				<metadata-artifact status="no" details="" size="2646" time="0" location="D:\play-2.1.1\framework\.\..\repository\cache\org.codehaus.jackson\jackson-mapper-asl\ivy-1.9.10.xml" searched="false" origin-is-local="true" origin-location="D:\play-2.1.1\repository\local\org.codehaus.jackson\jackson-mapper-asl\1.9.10\ivys\ivy.xml"/>
				<caller organisation="play" name="play_2.10" conf="compile" rev="1.9.10" rev-constraint-default="1.9.10" rev-constraint-dynamic="1.9.10" callerrev="2.1.1"/>
				<artifacts>
					<artifact name="jackson-mapper-asl" type="jar" ext="jar" status="no" details="" size="780421" time="0" location="D:\play-2.1.1\repository\local\org.codehaus.jackson\jackson-mapper-asl\1.9.10\jars\jackson-mapper-asl.jar">
						<origin-location is-local="true" location="D:\play-2.1.1\repository\local\org.codehaus.jackson\jackson-mapper-asl\1.9.10\jars\jackson-mapper-asl.jar"/>
					</artifact>
				</artifacts>
			</revision>
		</module>
		<module organisation="org.codehaus.jackson" name="jackson-core-asl">
			<revision name="1.9.10" status="release" pubdate="20120924125540" resolver="local" artresolver="local" homepage="http://jackson.codehaus.org" downloaded="false" searched="false" default="false" conf="default(compile), default, compile, master(*), compile(*), runtime, runtime(*), master" position="28">
				<license name="The Apache Software License, Version 2.0" url="http://www.apache.org/licenses/LICENSE-2.0.txt"/>
				<metadata-artifact status="no" details="" size="2429" time="0" location="D:\play-2.1.1\framework\.\..\repository\cache\org.codehaus.jackson\jackson-core-asl\ivy-1.9.10.xml" searched="false" origin-is-local="true" origin-location="D:\play-2.1.1\repository\local\org.codehaus.jackson\jackson-core-asl\1.9.10\ivys\ivy.xml"/>
				<caller organisation="org.codehaus.jackson" name="jackson-mapper-asl" conf="default, compile, runtime, master" rev="1.9.10" rev-constraint-default="1.9.10" rev-constraint-dynamic="1.9.10" callerrev="1.9.10"/>
				<caller organisation="play" name="play_2.10" conf="compile" rev="1.9.10" rev-constraint-default="1.9.10" rev-constraint-dynamic="1.9.10" callerrev="2.1.1"/>
				<artifacts>
					<artifact name="jackson-core-asl" type="jar" ext="jar" status="no" details="" size="232119" time="0" location="D:\play-2.1.1\repository\local\org.codehaus.jackson\jackson-core-asl\1.9.10\jars\jackson-core-asl.jar">
						<origin-location is-local="true" location="D:\play-2.1.1\repository\local\org.codehaus.jackson\jackson-core-asl\1.9.10\jars\jackson-core-asl.jar"/>
					</artifact>
				</artifacts>
			</revision>
		</module>
		<module organisation="oauth.signpost" name="signpost-commonshttp4">
			<revision name="1.2.1.2" status="release" pubdate="20120226191621" resolver="local" artresolver="local" homepage="" downloaded="false" searched="false" default="false" conf="default(compile), default, compile, runtime, master" position="23">
				<metadata-artifact status="no" details="" size="3705" time="0" location="D:\play-2.1.1\framework\.\..\repository\cache\oauth.signpost\signpost-commonshttp4\ivy-1.2.1.2.xml" searched="false" origin-is-local="true" origin-location="D:\play-2.1.1\repository\local\oauth.signpost\signpost-commonshttp4\1.2.1.2\ivys\ivy.xml"/>
				<caller organisation="play" name="play_2.10" conf="compile" rev="1.2.1.2" rev-constraint-default="1.2.1.2" rev-constraint-dynamic="1.2.1.2" callerrev="2.1.1"/>
				<artifacts>
					<artifact name="signpost-commonshttp4" type="jar" ext="jar" status="no" details="" size="6512" time="0" location="D:\play-2.1.1\repository\local\oauth.signpost\signpost-commonshttp4\1.2.1.2\jars\signpost-commonshttp4.jar">
						<origin-location is-local="true" location="D:\play-2.1.1\repository\local\oauth.signpost\signpost-commonshttp4\1.2.1.2\jars\signpost-commonshttp4.jar"/>
					</artifact>
				</artifacts>
			</revision>
		</module>
		<module organisation="oauth.signpost" name="signpost-core">
			<revision name="1.2.1.2" status="release" pubdate="20120226191606" resolver="local" artresolver="local" homepage="" downloaded="false" searched="false" default="false" conf="default(compile), default, compile, master(*), compile(*), runtime, runtime(*), master" position="22">
				<metadata-artifact status="no" details="" size="3131" time="0" location="D:\play-2.1.1\framework\.\..\repository\cache\oauth.signpost\signpost-core\ivy-1.2.1.2.xml" searched="false" origin-is-local="true" origin-location="D:\play-2.1.1\repository\local\oauth.signpost\signpost-core\1.2.1.2\ivys\ivy.xml"/>
				<caller organisation="oauth.signpost" name="signpost-commonshttp4" conf="default, compile, runtime, master" rev="1.2.1.2" rev-constraint-default="1.2.1.2" rev-constraint-dynamic="1.2.1.2" callerrev="1.2.1.2"/>
				<caller organisation="play" name="play_2.10" conf="compile" rev="1.2.1.2" rev-constraint-default="1.2.1.2" rev-constraint-dynamic="1.2.1.2" callerrev="2.1.1"/>
				<artifacts>
					<artifact name="signpost-core" type="jar" ext="jar" status="no" details="" size="45277" time="0" location="D:\play-2.1.1\repository\local\oauth.signpost\signpost-core\1.2.1.2\jars\signpost-core.jar">
						<origin-location is-local="true" location="D:\play-2.1.1\repository\local\oauth.signpost\signpost-core\1.2.1.2\jars\signpost-core.jar"/>
					</artifact>
				</artifacts>
			</revision>
		</module>
		<module organisation="com.ning" name="async-http-client">
			<revision name="1.7.6" status="release" pubdate="20120828082241" resolver="local" artresolver="local" homepage="http://github.com/sonatype/async-http-client" downloaded="false" searched="false" default="false" conf="default(compile), default, compile, runtime, master" position="21">
				<license name="Apache License 2.0" url="http://www.apache.org/licenses/LICENSE-2.0.html"/>
				<metadata-artifact status="no" details="" size="7053" time="0" location="D:\play-2.1.1\framework\.\..\repository\cache\com.ning\async-http-client\ivy-1.7.6.xml" searched="false" origin-is-local="true" origin-location="D:\play-2.1.1\repository\local\com.ning\async-http-client\1.7.6\ivys\ivy.xml"/>
				<caller organisation="play" name="play_2.10" conf="compile" rev="1.7.6" rev-constraint-default="1.7.6" rev-constraint-dynamic="1.7.6" callerrev="2.1.1"/>
				<artifacts>
					<artifact name="async-http-client" type="jar" ext="jar" status="no" details="" size="477054" time="0" location="D:\play-2.1.1\repository\local\com.ning\async-http-client\1.7.6\jars\async-http-client.jar">
						<origin-location is-local="true" location="D:\play-2.1.1\repository\local\com.ning\async-http-client\1.7.6\jars\async-http-client.jar"/>
					</artifact>
				</artifacts>
			</revision>
		</module>
		<module organisation="commons-httpclient" name="commons-httpclient">
			<revision name="3.1" status="release" pubdate="20120824181527" resolver="local" artresolver="local" homepage="http://jakarta.apache.org/httpcomponents/httpclient-3.x/" downloaded="false" searched="false" default="false" conf="compile, master(*), runtime, compile(*), runtime(*), master" position="97">
				<license name="Apache License" url="http://www.apache.org/licenses/LICENSE-2.0"/>
				<metadata-artifact status="no" details="" size="3144" time="0" location="D:\play-2.1.1\framework\.\..\repository\cache\commons-httpclient\commons-httpclient\ivy-3.1.xml" searched="false" origin-is-local="true" origin-location="D:\play-2.1.1\repository\local\commons-httpclient\commons-httpclient\3.1\ivys\ivy.xml"/>
				<caller organisation="org.apache.axis2" name="axis2-kernel" conf="compile, runtime" rev="3.1" rev-constraint-default="3.1" rev-constraint-dynamic="3.1" callerrev="1.6.2"/>
				<artifacts>
					<artifact name="commons-httpclient" type="jar" ext="jar" status="no" details="" size="305001" time="0" location="D:\play-2.1.1\repository\local\commons-httpclient\commons-httpclient\3.1\jars\commons-httpclient.jar">
						<origin-location is-local="true" location="D:\play-2.1.1\repository\local\commons-httpclient\commons-httpclient\3.1\jars\commons-httpclient.jar"/>
					</artifact>
				</artifacts>
			</revision>
		</module>
		<module organisation="org.apache.commons" name="commons-lang3">
			<revision name="3.1" status="release" pubdate="20111115182705" resolver="local" artresolver="local" homepage="http://commons.apache.org/lang/" downloaded="false" searched="false" default="false" conf="default(compile), default, compile, runtime, master" position="20">
				<metadata-artifact status="no" details="" size="7766" time="0" location="D:\play-2.1.1\framework\.\..\repository\cache\org.apache.commons\commons-lang3\ivy-3.1.xml" searched="false" origin-is-local="true" origin-location="D:\play-2.1.1\repository\local\org.apache.commons\commons-lang3\3.1\ivys\ivy.xml"/>
				<caller organisation="play" name="play_2.10" conf="compile" rev="3.1" rev-constraint-default="3.1" rev-constraint-dynamic="3.1" callerrev="2.1.1"/>
				<artifacts>
					<artifact name="commons-lang3" type="jar" ext="jar" status="no" details="" size="315805" time="0" location="D:\play-2.1.1\repository\local\org.apache.commons\commons-lang3\3.1\jars\commons-lang3.jar">
						<origin-location is-local="true" location="D:\play-2.1.1\repository\local\org.apache.commons\commons-lang3\3.1\jars\commons-lang3.jar"/>
					</artifact>
				</artifacts>
			</revision>
		</module>
		<module organisation="org.joda" name="joda-convert">
			<revision name="1.2" status="release" pubdate="20111028065117" resolver="local" artresolver="local" homepage="http://joda-convert.sourceforge.net" downloaded="false" searched="false" default="false" conf="default(compile), default, compile, runtime, master" position="19">
				<license name="Apache 2" url="http://www.apache.org/licenses/LICENSE-2.0.txt"/>
				<metadata-artifact status="no" details="" size="3105" time="0" location="D:\play-2.1.1\framework\.\..\repository\cache\org.joda\joda-convert\ivy-1.2.xml" searched="false" origin-is-local="true" origin-location="D:\play-2.1.1\repository\local\org.joda\joda-convert\1.2\ivys\ivy.xml"/>
				<caller organisation="play" name="play_2.10" conf="compile" rev="1.2" rev-constraint-default="1.2" rev-constraint-dynamic="1.2" callerrev="2.1.1"/>
				<artifacts>
					<artifact name="joda-convert" type="jar" ext="jar" status="no" details="" size="38460" time="0" location="D:\play-2.1.1\repository\local\org.joda\joda-convert\1.2\jars\joda-convert.jar">
						<origin-location is-local="true" location="D:\play-2.1.1\repository\local\org.joda\joda-convert\1.2\jars\joda-convert.jar"/>
					</artifact>
				</artifacts>
			</revision>
		</module>
		<module organisation="com.typesafe.akka" name="akka-slf4j_2.10">
			<revision name="2.1.0" status="release" pubdate="20121222232327" resolver="local" artresolver="local" homepage="http://akka.io" downloaded="false" searched="false" default="false" conf="default(compile), default, compile, runtime, master" position="17">
				<license name="Apache 2" url="http://www.apache.org/licenses/LICENSE-2.0.txt"/>
				<metadata-artifact status="no" details="" size="3020" time="0" location="D:\play-2.1.1\framework\.\..\repository\cache\com.typesafe.akka\akka-slf4j_2.10\ivy-2.1.0.xml" searched="false" origin-is-local="true" origin-location="D:\play-2.1.1\repository\local\com.typesafe.akka\akka-slf4j_2.10\2.1.0\ivys\ivy.xml"/>
				<caller organisation="play" name="play_2.10" conf="compile" rev="2.1.0" rev-constraint-default="2.1.0" rev-constraint-dynamic="2.1.0" callerrev="2.1.1"/>
				<artifacts>
					<artifact name="akka-slf4j_2.10" type="bundle" ext="jar" status="no" details="" size="13426" time="0" location="D:\play-2.1.1\repository\local\com.typesafe.akka\akka-slf4j_2.10\2.1.0\bundles\akka-slf4j_2.10.jar">
						<origin-location is-local="true" location="D:\play-2.1.1\repository\local\com.typesafe.akka\akka-slf4j_2.10\2.1.0\bundles\akka-slf4j_2.10.jar"/>
					</artifact>
				</artifacts>
			</revision>
		</module>
		<module organisation="com.typesafe.akka" name="akka-actor_2.10">
			<revision name="2.1.0" status="release" pubdate="20121222232239" resolver="local" artresolver="local" homepage="http://akka.io" downloaded="false" searched="false" default="false" conf="default(compile), default, compile, master(*), compile(*), runtime, runtime(*), master" position="16">
				<license name="Apache 2" url="http://www.apache.org/licenses/LICENSE-2.0.txt"/>
				<metadata-artifact status="no" details="" size="2632" time="0" location="D:\play-2.1.1\framework\.\..\repository\cache\com.typesafe.akka\akka-actor_2.10\ivy-2.1.0.xml" searched="false" origin-is-local="true" origin-location="D:\play-2.1.1\repository\local\com.typesafe.akka\akka-actor_2.10\2.1.0\ivys\ivy.xml"/>
				<caller organisation="com.typesafe.akka" name="akka-slf4j_2.10" conf="default, compile, runtime, master" rev="2.1.0" rev-constraint-default="2.1.0" rev-constraint-dynamic="2.1.0" callerrev="2.1.0"/>
				<caller organisation="play" name="play_2.10" conf="compile" rev="2.1.0" rev-constraint-default="2.1.0" rev-constraint-dynamic="2.1.0" callerrev="2.1.1"/>
				<artifacts>
					<artifact name="akka-actor_2.10" type="bundle" ext="jar" status="no" details="" size="1892369" time="0" location="D:\play-2.1.1\repository\local\com.typesafe.akka\akka-actor_2.10\2.1.0\bundles\akka-actor_2.10.jar">
						<origin-location is-local="true" location="D:\play-2.1.1\repository\local\com.typesafe.akka\akka-actor_2.10\2.1.0\bundles\akka-actor_2.10.jar"/>
					</artifact>
				</artifacts>
			</revision>
		</module>
		<module organisation="ch.qos.logback" name="logback-classic">
			<revision name="1.0.7" status="release" pubdate="20120824081347" resolver="local" artresolver="local" homepage="http://logback.qos.ch" downloaded="false" searched="false" default="false" conf="default(compile), default, compile, runtime, master" position="15">
				<license name="Eclipse Public License - v 1.0" url="http://www.eclipse.org/legal/epl-v10.html"/>
				<license name="GNU Lesser General Public License" url="http://www.gnu.org/licenses/old-licenses/lgpl-2.1.html"/>
				<metadata-artifact status="no" details="" size="10056" time="0" location="D:\play-2.1.1\framework\.\..\repository\cache\ch.qos.logback\logback-classic\ivy-1.0.7.xml" searched="false" origin-is-local="true" origin-location="D:\play-2.1.1\repository\local\ch.qos.logback\logback-classic\1.0.7\ivys\ivy.xml"/>
				<caller organisation="play" name="play_2.10" conf="compile" rev="1.0.7" rev-constraint-default="1.0.7" rev-constraint-dynamic="1.0.7" callerrev="2.1.1"/>
				<artifacts>
					<artifact name="logback-classic" type="jar" ext="jar" status="no" details="" size="251679" time="0" location="D:\play-2.1.1\repository\local\ch.qos.logback\logback-classic\1.0.7\jars\logback-classic.jar">
						<origin-location is-local="true" location="D:\play-2.1.1\repository\local\ch.qos.logback\logback-classic\1.0.7\jars\logback-classic.jar"/>
					</artifact>
				</artifacts>
			</revision>
		</module>
		<module organisation="dom4j" name="dom4j">
			<revision name="1.6.1" status="release" pubdate="20060210203318" resolver="public" artresolver="public" homepage="http://dom4j.org" downloaded="false" searched="false" default="false" conf="compile, master(*), runtime, compile(*), runtime(*), master" position="61">
				<metadata-artifact status="no" details="" size="3696" time="0" location="D:\play-2.1.1\framework\.\..\repository\cache\dom4j\dom4j\ivy-1.6.1.xml" searched="false" origin-is-local="false" origin-location="http://repo1.maven.org/maven2/dom4j/dom4j/1.6.1/dom4j-1.6.1.pom"/>
				<caller organisation="org.hibernate" name="hibernate-entitymanager" conf="default, compile, runtime, master" rev="1.6.1" rev-constraint-default="1.6.1" rev-constraint-dynamic="1.6.1" callerrev="4.2.2.Final"/>
				<caller organisation="org.hibernate" name="hibernate-core" conf="compile, runtime" rev="1.6.1" rev-constraint-default="1.6.1" rev-constraint-dynamic="1.6.1" callerrev="4.2.2.Final"/>
				<artifacts>
					<artifact name="dom4j" type="jar" ext="jar" status="no" details="" size="313898" time="0" location="D:\play-2.1.1\framework\.\..\repository\cache\dom4j\dom4j\jars\dom4j-1.6.1.jar">
						<origin-location is-local="false" location="http://repo1.maven.org/maven2/dom4j/dom4j/1.6.1/dom4j-1.6.1.jar"/>
					</artifact>
				</artifacts>
			</revision>
		</module>
		<module organisation="ch.qos.logback" name="logback-core">
			<revision name="1.0.7" status="release" pubdate="20120824081302" resolver="local" artresolver="local" homepage="http://logback.qos.ch" downloaded="false" searched="false" default="false" conf="default(compile), default, compile, master(*), compile(*), runtime, runtime(*), master" position="14">
				<license name="Eclipse Public License - v 1.0" url="http://www.eclipse.org/legal/epl-v10.html"/>
				<license name="GNU Lesser General Public License" url="http://www.gnu.org/licenses/old-licenses/lgpl-2.1.html"/>
				<metadata-artifact status="no" details="" size="9594" time="0" location="D:\play-2.1.1\framework\.\..\repository\cache\ch.qos.logback\logback-core\ivy-1.0.7.xml" searched="false" origin-is-local="true" origin-location="D:\play-2.1.1\repository\local\ch.qos.logback\logback-core\1.0.7\ivys\ivy.xml"/>
				<caller organisation="ch.qos.logback" name="logback-classic" conf="default, compile, runtime, master" rev="1.0.7" rev-constraint-default="1.0.7" rev-constraint-dynamic="1.0.7" callerrev="1.0.7"/>
				<caller organisation="play" name="play_2.10" conf="compile" rev="1.0.7" rev-constraint-default="1.0.7" rev-constraint-dynamic="1.0.7" callerrev="2.1.1"/>
				<artifacts>
					<artifact name="logback-core" type="jar" ext="jar" status="no" details="" size="364399" time="0" location="D:\play-2.1.1\repository\local\ch.qos.logback\logback-core\1.0.7\jars\logback-core.jar">
						<origin-location is-local="true" location="D:\play-2.1.1\repository\local\ch.qos.logback\logback-core\1.0.7\jars\logback-core.jar"/>
					</artifact>
				</artifacts>
			</revision>
		</module>
		<module organisation="org.slf4j" name="jul-to-slf4j">
			<revision name="1.6.6" status="release" pubdate="20120612004322" resolver="local" artresolver="local" homepage="http://www.slf4j.org" downloaded="false" searched="false" default="false" conf="default(compile), default, compile, runtime, master" position="13">
				<metadata-artifact status="no" details="" size="4604" time="0" location="D:\play-2.1.1\framework\.\..\repository\cache\org.slf4j\jul-to-slf4j\ivy-1.6.6.xml" searched="false" origin-is-local="true" origin-location="D:\play-2.1.1\repository\local\org.slf4j\jul-to-slf4j\1.6.6\ivys\ivy.xml"/>
				<caller organisation="play" name="play_2.10" conf="compile" rev="1.6.6" rev-constraint-default="1.6.6" rev-constraint-dynamic="1.6.6" callerrev="2.1.1"/>
				<artifacts>
					<artifact name="jul-to-slf4j" type="jar" ext="jar" status="no" details="" size="4955" time="0" location="D:\play-2.1.1\repository\local\org.slf4j\jul-to-slf4j\1.6.6\jars\jul-to-slf4j.jar">
						<origin-location is-local="true" location="D:\play-2.1.1\repository\local\org.slf4j\jul-to-slf4j\1.6.6\jars\jul-to-slf4j.jar"/>
					</artifact>
				</artifacts>
			</revision>
		</module>
		<module organisation="io.netty" name="netty">
			<revision name="3.6.3.Final" status="release" pubdate="20130222005442" resolver="local" artresolver="local" homepage="http://netty.io/" downloaded="false" searched="false" default="false" conf="default(compile), default, compile, runtime, master" position="12">
				<license name="Apache License, Version 2.0" url="http://www.apache.org/licenses/LICENSE-2.0"/>
				<metadata-artifact status="no" details="" size="6416" time="0" location="D:\play-2.1.1\framework\.\..\repository\cache\io.netty\netty\ivy-3.6.3.Final.xml" searched="false" origin-is-local="true" origin-location="D:\play-2.1.1\repository\local\io.netty\netty\3.6.3.Final\ivys\ivy.xml"/>
				<caller organisation="play" name="play_2.10" conf="compile" rev="3.6.3.Final" rev-constraint-default="3.6.3.Final" rev-constraint-dynamic="3.6.3.Final" callerrev="2.1.1"/>
				<artifacts>
					<artifact name="netty" type="bundle" ext="jar" status="no" details="" size="1202373" time="0" location="D:\play-2.1.1\repository\local\io.netty\netty\3.6.3.Final\bundles\netty.jar">
						<origin-location is-local="true" location="D:\play-2.1.1\repository\local\io.netty\netty\3.6.3.Final\bundles\netty.jar"/>
					</artifact>
				</artifacts>
			</revision>
		</module>
		<module organisation="javax.servlet" name="servlet-api">
			<revision name="2.3" status="release" pubdate="20140604133608" resolver="Typesafe Releases Repository" artresolver="Typesafe Releases Repository" homepage="" downloaded="false" searched="false" default="false" conf="compile, master(*), runtime, compile(*), runtime(*), master" position="96">
				<metadata-artifact status="no" details="" size="2220" time="0" location="D:\play-2.1.1\framework\.\..\repository\cache\javax.servlet\servlet-api\ivy-2.3.xml" searched="false" origin-is-local="false" origin-location="http://repo.typesafe.com/typesafe/releases/javax/servlet/servlet-api/2.3/servlet-api-2.3.pom"/>
				<caller organisation="org.apache.axis2" name="axis2-kernel" conf="compile, runtime" rev="2.3" rev-constraint-default="2.3" rev-constraint-dynamic="2.3" callerrev="1.6.2"/>
				<artifacts>
					<artifact name="servlet-api" type="jar" ext="jar" status="no" details="" size="77977" time="0" location="D:\play-2.1.1\framework\.\..\repository\cache\javax.servlet\servlet-api\jars\servlet-api-2.3.jar">
						<origin-location is-local="false" location="http://repo.typesafe.com/typesafe/releases/javax/servlet/servlet-api/2.3/servlet-api-2.3.jar"/>
					</artifact>
				</artifacts>
			</revision>
		</module>
		<module organisation="play" name="play-iteratees_2.10">
			<revision name="2.1.1" status="release" pubdate="20130402200943" resolver="local" artresolver="local" downloaded="false" searched="false" default="false" conf="default(compile), compile" position="9">
				<metadata-artifact status="no" details="" size="2080" time="0" location="D:\play-2.1.1\framework\.\..\repository\cache\play\play-iteratees_2.10\ivy-2.1.1.xml" searched="false" origin-is-local="true" origin-location="D:\play-2.1.1\repository\local\play\play-iteratees_2.10\2.1.1\ivys\ivy.xml"/>
				<caller organisation="play" name="play_2.10" conf="compile" rev="2.1.1" rev-constraint-default="2.1.1" rev-constraint-dynamic="2.1.1" callerrev="2.1.1"/>
				<artifacts>
					<artifact name="play-iteratees_2.10" type="jar" ext="jar" status="no" details="" size="642753" time="0" location="D:\play-2.1.1\repository\local\play\play-iteratees_2.10\2.1.1\jars\play-iteratees_2.10.jar">
						<origin-location is-local="true" location="D:\play-2.1.1\repository\local\play\play-iteratees_2.10\2.1.1\jars\play-iteratees_2.10.jar"/>
					</artifact>
				</artifacts>
			</revision>
		</module>
		<module organisation="com.typesafe" name="config">
			<revision name="1.0.0" status="release" pubdate="20130226034824" resolver="local" artresolver="local" homepage="https://github.com/typesafehub/config" downloaded="false" searched="false" default="false" conf="default(compile), default, compile, master(*), compile(*), runtime, runtime(*), master" position="11">
				<license name="Apache License, Version 2.0" url="http://www.apache.org/licenses/LICENSE-2.0"/>
				<metadata-artifact status="no" details="" size="2716" time="0" location="D:\play-2.1.1\framework\.\..\repository\cache\com.typesafe\config\ivy-1.0.0.xml" searched="false" origin-is-local="true" origin-location="D:\play-2.1.1\repository\local\com.typesafe\config\1.0.0\ivys\ivy.xml"/>
				<caller organisation="play" name="play-iteratees_2.10" conf="compile" rev="1.0.0" rev-constraint-default="1.0.0" rev-constraint-dynamic="1.0.0" callerrev="2.1.1"/>
				<caller organisation="com.typesafe.akka" name="akka-actor_2.10" conf="default, compile, runtime, master" rev="1.0.0" rev-constraint-default="1.0.0" rev-constraint-dynamic="1.0.0" callerrev="2.1.0"/>
				<artifacts>
					<artifact name="config" type="bundle" ext="jar" status="no" details="" size="185676" time="0" location="D:\play-2.1.1\repository\local\com.typesafe\config\1.0.0\bundles\config.jar">
						<origin-location is-local="true" location="D:\play-2.1.1\repository\local\com.typesafe\config\1.0.0\bundles\config.jar"/>
					</artifact>
				</artifacts>
			</revision>
		</module>
		<module organisation="org.scala-stm" name="scala-stm_2.10.0">
			<revision name="0.6" status="release" pubdate="20121221035611" resolver="local" artresolver="local" homepage="http://nbronson.github.com/scala-stm/" downloaded="false" searched="false" default="false" conf="default(compile), default, compile, runtime, master" position="10">
				<license name="BSD" url="https://github.com/nbronson/scala-stm/blob/master/LICENSE.txt"/>
				<metadata-artifact status="no" details="" size="2526" time="0" location="D:\play-2.1.1\framework\.\..\repository\cache\org.scala-stm\scala-stm_2.10.0\ivy-0.6.xml" searched="false" origin-is-local="true" origin-location="D:\play-2.1.1\repository\local\org.scala-stm\scala-stm_2.10.0\0.6\ivys\ivy.xml"/>
				<caller organisation="play" name="play-iteratees_2.10" conf="compile" rev="0.6" rev-constraint-default="0.6" rev-constraint-dynamic="0.6" callerrev="2.1.1"/>
				<caller organisation="play" name="play_2.10" conf="compile" rev="0.6" rev-constraint-default="0.6" rev-constraint-dynamic="0.6" callerrev="2.1.1"/>
				<artifacts>
					<artifact name="scala-stm_2.10.0" type="jar" ext="jar" status="no" details="" size="609513" time="0" location="D:\play-2.1.1\repository\local\org.scala-stm\scala-stm_2.10.0\0.6\jars\scala-stm_2.10.0.jar">
						<origin-location is-local="true" location="D:\play-2.1.1\repository\local\org.scala-stm\scala-stm_2.10.0\0.6\jars\scala-stm_2.10.0.jar"/>
					</artifact>
				</artifacts>
			</revision>
		</module>
		<module organisation="play" name="templates_2.10">
			<revision name="2.1.1" status="release" pubdate="20130402200943" resolver="local" artresolver="local" downloaded="false" searched="false" default="false" conf="default(compile), compile" position="5">
				<metadata-artifact status="no" details="" size="1853" time="0" location="D:\play-2.1.1\framework\.\..\repository\cache\play\templates_2.10\ivy-2.1.1.xml" searched="false" origin-is-local="true" origin-location="D:\play-2.1.1\repository\local\play\templates_2.10\2.1.1\ivys\ivy.xml"/>
				<caller organisation="play" name="play_2.10" conf="compile" rev="2.1.1" rev-constraint-default="2.1.1" rev-constraint-dynamic="2.1.1" callerrev="2.1.1"/>
				<artifacts>
					<artifact name="templates_2.10" type="jar" ext="jar" status="no" details="" size="38326" time="0" location="D:\play-2.1.1\repository\local\play\templates_2.10\2.1.1\jars\templates_2.10.jar">
						<origin-location is-local="true" location="D:\play-2.1.1\repository\local\play\templates_2.10\2.1.1\jars\templates_2.10.jar"/>
					</artifact>
				</artifacts>
			</revision>
		</module>
		<module organisation="org.specs2" name="specs2_2.10">
			<revision name="1.13" status="release" pubdate="20121220234856" resolver="local" artresolver="local" homepage="http://specs2.org/" downloaded="false" searched="false" default="false" conf="default(compile), default, compile, runtime, master" position="122">
				<license name="MIT-style" url="http://www.opensource.org/licenses/mit-license.php"/>
				<metadata-artifact status="no" details="" size="3567" time="0" location="D:\play-2.1.1\framework\.\..\repository\cache\org.specs2\specs2_2.10\ivy-1.13.xml" searched="false" origin-is-local="true" origin-location="D:\play-2.1.1\repository\local\org.specs2\specs2_2.10\1.13\ivys\ivy.xml"/>
				<caller organisation="play" name="play-test_2.10" conf="compile" rev="1.13" rev-constraint-default="1.13" rev-constraint-dynamic="1.13" callerrev="2.1.1"/>
				<artifacts>
					<artifact name="specs2_2.10" type="jar" ext="jar" status="no" details="" size="6656378" time="0" location="D:\play-2.1.1\repository\local\org.specs2\specs2_2.10\1.13\jars\specs2_2.10.jar">
						<origin-location is-local="true" location="D:\play-2.1.1\repository\local\org.specs2\specs2_2.10\1.13\jars\specs2_2.10.jar"/>
					</artifact>
				</artifacts>
			</revision>
		</module>
		<module organisation="org.scala-tools.testing" name="test-interface">
			<revision name="0.5" status="release" pubdate="20100328103658" resolver="local" artresolver="local" homepage="" downloaded="false" searched="false" default="false" conf="compile, master(*), runtime, compile(*), runtime(*), master" position="127">
				<metadata-artifact status="no" details="" size="2201" time="0" location="D:\play-2.1.1\framework\.\..\repository\cache\org.scala-tools.testing\test-interface\ivy-0.5.xml" searched="false" origin-is-local="true" origin-location="D:\play-2.1.1\repository\local\org.scala-tools.testing\test-interface\0.5\ivys\ivy.xml"/>
				<caller organisation="com.novocode" name="junit-interface" conf="default, compile, runtime, master" rev="0.5" rev-constraint-default="0.5" rev-constraint-dynamic="0.5" callerrev="0.9"/>
				<artifacts>
					<artifact name="test-interface" type="jar" ext="jar" status="no" details="" size="4407" time="0" location="D:\play-2.1.1\repository\local\org.scala-tools.testing\test-interface\0.5\jars\test-interface.jar">
						<origin-location is-local="true" location="D:\play-2.1.1\repository\local\org.scala-tools.testing\test-interface\0.5\jars\test-interface.jar"/>
					</artifact>
				</artifacts>
			</revision>
		</module>
		<module organisation="org.specs2" name="scalaz-concurrent_2.10">
			<revision name="7.0.0" status="release" pubdate="20121220220510" resolver="local" artresolver="local" homepage="http://specs2.org/" downloaded="false" searched="false" default="false" conf="compile, master(*), runtime, compile(*), runtime(*), master" position="124">
				<license name="MIT-style" url="http://www.opensource.org/licenses/mit-license.php"/>
				<metadata-artifact status="no" details="" size="2801" time="0" location="D:\play-2.1.1\framework\.\..\repository\cache\org.specs2\scalaz-concurrent_2.10\ivy-7.0.0.xml" searched="false" origin-is-local="true" origin-location="D:\play-2.1.1\repository\local\org.specs2\scalaz-concurrent_2.10\7.0.0\ivys\ivy.xml"/>
				<caller organisation="org.specs2" name="specs2_2.10" conf="default, compile, runtime, master" rev="7.0.0" rev-constraint-default="7.0.0" rev-constraint-dynamic="7.0.0" callerrev="1.13"/>
				<artifacts>
					<artifact name="scalaz-concurrent_2.10" type="jar" ext="jar" status="no" details="" size="189253" time="0" location="D:\play-2.1.1\repository\local\org.specs2\scalaz-concurrent_2.10\7.0.0\jars\scalaz-concurrent_2.10.jar">
						<origin-location is-local="true" location="D:\play-2.1.1\repository\local\org.specs2\scalaz-concurrent_2.10\7.0.0\jars\scalaz-concurrent_2.10.jar"/>
					</artifact>
				</artifacts>
			</revision>
		</module>
		<module organisation="org.specs2" name="scalaz-effect_2.10">
			<revision name="7.0.0" status="release" pubdate="20121220220525" resolver="local" artresolver="local" homepage="http://specs2.org/" downloaded="false" searched="false" default="false" conf="compile, master(*), runtime, compile(*), runtime(*), master" position="125">
				<license name="MIT-style" url="http://www.opensource.org/licenses/mit-license.php"/>
				<metadata-artifact status="no" details="" size="2648" time="0" location="D:\play-2.1.1\framework\.\..\repository\cache\org.specs2\scalaz-effect_2.10\ivy-7.0.0.xml" searched="false" origin-is-local="true" origin-location="D:\play-2.1.1\repository\local\org.specs2\scalaz-effect_2.10\7.0.0\ivys\ivy.xml"/>
				<caller organisation="org.specs2" name="scalaz-concurrent_2.10" conf="compile, runtime" rev="7.0.0" rev-constraint-default="7.0.0" rev-constraint-dynamic="7.0.0" callerrev="7.0.0"/>
				<artifacts>
					<artifact name="scalaz-effect_2.10" type="jar" ext="jar" status="no" details="" size="391773" time="0" location="D:\play-2.1.1\repository\local\org.specs2\scalaz-effect_2.10\7.0.0\jars\scalaz-effect_2.10.jar">
						<origin-location is-local="true" location="D:\play-2.1.1\repository\local\org.specs2\scalaz-effect_2.10\7.0.0\jars\scalaz-effect_2.10.jar"/>
					</artifact>
				</artifacts>
			</revision>
		</module>
		<module organisation="org.specs2" name="scalaz-core_2.10">
			<revision name="7.0.0" status="release" pubdate="20121220220704" resolver="local" artresolver="local" homepage="http://specs2.org/" downloaded="false" searched="false" default="false" conf="compile, master(*), runtime, compile(*), runtime(*), master" position="123">
				<license name="MIT-style" url="http://www.opensource.org/licenses/mit-license.php"/>
				<metadata-artifact status="no" details="" size="2503" time="0" location="D:\play-2.1.1\framework\.\..\repository\cache\org.specs2\scalaz-core_2.10\ivy-7.0.0.xml" searched="false" origin-is-local="true" origin-location="D:\play-2.1.1\repository\local\org.specs2\scalaz-core_2.10\7.0.0\ivys\ivy.xml"/>
				<caller organisation="org.specs2" name="scalaz-concurrent_2.10" conf="compile, runtime" rev="7.0.0" rev-constraint-default="7.0.0" rev-constraint-dynamic="7.0.0" callerrev="7.0.0"/>
				<caller organisation="org.specs2" name="specs2_2.10" conf="default, compile, runtime, master" rev="7.0.0" rev-constraint-default="7.0.0" rev-constraint-dynamic="7.0.0" callerrev="1.13"/>
				<caller organisation="org.specs2" name="scalaz-effect_2.10" conf="compile, runtime" rev="7.0.0" rev-constraint-default="7.0.0" rev-constraint-dynamic="7.0.0" callerrev="7.0.0"/>
				<artifacts>
					<artifact name="scalaz-core_2.10" type="jar" ext="jar" status="no" details="" size="8897195" time="0" location="D:\play-2.1.1\repository\local\org.specs2\scalaz-core_2.10\7.0.0\jars\scalaz-core_2.10.jar">
						<origin-location is-local="true" location="D:\play-2.1.1\repository\local\org.specs2\scalaz-core_2.10\7.0.0\jars\scalaz-core_2.10.jar"/>
					</artifact>
				</artifacts>
			</revision>
		</module>
		<module organisation="com.github.scala-incubator.io" name="scala-io-file_2.10">
			<revision name="0.4.2" status="release" pubdate="20130123182132" resolver="local" artresolver="local" homepage="http://jesseeichar.github.com/scala-io-doc/index.html" downloaded="false" searched="false" default="false" conf="default(compile), default, compile, runtime, master" position="6">
				<license name="Scala License" url="http://www.scala-lang.org/node/146"/>
				<metadata-artifact status="no" details="" size="2944" time="0" location="D:\play-2.1.1\framework\.\..\repository\cache\com.github.scala-incubator.io\scala-io-file_2.10\ivy-0.4.2.xml" searched="false" origin-is-local="true" origin-location="D:\play-2.1.1\repository\local\com.github.scala-incubator.io\scala-io-file_2.10\0.4.2\ivys\ivy.xml"/>
				<caller organisation="play" name="play-iteratees_2.10" conf="compile" rev="0.4.2" rev-constraint-default="0.4.2" rev-constraint-dynamic="0.4.2" callerrev="2.1.1"/>
				<caller organisation="play" name="templates_2.10" conf="compile" rev="0.4.2" rev-constraint-default="0.4.2" rev-constraint-dynamic="0.4.2" callerrev="2.1.1"/>
				<caller organisation="play" name="play_2.10" conf="compile" rev="0.4.2" rev-constraint-default="0.4.2" rev-constraint-dynamic="0.4.2" callerrev="2.1.1"/>
				<artifacts>
					<artifact name="scala-io-file_2.10" type="jar" ext="jar" status="no" details="" size="437576" time="0" location="D:\play-2.1.1\repository\local\com.github.scala-incubator.io\scala-io-file_2.10\0.4.2\jars\scala-io-file_2.10.jar">
						<origin-location is-local="true" location="D:\play-2.1.1\repository\local\com.github.scala-incubator.io\scala-io-file_2.10\0.4.2\jars\scala-io-file_2.10.jar"/>
					</artifact>
				</artifacts>
			</revision>
		</module>
		<module organisation="com.github.scala-incubator.io" name="scala-io-core_2.10">
			<revision name="0.4.2" status="release" pubdate="20130123182148" resolver="local" artresolver="local" homepage="http://jesseeichar.github.com/scala-io-doc/index.html" downloaded="false" searched="false" default="false" conf="compile, master(*), runtime, compile(*), runtime(*), master" position="7">
				<license name="Scala License" url="http://www.scala-lang.org/node/146"/>
				<metadata-artifact status="no" details="" size="2921" time="0" location="D:\play-2.1.1\framework\.\..\repository\cache\com.github.scala-incubator.io\scala-io-core_2.10\ivy-0.4.2.xml" searched="false" origin-is-local="true" origin-location="D:\play-2.1.1\repository\local\com.github.scala-incubator.io\scala-io-core_2.10\0.4.2\ivys\ivy.xml"/>
				<caller organisation="com.github.scala-incubator.io" name="scala-io-file_2.10" conf="default, compile, runtime, master" rev="0.4.2" rev-constraint-default="0.4.2" rev-constraint-dynamic="0.4.2" callerrev="0.4.2"/>
				<artifacts>
					<artifact name="scala-io-core_2.10" type="jar" ext="jar" status="no" details="" size="1295513" time="0" location="D:\play-2.1.1\repository\local\com.github.scala-incubator.io\scala-io-core_2.10\0.4.2\jars\scala-io-core_2.10.jar">
						<origin-location is-local="true" location="D:\play-2.1.1\repository\local\com.github.scala-incubator.io\scala-io-core_2.10\0.4.2\jars\scala-io-core_2.10.jar"/>
					</artifact>
				</artifacts>
			</revision>
		</module>
		<module organisation="com.jsuereth" name="scala-arm_2.10">
			<revision name="1.3" status="release" pubdate="20130122040254" resolver="local" artresolver="local" homepage="http://jsuereth.com/scala-arm" downloaded="false" searched="false" default="false" conf="compile, master(*), runtime, compile(*), runtime(*), master" position="8">
				<license name="BSD-style" url="http://www.opensource.org/licenses/bsd-license.php"/>
				<metadata-artifact status="no" details="" size="2972" time="0" location="D:\play-2.1.1\framework\.\..\repository\cache\com.jsuereth\scala-arm_2.10\ivy-1.3.xml" searched="false" origin-is-local="true" origin-location="D:\play-2.1.1\repository\local\com.jsuereth\scala-arm_2.10\1.3\ivys\ivy.xml"/>
				<caller organisation="com.github.scala-incubator.io" name="scala-io-core_2.10" conf="compile, runtime" rev="1.3" rev-constraint-default="1.3" rev-constraint-dynamic="1.3" callerrev="0.4.2"/>
				<artifacts>
					<artifact name="scala-arm_2.10" type="jar" ext="jar" status="no" details="" size="75459" time="0" location="D:\play-2.1.1\repository\local\com.jsuereth\scala-arm_2.10\1.3\jars\scala-arm_2.10.jar">
						<origin-location is-local="true" location="D:\play-2.1.1\repository\local\com.jsuereth\scala-arm_2.10\1.3\jars\scala-arm_2.10.jar"/>
					</artifact>
				</artifacts>
			</revision>
		</module>
		<module organisation="javax.transaction" name="jta">
			<revision name="1.1" status="release" pubdate="20081028122721" resolver="local" artresolver="local" homepage="http://java.sun.com/products/jta" downloaded="false" searched="false" default="false" conf="default(compile), default, compile, runtime, master" position="31">
				<metadata-artifact status="no" details="" size="2345" time="0" location="D:\play-2.1.1\framework\.\..\repository\cache\javax.transaction\jta\ivy-1.1.xml" searched="false" origin-is-local="true" origin-location="D:\play-2.1.1\repository\local\javax.transaction\jta\1.1\ivys\ivy.xml"/>
				<caller organisation="play" name="play_2.10" conf="compile" rev="1.1" rev-constraint-default="1.1" rev-constraint-dynamic="1.1" callerrev="2.1.1"/>
				<artifacts>
					<artifact name="jta" type="jar" ext="jar" status="no" details="" size="15071" time="0" location="D:\play-2.1.1\repository\local\javax.transaction\jta\1.1\jars\jta.jar">
						<origin-location is-local="true" location="D:\play-2.1.1\repository\local\javax.transaction\jta\1.1\jars\jta.jar"/>
					</artifact>
				</artifacts>
			</revision>
		</module>
		<module organisation="org.scala-lang" name="scala-reflect">
			<revision name="2.10.0" status="release" pubdate="20121220182932" resolver="local" artresolver="local" homepage="http://www.scala-lang.org/" downloaded="false" searched="false" default="false" conf="default(compile), default, compile, runtime, master" position="32">
				<license name="BSD-like" url="http://www.scala-lang.org/downloads/license.html    "/>
				<metadata-artifact status="no" details="" size="2543" time="0" location="D:\play-2.1.1\framework\.\..\repository\cache\org.scala-lang\scala-reflect\ivy-2.10.0.xml" searched="false" origin-is-local="true" origin-location="D:\play-2.1.1\repository\local\org.scala-lang\scala-reflect\2.10.0\ivys\ivy.xml"/>
				<caller organisation="play" name="play_2.10" conf="compile" rev="2.10.0" rev-constraint-default="2.10.0" rev-constraint-dynamic="2.10.0" callerrev="2.1.1"/>
				<artifacts>
					<artifact name="scala-reflect" type="jar" ext="jar" status="no" details="" size="3149351" time="0" location="D:\play-2.1.1\repository\local\org.scala-lang\scala-reflect\2.10.0\jars\scala-reflect.jar">
						<origin-location is-local="true" location="D:\play-2.1.1\repository\local\org.scala-lang\scala-reflect\2.10.0\jars\scala-reflect.jar"/>
					</artifact>
				</artifacts>
			</revision>
		</module>
		<module organisation="play" name="play-exceptions">
			<revision name="2.1.1" status="release" pubdate="20130402200943" resolver="local" artresolver="local" downloaded="false" searched="false" default="false" conf="default(compile), compile" position="4">
				<metadata-artifact status="no" details="" size="1229" time="0" location="D:\play-2.1.1\framework\.\..\repository\cache\play\play-exceptions\ivy-2.1.1.xml" searched="false" origin-is-local="true" origin-location="D:\play-2.1.1\repository\local\play\play-exceptions\2.1.1\ivys\ivy.xml"/>
				<caller organisation="play" name="play_2.10" conf="compile" rev="2.1.1" rev-constraint-default="2.1.1" rev-constraint-dynamic="2.1.1" callerrev="2.1.1"/>
				<artifacts>
					<artifact name="play-exceptions" type="jar" ext="jar" status="no" details="" size="4558" time="0" location="D:\play-2.1.1\repository\local\play\play-exceptions\2.1.1\jars\play-exceptions.jar">
						<origin-location is-local="true" location="D:\play-2.1.1\repository\local\play\play-exceptions\2.1.1\jars\play-exceptions.jar"/>
					</artifact>
				</artifacts>
			</revision>
		</module>
		<module organisation="play" name="sbt-link">
			<revision name="2.1.1" status="release" pubdate="20130402200944" resolver="local" artresolver="local" downloaded="false" searched="false" default="false" conf="default(compile), compile" position="2">
				<metadata-artifact status="no" details="" size="1708" time="0" location="D:\play-2.1.1\framework\.\..\repository\cache\play\sbt-link\ivy-2.1.1.xml" searched="false" origin-is-local="true" origin-location="D:\play-2.1.1\repository\local\play\sbt-link\2.1.1\ivys\ivy.xml"/>
				<caller organisation="play" name="play_2.10" conf="compile" rev="2.1.1" rev-constraint-default="2.1.1" rev-constraint-dynamic="2.1.1" callerrev="2.1.1"/>
				<artifacts>
					<artifact name="sbt-link" type="jar" ext="jar" status="no" details="" size="8480" time="0" location="D:\play-2.1.1\repository\local\play\sbt-link\2.1.1\jars\sbt-link.jar">
						<origin-location is-local="true" location="D:\play-2.1.1\repository\local\play\sbt-link\2.1.1\jars\sbt-link.jar"/>
					</artifact>
				</artifacts>
			</revision>
		</module>
		<module organisation="org.javassist" name="javassist">
			<revision name="3.16.1-GA" status="release" pubdate="20120307023712" resolver="local" artresolver="local" homepage="http://www.javassist.org/" downloaded="false" searched="false" default="false" conf="default(compile), default, compile, runtime, master, master(*), compile(*), runtime(*)" position="3">
				<license name="MPL 1.1" url="http://www.mozilla.org/MPL/MPL-1.1.html"/>
				<license name="LGPL 2.1" url="http://www.gnu.org/licenses/lgpl-2.1.html"/>
				<license name="Apache License 2.0" url="http://www.apache.org/licenses/"/>
				<metadata-artifact status="no" details="" size="3053" time="0" location="D:\play-2.1.1\framework\.\..\repository\cache\org.javassist\javassist\ivy-3.16.1-GA.xml" searched="false" origin-is-local="true" origin-location="D:\play-2.1.1\repository\local\org.javassist\javassist\3.16.1-GA\ivys\ivy.xml"/>
				<caller organisation="org.hibernate" name="hibernate-entitymanager" conf="default, compile, runtime, master" rev="3.15.0-GA" rev-constraint-default="3.15.0-GA" rev-constraint-dynamic="3.15.0-GA" callerrev="4.2.2.Final"/>
				<caller organisation="play" name="sbt-link" conf="compile" rev="3.16.1-GA" rev-constraint-default="3.16.1-GA" rev-constraint-dynamic="3.16.1-GA" callerrev="2.1.1"/>
				<caller organisation="org.hibernate" name="hibernate-core" conf="compile, runtime" rev="3.15.0-GA" rev-constraint-default="3.15.0-GA" rev-constraint-dynamic="3.15.0-GA" callerrev="4.2.2.Final"/>
				<caller organisation="play" name="play-java_2.10" conf="compile" rev="3.16.1-GA" rev-constraint-default="3.16.1-GA" rev-constraint-dynamic="3.16.1-GA" callerrev="2.1.1"/>
				<artifacts>
					<artifact name="javassist" type="jar" ext="jar" status="no" details="" size="659343" time="0" location="D:\play-2.1.1\repository\local\org.javassist\javassist\3.16.1-GA\jars\javassist.jar">
						<origin-location is-local="true" location="D:\play-2.1.1\repository\local\org.javassist\javassist\3.16.1-GA\jars\javassist.jar"/>
					</artifact>
				</artifacts>
			</revision>
			<revision name="3.15.0-GA" evicted="latest-revision" evicted-reason="" downloaded="false" searched="false" conf="compile, master(*), runtime, compile(*), runtime(*), master" position="-1">
				<evicted-by rev="3.16.1-GA"/>
				<caller organisation="org.hibernate" name="hibernate-entitymanager" conf="default, compile, runtime, master" rev="3.15.0-GA" rev-constraint-default="3.15.0-GA" rev-constraint-dynamic="3.15.0-GA" callerrev="4.2.2.Final"/>
				<caller organisation="org.hibernate" name="hibernate-core" conf="compile, runtime" rev="3.15.0-GA" rev-constraint-default="3.15.0-GA" rev-constraint-dynamic="3.15.0-GA" callerrev="4.2.2.Final"/>
				<artifacts>
				</artifacts>
			</revision>
		</module>
		<module organisation="org.scala-lang" name="scala-library">
			<revision name="2.10.0" status="release" pubdate="20121220182916" resolver="local" artresolver="local" homepage="http://www.scala-lang.org/" downloaded="false" searched="false" default="false" conf="default(compile), default, compile, master(*), compile(*), runtime, runtime(*), master" position="0">
				<license name="BSD-like" url="http://www.scala-lang.org/downloads/license.html          "/>
				<metadata-artifact status="no" details="" size="2383" time="0" location="D:\play-2.1.1\framework\.\..\repository\cache\org.scala-lang\scala-library\ivy-2.10.0.xml" searched="false" origin-is-local="true" origin-location="D:\play-2.1.1\repository\local\org.scala-lang\scala-library\2.10.0\ivys\ivy.xml"/>
				<caller organisation="com.typesafe.akka" name="akka-slf4j_2.10" conf="default, compile, runtime, master" rev="2.10.0" rev-constraint-default="2.10.0" rev-constraint-dynamic="2.10.0" callerrev="2.1.0"/>
				<caller organisation="org.specs2" name="scalaz-concurrent_2.10" conf="compile, runtime" rev="2.10.0" rev-constraint-default="2.10.0" rev-constraint-dynamic="2.10.0" callerrev="7.0.0"/>
				<caller organisation="org.specs2" name="scalaz-core_2.10" conf="compile, runtime" rev="2.10.0" rev-constraint-default="2.10.0" rev-constraint-dynamic="2.10.0" callerrev="7.0.0"/>
				<caller organisation="org.scala-lang" name="scala-reflect" conf="default, compile, runtime, master" rev="2.10.0" rev-constraint-default="2.10.0" rev-constraint-dynamic="2.10.0" callerrev="2.10.0"/>
				<caller organisation="org.scala-stm" name="scala-stm_2.10.0" conf="default, compile, runtime, master" rev="2.10.0" rev-constraint-default="2.10.0" rev-constraint-dynamic="2.10.0" callerrev="0.6"/>
				<caller organisation="com.jsuereth" name="scala-arm_2.10" conf="compile, runtime" rev="2.10.0" rev-constraint-default="2.10.0" rev-constraint-dynamic="2.10.0" callerrev="1.3"/>
				<caller organisation="org.specs2" name="scalaz-effect_2.10" conf="compile, runtime" rev="2.10.0" rev-constraint-default="2.10.0" rev-constraint-dynamic="2.10.0" callerrev="7.0.0"/>
				<caller organisation="com.typesafe.akka" name="akka-actor_2.10" conf="default, compile, runtime, master" rev="2.10.0" rev-constraint-default="2.10.0" rev-constraint-dynamic="2.10.0" callerrev="2.1.0"/>
				<caller organisation="com.github.scala-incubator.io" name="scala-io-core_2.10" conf="compile, runtime" rev="2.10.0" rev-constraint-default="2.10.0" rev-constraint-dynamic="2.10.0" callerrev="0.4.2"/>
				<caller organisation="com.github.scala-incubator.io" name="scala-io-file_2.10" conf="default, compile, runtime, master" rev="2.10.0" rev-constraint-default="2.10.0" rev-constraint-dynamic="2.10.0" callerrev="0.4.2"/>
				<caller organisation="hssy" name="hssy_2.10" conf="test-internal, test, optional, compile, provided, runtime" rev="2.10.0" rev-constraint-default="2.10.0" rev-constraint-dynamic="2.10.0" callerrev="1.0"/>
				<artifacts>
				</artifacts>
			</revision>
		</module>
	</dependencies>
</ivy-report>
